[PARSEC] [========== PARSEC 3.0-beta-20150206 BUILD LOGFILE ==========]

[PARSEC] Build amd64-linux.gcc started on Wed Nov 13 16:21:37 EST 2019.
[PARSEC] Packages to build:  parsec.fluidanimate

[PARSEC] [========== Building package parsec.fluidanimate [1] ==========]
[PARSEC] [---------- Analyzing package parsec.fluidanimate ----------]
[PARSEC] parsec.fluidanimate does not depend on any other packages.
[PARSEC] [---------- Building package parsec.fluidanimate ----------]
[PARSEC] Copying source code of package parsec.fluidanimate.
[PARSEC] Running 'env version=pthreads /usr/bin/make':
/usr/bin/make -f Makefile.pthreads all
make[1]: Entering directory '/home/rohan/uforea/parsec-3.0/pkgs/apps/fluidanimate/obj/amd64-linux.gcc'
/usr/bin/g++ -O3 -g -funroll-loops -fprefetch-loop-arrays -fpermissive -fno-exceptions -static-libgcc -Wl,--hash-style=both,--as-needed -DPARSEC_VERSION=3.0-beta-20150206 -Wno-invalid-offsetof -pthread -D_GNU_SOURCE -D__XOPEN_SOURCE=600 -c pthreads.cpp
/usr/bin/g++ -O3 -g -funroll-loops -fprefetch-loop-arrays -fpermissive -fno-exceptions -static-libgcc -Wl,--hash-style=both,--as-needed -DPARSEC_VERSION=3.0-beta-20150206 -Wno-invalid-offsetof -pthread -D_GNU_SOURCE -D__XOPEN_SOURCE=600 -c cellpool.cpp
/usr/bin/g++ -O3 -g -funroll-loops -fprefetch-loop-arrays -fpermissive -fno-exceptions -static-libgcc -Wl,--hash-style=both,--as-needed -DPARSEC_VERSION=3.0-beta-20150206 -Wno-invalid-offsetof -pthread -D_GNU_SOURCE -D__XOPEN_SOURCE=600 -c parsec_barrier.cpp
/usr/bin/g++ -O3 -g -funroll-loops -fprefetch-loop-arrays -fpermissive -fno-exceptions -static-libgcc -Wl,--hash-style=both,--as-needed -DPARSEC_VERSION=3.0-beta-20150206 -Wno-invalid-offsetof -pthread -D_GNU_SOURCE -D__XOPEN_SOURCE=600 pthreads.o cellpool.o parsec_barrier.o -L/usr/lib64 -L/usr/lib  -o fluidanimate
rm -rf fluidcmp
/usr/bin/g++ -O3 -g -funroll-loops -fprefetch-loop-arrays -fpermissive -fno-exceptions -static-libgcc -Wl,--hash-style=both,--as-needed -DPARSEC_VERSION=3.0-beta-20150206 -Wno-invalid-offsetof -pthread -D_GNU_SOURCE -D__XOPEN_SOURCE=600 fluidcmp.cpp -o fluidcmp
make[1]: Leaving directory '/home/rohan/uforea/parsec-3.0/pkgs/apps/fluidanimate/obj/amd64-linux.gcc'
[PARSEC] Running 'env version=pthreads /usr/bin/make install':
mkdir -p /home/rohan/uforea/parsec-3.0/pkgs/apps/fluidanimate/inst/amd64-linux.gcc/bin
cp -f fluidanimate /home/rohan/uforea/parsec-3.0/pkgs/apps/fluidanimate/inst/amd64-linux.gcc/bin
cp -f fluidcmp /home/rohan/uforea/parsec-3.0/pkgs/apps/fluidanimate/inst/amd64-linux.gcc/bin
[PARSEC] Done.
