[PARSEC] [========== PARSEC 3.0-beta-20150206 BUILD LOGFILE ==========]

[PARSEC] Build amd64-linux.gcc started on Wed Nov 13 16:20:33 EST 2019.
[PARSEC] Packages to build:  parsec.swaptions

[PARSEC] [========== Building package parsec.swaptions [1] ==========]
[PARSEC] [---------- Analyzing package parsec.swaptions ----------]
[PARSEC] parsec.swaptions depends on: tbblib
[PARSEC] [---------- Analyzing package parsec.tbblib ----------]
[PARSEC] parsec.tbblib does not depend on any other packages.
[PARSEC] [---------- Building package parsec.tbblib ----------]
[PARSEC] Copying source code of package parsec.tbblib.
[PARSEC] Running 'env compiler=gcc PATH=/usr/bin:/home/rohan/uforea/parsec-3.0/bin:/home/rohan/.local/bin:/usr/local/sbin:/usr/local/bin:/usr/sbin:/usr/bin:/sbin:/bin:/usr/games:/usr/local/games:/snap/bin:/home/rohan/uforea/parsec-3.0/bin CXXFLAGS=-O3 -g -funroll-loops -fprefetch-loop-arrays -fpermissive -fno-exceptions -static-libgcc -Wl,--hash-style=both,--as-needed -DPARSEC_VERSION=3.0-beta-20150206 -fexceptions /usr/bin/make':
Created ./build/linux_intel64_gcc_cc7.4.0_libc2.27_kernel4.15.0_release and ..._debug directories
/usr/bin/make -C "./build/linux_intel64_gcc_cc7.4.0_libc2.27_kernel4.15.0_debug"  -r -f ../../build/Makefile.tbb cfg=debug tbb_root=../..
make[1]: Entering directory '/home/rohan/uforea/parsec-3.0/pkgs/libs/tbblib/obj/amd64-linux.gcc/build/linux_intel64_gcc_cc7.4.0_libc2.27_kernel4.15.0_debug'
g++  -c -MMD -DTBB_USE_DEBUG -DDO_ITT_NOTIFY -g -O0 -DUSE_PTHREAD -m64 -fPIC -D__TBB_BUILD=1 -Wall -Wno-parentheses -Wno-non-virtual-dtor -O3 -g -funroll-loops -fprefetch-loop-arrays -fpermissive -fno-exceptions -static-libgcc -Wl,--hash-style=both,--as-needed -DPARSEC_VERSION=3.0-beta-20150206 -fexceptions   -I../../src -I../../src/rml/include -I../../include ../../src/tbb/concurrent_hash_map.cpp
g++  -c -MMD -DTBB_USE_DEBUG -DDO_ITT_NOTIFY -g -O0 -DUSE_PTHREAD -m64 -fPIC -D__TBB_BUILD=1 -Wall -Wno-parentheses -Wno-non-virtual-dtor -O3 -g -funroll-loops -fprefetch-loop-arrays -fpermissive -fno-exceptions -static-libgcc -Wl,--hash-style=both,--as-needed -DPARSEC_VERSION=3.0-beta-20150206 -fexceptions   -I../../src -I../../src/rml/include -I../../include ../../src/tbb/concurrent_queue.cpp
g++  -c -MMD -DTBB_USE_DEBUG -DDO_ITT_NOTIFY -g -O0 -DUSE_PTHREAD -m64 -fPIC -D__TBB_BUILD=1 -Wall -Wno-parentheses -Wno-non-virtual-dtor -O3 -g -funroll-loops -fprefetch-loop-arrays -fpermissive -fno-exceptions -static-libgcc -Wl,--hash-style=both,--as-needed -DPARSEC_VERSION=3.0-beta-20150206 -fexceptions   -I../../src -I../../src/rml/include -I../../include ../../src/tbb/concurrent_vector.cpp
g++  -c -MMD -DTBB_USE_DEBUG -DDO_ITT_NOTIFY -g -O0 -DUSE_PTHREAD -m64 -fPIC -D__TBB_BUILD=1 -Wall -Wno-parentheses -Wno-non-virtual-dtor -O3 -g -funroll-loops -fprefetch-loop-arrays -fpermissive -fno-exceptions -static-libgcc -Wl,--hash-style=both,--as-needed -DPARSEC_VERSION=3.0-beta-20150206 -fexceptions   -I../../src -I../../src/rml/include -I../../include ../../src/tbb/dynamic_link.cpp
g++  -c -MMD -DTBB_USE_DEBUG -DDO_ITT_NOTIFY -g -O0 -DUSE_PTHREAD -m64 -fPIC -D__TBB_BUILD=1 -Wall -Wno-parentheses -Wno-non-virtual-dtor -O3 -g -funroll-loops -fprefetch-loop-arrays -fpermissive -fno-exceptions -static-libgcc -Wl,--hash-style=both,--as-needed -DPARSEC_VERSION=3.0-beta-20150206 -fexceptions   -I../../src -I../../src/rml/include -I../../include ../../src/tbb/itt_notify.cpp
g++  -c -MMD -DTBB_USE_DEBUG -DDO_ITT_NOTIFY -g -O0 -DUSE_PTHREAD -m64 -fPIC -D__TBB_BUILD=1 -Wall -Wno-parentheses -Wno-non-virtual-dtor -O3 -g -funroll-loops -fprefetch-loop-arrays -fpermissive -fno-exceptions -static-libgcc -Wl,--hash-style=both,--as-needed -DPARSEC_VERSION=3.0-beta-20150206 -fexceptions   -I../../src -I../../src/rml/include -I../../include ../../src/tbb/cache_aligned_allocator.cpp
g++  -c -MMD -DTBB_USE_DEBUG -DDO_ITT_NOTIFY -g -O0 -DUSE_PTHREAD -m64 -fPIC -D__TBB_BUILD=1 -Wall -Wno-parentheses -Wno-non-virtual-dtor -O3 -g -funroll-loops -fprefetch-loop-arrays -fpermissive -fno-exceptions -static-libgcc -Wl,--hash-style=both,--as-needed -DPARSEC_VERSION=3.0-beta-20150206 -fexceptions   -I../../src -I../../src/rml/include -I../../include ../../src/tbb/pipeline.cpp
g++  -c -MMD -DTBB_USE_DEBUG -DDO_ITT_NOTIFY -g -O0 -DUSE_PTHREAD -m64 -fPIC -D__TBB_BUILD=1 -Wall -Wno-parentheses -Wno-non-virtual-dtor -O3 -g -funroll-loops -fprefetch-loop-arrays -fpermissive -fno-exceptions -static-libgcc -Wl,--hash-style=both,--as-needed -DPARSEC_VERSION=3.0-beta-20150206 -fexceptions   -I../../src -I../../src/rml/include -I../../include ../../src/tbb/queuing_mutex.cpp
g++  -c -MMD -DTBB_USE_DEBUG -DDO_ITT_NOTIFY -g -O0 -DUSE_PTHREAD -m64 -fPIC -D__TBB_BUILD=1 -Wall -Wno-parentheses -Wno-non-virtual-dtor -O3 -g -funroll-loops -fprefetch-loop-arrays -fpermissive -fno-exceptions -static-libgcc -Wl,--hash-style=both,--as-needed -DPARSEC_VERSION=3.0-beta-20150206 -fexceptions   -I../../src -I../../src/rml/include -I../../include ../../src/tbb/queuing_rw_mutex.cpp
g++  -c -MMD -DTBB_USE_DEBUG -DDO_ITT_NOTIFY -g -O0 -DUSE_PTHREAD -m64 -fPIC -D__TBB_BUILD=1 -Wall -Wno-parentheses -Wno-non-virtual-dtor -O3 -g -funroll-loops -fprefetch-loop-arrays -fpermissive -fno-exceptions -static-libgcc -Wl,--hash-style=both,--as-needed -DPARSEC_VERSION=3.0-beta-20150206 -fexceptions   -I../../src -I../../src/rml/include -I../../include ../../src/tbb/reader_writer_lock.cpp
g++  -c -MMD -DTBB_USE_DEBUG -DDO_ITT_NOTIFY -g -O0 -DUSE_PTHREAD -m64 -fPIC -D__TBB_BUILD=1 -Wall -Wno-parentheses -Wno-non-virtual-dtor -O3 -g -funroll-loops -fprefetch-loop-arrays -fpermissive -fno-exceptions -static-libgcc -Wl,--hash-style=both,--as-needed -DPARSEC_VERSION=3.0-beta-20150206 -fexceptions   -I../../src -I../../src/rml/include -I../../include ../../src/tbb/spin_rw_mutex.cpp
g++  -c -MMD -DTBB_USE_DEBUG -DDO_ITT_NOTIFY -g -O0 -DUSE_PTHREAD -m64 -fPIC -D__TBB_BUILD=1 -Wall -Wno-parentheses -Wno-non-virtual-dtor -O3 -g -funroll-loops -fprefetch-loop-arrays -fpermissive -fno-exceptions -static-libgcc -Wl,--hash-style=both,--as-needed -DPARSEC_VERSION=3.0-beta-20150206 -fexceptions   -I../../src -I../../src/rml/include -I../../include ../../src/tbb/spin_mutex.cpp
g++  -c -MMD -DTBB_USE_DEBUG -DDO_ITT_NOTIFY -g -O0 -DUSE_PTHREAD -m64 -fPIC -D__TBB_BUILD=1 -Wall -Wno-parentheses -Wno-non-virtual-dtor -O3 -g -funroll-loops -fprefetch-loop-arrays -fpermissive -fno-exceptions -static-libgcc -Wl,--hash-style=both,--as-needed -DPARSEC_VERSION=3.0-beta-20150206 -fexceptions   -I../../src -I../../src/rml/include -I../../include ../../src/tbb/critical_section.cpp
g++  -c -MMD -DTBB_USE_DEBUG -DDO_ITT_NOTIFY -g -O0 -DUSE_PTHREAD -m64 -fPIC -D__TBB_BUILD=1 -Wall -Wno-parentheses -Wno-non-virtual-dtor -O3 -g -funroll-loops -fprefetch-loop-arrays -fpermissive -fno-exceptions -static-libgcc -Wl,--hash-style=both,--as-needed -DPARSEC_VERSION=3.0-beta-20150206 -fexceptions   -I../../src -I../../src/rml/include -I../../include ../../src/tbb/task.cpp
sh ../../build/version_info_linux.sh g++  -DTBB_USE_DEBUG -DDO_ITT_NOTIFY -g -O0 -DUSE_PTHREAD -m64 -fPIC -D__TBB_BUILD=1 -Wall -Wno-parentheses -Wno-non-virtual-dtor -O3 -g -funroll-loops -fprefetch-loop-arrays -fpermissive -fno-exceptions -static-libgcc -Wl,--hash-style=both,--as-needed -DPARSEC_VERSION=3.0-beta-20150206 -fexceptions -I../../src -I../../src/rml/include -I../../include >version_string.tmp
g++  -c -MMD -DTBB_USE_DEBUG -DDO_ITT_NOTIFY -g -O0 -DUSE_PTHREAD -m64 -fPIC -D__TBB_BUILD=1 -Wall -Wno-parentheses -Wno-non-virtual-dtor -O3 -g -funroll-loops -fprefetch-loop-arrays -fpermissive -fno-exceptions -static-libgcc -Wl,--hash-style=both,--as-needed -DPARSEC_VERSION=3.0-beta-20150206 -fexceptions  -I. -I../../src -I../../src/rml/include -I../../include ../../src/tbb/tbb_misc.cpp
g++  -c -MMD -DTBB_USE_DEBUG -DDO_ITT_NOTIFY -g -O0 -DUSE_PTHREAD -m64 -fPIC -D__TBB_BUILD=1 -Wall -Wno-parentheses -Wno-non-virtual-dtor -O3 -g -funroll-loops -fprefetch-loop-arrays -fpermissive -fno-exceptions -static-libgcc -Wl,--hash-style=both,--as-needed -DPARSEC_VERSION=3.0-beta-20150206 -fexceptions   -I../../src -I../../src/rml/include -I../../include ../../src/tbb/mutex.cpp
g++  -c -MMD -DTBB_USE_DEBUG -DDO_ITT_NOTIFY -g -O0 -DUSE_PTHREAD -m64 -fPIC -D__TBB_BUILD=1 -Wall -Wno-parentheses -Wno-non-virtual-dtor -O3 -g -funroll-loops -fprefetch-loop-arrays -fpermissive -fno-exceptions -static-libgcc -Wl,--hash-style=both,--as-needed -DPARSEC_VERSION=3.0-beta-20150206 -fexceptions   -I../../src -I../../src/rml/include -I../../include ../../src/tbb/recursive_mutex.cpp
g++  -c -MMD -DTBB_USE_DEBUG -DDO_ITT_NOTIFY -g -O0 -DUSE_PTHREAD -m64 -fPIC -D__TBB_BUILD=1 -Wall -Wno-parentheses -Wno-non-virtual-dtor -O3 -g -funroll-loops -fprefetch-loop-arrays -fpermissive -fno-exceptions -static-libgcc -Wl,--hash-style=both,--as-needed -DPARSEC_VERSION=3.0-beta-20150206 -fexceptions   -I../../src -I../../src/rml/include -I../../include ../../src/tbb/condition_variable.cpp
g++  -c -MMD -DTBB_USE_DEBUG -DDO_ITT_NOTIFY -g -O0 -DUSE_PTHREAD -m64 -fPIC -D__TBB_BUILD=1 -Wall -Wno-parentheses -Wno-non-virtual-dtor -O3 -g -funroll-loops -fprefetch-loop-arrays -fpermissive -fno-exceptions -static-libgcc -Wl,--hash-style=both,--as-needed -DPARSEC_VERSION=3.0-beta-20150206 -fexceptions   -I../../src -I../../src/rml/include -I../../include ../../src/tbb/tbb_thread.cpp
g++  -c -MMD -DTBB_USE_DEBUG -DDO_ITT_NOTIFY -g -O0 -DUSE_PTHREAD -m64 -fPIC -D__TBB_BUILD=1 -Wall -Wno-parentheses -Wno-non-virtual-dtor -O3 -g -funroll-loops -fprefetch-loop-arrays -fpermissive -fno-exceptions -static-libgcc -Wl,--hash-style=both,--as-needed -DPARSEC_VERSION=3.0-beta-20150206 -fexceptions   -I../../src -I../../src/rml/include -I../../include ../../src/tbb/concurrent_monitor.cpp
g++  -c -MMD -DTBB_USE_DEBUG -DDO_ITT_NOTIFY -g -O0 -DUSE_PTHREAD -m64 -fPIC -D__TBB_BUILD=1 -Wall -Wno-parentheses -Wno-non-virtual-dtor -O3 -g -funroll-loops -fprefetch-loop-arrays -fpermissive -fno-exceptions -static-libgcc -Wl,--hash-style=both,--as-needed -DPARSEC_VERSION=3.0-beta-20150206 -fexceptions   -I../../src -I../../src/rml/include -I../../include ../../src/tbb/private_server.cpp
g++  -c -MMD -DTBB_USE_DEBUG -DDO_ITT_NOTIFY -g -O0 -DUSE_PTHREAD -m64 -fPIC -D__TBB_BUILD=1 -Wall -Wno-parentheses -Wno-non-virtual-dtor -O3 -g -funroll-loops -fprefetch-loop-arrays -fpermissive -fno-exceptions -static-libgcc -Wl,--hash-style=both,--as-needed -DPARSEC_VERSION=3.0-beta-20150206 -fexceptions   -I../../src -I../../src/rml/include -I../../include ../../src/rml/client/rml_tbb.cpp
g++  -c -MMD -DTBB_USE_DEBUG -DDO_ITT_NOTIFY -g -O0 -DUSE_PTHREAD -m64 -fPIC -D__TBB_BUILD=1 -Wall -Wno-parentheses -Wno-non-virtual-dtor -O3 -g -funroll-loops -fprefetch-loop-arrays -fpermissive -fno-exceptions -static-libgcc -Wl,--hash-style=both,--as-needed -DPARSEC_VERSION=3.0-beta-20150206 -fexceptions   -I../../src -I../../src/rml/include -I../../include ../../src/tbb/task_group_context.cpp
g++  -c -MMD -DTBB_USE_DEBUG -DDO_ITT_NOTIFY -g -O0 -DUSE_PTHREAD -m64 -fPIC -D__TBB_BUILD=1 -Wall -Wno-parentheses -Wno-non-virtual-dtor -O3 -g -funroll-loops -fprefetch-loop-arrays -fpermissive -fno-exceptions -static-libgcc -Wl,--hash-style=both,--as-needed -DPARSEC_VERSION=3.0-beta-20150206 -fexceptions   -I../../src -I../../src/rml/include -I../../include ../../src/tbb/governor.cpp
g++  -c -MMD -DTBB_USE_DEBUG -DDO_ITT_NOTIFY -g -O0 -DUSE_PTHREAD -m64 -fPIC -D__TBB_BUILD=1 -Wall -Wno-parentheses -Wno-non-virtual-dtor -O3 -g -funroll-loops -fprefetch-loop-arrays -fpermissive -fno-exceptions -static-libgcc -Wl,--hash-style=both,--as-needed -DPARSEC_VERSION=3.0-beta-20150206 -fexceptions   -I../../src -I../../src/rml/include -I../../include ../../src/tbb/market.cpp
g++  -c -MMD -DTBB_USE_DEBUG -DDO_ITT_NOTIFY -g -O0 -DUSE_PTHREAD -m64 -fPIC -D__TBB_BUILD=1 -Wall -Wno-parentheses -Wno-non-virtual-dtor -O3 -g -funroll-loops -fprefetch-loop-arrays -fpermissive -fno-exceptions -static-libgcc -Wl,--hash-style=both,--as-needed -DPARSEC_VERSION=3.0-beta-20150206 -fexceptions   -I../../src -I../../src/rml/include -I../../include ../../src/tbb/arena.cpp
g++  -c -MMD -DTBB_USE_DEBUG -DDO_ITT_NOTIFY -g -O0 -DUSE_PTHREAD -m64 -fPIC -D__TBB_BUILD=1 -Wall -Wno-parentheses -Wno-non-virtual-dtor -O3 -g -funroll-loops -fprefetch-loop-arrays -fpermissive -fno-exceptions -static-libgcc -Wl,--hash-style=both,--as-needed -DPARSEC_VERSION=3.0-beta-20150206 -fexceptions   -I../../src -I../../src/rml/include -I../../include ../../src/tbb/scheduler.cpp
g++  -c -MMD -DTBB_USE_DEBUG -DDO_ITT_NOTIFY -g -O0 -DUSE_PTHREAD -m64 -fPIC -D__TBB_BUILD=1 -Wall -Wno-parentheses -Wno-non-virtual-dtor -O3 -g -funroll-loops -fprefetch-loop-arrays -fpermissive -fno-exceptions -static-libgcc -Wl,--hash-style=both,--as-needed -DPARSEC_VERSION=3.0-beta-20150206 -fexceptions   -I../../src -I../../src/rml/include -I../../include ../../src/tbb/observer_proxy.cpp
g++  -c -MMD -DTBB_USE_DEBUG -DDO_ITT_NOTIFY -g -O0 -DUSE_PTHREAD -m64 -fPIC -D__TBB_BUILD=1 -Wall -Wno-parentheses -Wno-non-virtual-dtor -O3 -g -funroll-loops -fprefetch-loop-arrays -fpermissive -fno-exceptions -static-libgcc -Wl,--hash-style=both,--as-needed -DPARSEC_VERSION=3.0-beta-20150206 -fexceptions   -I../../src -I../../src/rml/include -I../../include ../../src/tbb/tbb_main.cpp
g++  -c -MMD -DTBB_USE_DEBUG -DDO_ITT_NOTIFY -g -O0 -DUSE_PTHREAD -m64 -fPIC -D__TBB_BUILD=1 -Wall -Wno-parentheses -Wno-non-virtual-dtor -O3 -g -funroll-loops -fprefetch-loop-arrays -fpermissive -fno-exceptions -static-libgcc -Wl,--hash-style=both,--as-needed -DPARSEC_VERSION=3.0-beta-20150206 -fexceptions   -I../../src -I../../src/rml/include -I../../include ../../src/old/concurrent_vector_v2.cpp
g++  -c -MMD -DTBB_USE_DEBUG -DDO_ITT_NOTIFY -g -O0 -DUSE_PTHREAD -m64 -fPIC -D__TBB_BUILD=1 -Wall -Wno-parentheses -Wno-non-virtual-dtor -O3 -g -funroll-loops -fprefetch-loop-arrays -fpermissive -fno-exceptions -static-libgcc -Wl,--hash-style=both,--as-needed -DPARSEC_VERSION=3.0-beta-20150206 -fexceptions   -I../../src -I../../src/rml/include -I../../include ../../src/old/concurrent_queue_v2.cpp
g++  -c -MMD -DTBB_USE_DEBUG -DDO_ITT_NOTIFY -g -O0 -DUSE_PTHREAD -m64 -fPIC -D__TBB_BUILD=1 -Wall -Wno-parentheses -Wno-non-virtual-dtor -O3 -g -funroll-loops -fprefetch-loop-arrays -fpermissive -fno-exceptions -static-libgcc -Wl,--hash-style=both,--as-needed -DPARSEC_VERSION=3.0-beta-20150206 -fexceptions   -I../../src -I../../src/rml/include -I../../include ../../src/old/spin_rw_mutex_v2.cpp
g++  -c -MMD -DTBB_USE_DEBUG -DDO_ITT_NOTIFY -g -O0 -DUSE_PTHREAD -m64 -fPIC -D__TBB_BUILD=1 -Wall -Wno-parentheses -Wno-non-virtual-dtor -O3 -g -funroll-loops -fprefetch-loop-arrays -fpermissive -fno-exceptions -static-libgcc -Wl,--hash-style=both,--as-needed -DPARSEC_VERSION=3.0-beta-20150206 -fexceptions   -I../../src -I../../src/rml/include -I../../include ../../src/old/task_v2.cpp
sh ../../build/generate_tbbvars.sh
echo "INPUT (libtbb_debug.so.2)" > libtbb_debug.so
sh -c "g++  -E -x c ../../src/tbb/lin64-tbb-export.def -I../../src -I../../src/rml/include -I../../include -DTBB_USE_DEBUG -DDO_ITT_NOTIFY -g -O0 -DUSE_PTHREAD -m64 -fPIC -D__TBB_BUILD=1 -Wall -Wno-parentheses -Wno-non-virtual-dtor -O3 -g -funroll-loops -fprefetch-loop-arrays -fpermissive -fno-exceptions -static-libgcc -Wl,--hash-style=both,--as-needed -DPARSEC_VERSION=3.0-beta-20150206 -fexceptions >tbb.def 2>/dev/null || exit 0"
/usr/bin/ar rcs libtbb.a concurrent_hash_map.o concurrent_queue.o concurrent_vector.o dynamic_link.o itt_notify.o cache_aligned_allocator.o pipeline.o queuing_mutex.o queuing_rw_mutex.o reader_writer_lock.o spin_rw_mutex.o spin_mutex.o critical_section.o task.o tbb_misc.o mutex.o recursive_mutex.o condition_variable.o tbb_thread.o concurrent_monitor.o private_server.o rml_tbb.o task_group_context.o governor.o market.o arena.o scheduler.o observer_proxy.o tbb_main.o concurrent_vector_v2.o concurrent_queue_v2.o spin_rw_mutex_v2.o task_v2.o 
/usr/bin/ranlib libtbb.a
make[1]: Leaving directory '/home/rohan/uforea/parsec-3.0/pkgs/libs/tbblib/obj/amd64-linux.gcc/build/linux_intel64_gcc_cc7.4.0_libc2.27_kernel4.15.0_debug'
/usr/bin/make -C "./build/linux_intel64_gcc_cc7.4.0_libc2.27_kernel4.15.0_release"  -r -f ../../build/Makefile.tbb cfg=release tbb_root=../..
make[1]: Entering directory '/home/rohan/uforea/parsec-3.0/pkgs/libs/tbblib/obj/amd64-linux.gcc/build/linux_intel64_gcc_cc7.4.0_libc2.27_kernel4.15.0_release'
g++  -c -MMD -DDO_ITT_NOTIFY -O2 -DUSE_PTHREAD -m64 -fPIC -D__TBB_BUILD=1 -Wall -Wno-parentheses -Wno-non-virtual-dtor -O3 -g -funroll-loops -fprefetch-loop-arrays -fpermissive -fno-exceptions -static-libgcc -Wl,--hash-style=both,--as-needed -DPARSEC_VERSION=3.0-beta-20150206 -fexceptions   -I../../src -I../../src/rml/include -I../../include ../../src/tbb/concurrent_hash_map.cpp
g++  -c -MMD -DDO_ITT_NOTIFY -O2 -DUSE_PTHREAD -m64 -fPIC -D__TBB_BUILD=1 -Wall -Wno-parentheses -Wno-non-virtual-dtor -O3 -g -funroll-loops -fprefetch-loop-arrays -fpermissive -fno-exceptions -static-libgcc -Wl,--hash-style=both,--as-needed -DPARSEC_VERSION=3.0-beta-20150206 -fexceptions   -I../../src -I../../src/rml/include -I../../include ../../src/tbb/concurrent_queue.cpp
g++  -c -MMD -DDO_ITT_NOTIFY -O2 -DUSE_PTHREAD -m64 -fPIC -D__TBB_BUILD=1 -Wall -Wno-parentheses -Wno-non-virtual-dtor -O3 -g -funroll-loops -fprefetch-loop-arrays -fpermissive -fno-exceptions -static-libgcc -Wl,--hash-style=both,--as-needed -DPARSEC_VERSION=3.0-beta-20150206 -fexceptions   -I../../src -I../../src/rml/include -I../../include ../../src/tbb/concurrent_vector.cpp
g++  -c -MMD -DDO_ITT_NOTIFY -O2 -DUSE_PTHREAD -m64 -fPIC -D__TBB_BUILD=1 -Wall -Wno-parentheses -Wno-non-virtual-dtor -O3 -g -funroll-loops -fprefetch-loop-arrays -fpermissive -fno-exceptions -static-libgcc -Wl,--hash-style=both,--as-needed -DPARSEC_VERSION=3.0-beta-20150206 -fexceptions   -I../../src -I../../src/rml/include -I../../include ../../src/tbb/dynamic_link.cpp
g++  -c -MMD -DDO_ITT_NOTIFY -O2 -DUSE_PTHREAD -m64 -fPIC -D__TBB_BUILD=1 -Wall -Wno-parentheses -Wno-non-virtual-dtor -O3 -g -funroll-loops -fprefetch-loop-arrays -fpermissive -fno-exceptions -static-libgcc -Wl,--hash-style=both,--as-needed -DPARSEC_VERSION=3.0-beta-20150206 -fexceptions   -I../../src -I../../src/rml/include -I../../include ../../src/tbb/itt_notify.cpp
g++  -c -MMD -DDO_ITT_NOTIFY -O2 -DUSE_PTHREAD -m64 -fPIC -D__TBB_BUILD=1 -Wall -Wno-parentheses -Wno-non-virtual-dtor -O3 -g -funroll-loops -fprefetch-loop-arrays -fpermissive -fno-exceptions -static-libgcc -Wl,--hash-style=both,--as-needed -DPARSEC_VERSION=3.0-beta-20150206 -fexceptions   -I../../src -I../../src/rml/include -I../../include ../../src/tbb/cache_aligned_allocator.cpp
g++  -c -MMD -DDO_ITT_NOTIFY -O2 -DUSE_PTHREAD -m64 -fPIC -D__TBB_BUILD=1 -Wall -Wno-parentheses -Wno-non-virtual-dtor -O3 -g -funroll-loops -fprefetch-loop-arrays -fpermissive -fno-exceptions -static-libgcc -Wl,--hash-style=both,--as-needed -DPARSEC_VERSION=3.0-beta-20150206 -fexceptions   -I../../src -I../../src/rml/include -I../../include ../../src/tbb/pipeline.cpp
g++  -c -MMD -DDO_ITT_NOTIFY -O2 -DUSE_PTHREAD -m64 -fPIC -D__TBB_BUILD=1 -Wall -Wno-parentheses -Wno-non-virtual-dtor -O3 -g -funroll-loops -fprefetch-loop-arrays -fpermissive -fno-exceptions -static-libgcc -Wl,--hash-style=both,--as-needed -DPARSEC_VERSION=3.0-beta-20150206 -fexceptions   -I../../src -I../../src/rml/include -I../../include ../../src/tbb/queuing_mutex.cpp
g++  -c -MMD -DDO_ITT_NOTIFY -O2 -DUSE_PTHREAD -m64 -fPIC -D__TBB_BUILD=1 -Wall -Wno-parentheses -Wno-non-virtual-dtor -O3 -g -funroll-loops -fprefetch-loop-arrays -fpermissive -fno-exceptions -static-libgcc -Wl,--hash-style=both,--as-needed -DPARSEC_VERSION=3.0-beta-20150206 -fexceptions   -I../../src -I../../src/rml/include -I../../include ../../src/tbb/queuing_rw_mutex.cpp
g++  -c -MMD -DDO_ITT_NOTIFY -O2 -DUSE_PTHREAD -m64 -fPIC -D__TBB_BUILD=1 -Wall -Wno-parentheses -Wno-non-virtual-dtor -O3 -g -funroll-loops -fprefetch-loop-arrays -fpermissive -fno-exceptions -static-libgcc -Wl,--hash-style=both,--as-needed -DPARSEC_VERSION=3.0-beta-20150206 -fexceptions   -I../../src -I../../src/rml/include -I../../include ../../src/tbb/reader_writer_lock.cpp
g++  -c -MMD -DDO_ITT_NOTIFY -O2 -DUSE_PTHREAD -m64 -fPIC -D__TBB_BUILD=1 -Wall -Wno-parentheses -Wno-non-virtual-dtor -O3 -g -funroll-loops -fprefetch-loop-arrays -fpermissive -fno-exceptions -static-libgcc -Wl,--hash-style=both,--as-needed -DPARSEC_VERSION=3.0-beta-20150206 -fexceptions   -I../../src -I../../src/rml/include -I../../include ../../src/tbb/spin_rw_mutex.cpp
g++  -c -MMD -DDO_ITT_NOTIFY -O2 -DUSE_PTHREAD -m64 -fPIC -D__TBB_BUILD=1 -Wall -Wno-parentheses -Wno-non-virtual-dtor -O3 -g -funroll-loops -fprefetch-loop-arrays -fpermissive -fno-exceptions -static-libgcc -Wl,--hash-style=both,--as-needed -DPARSEC_VERSION=3.0-beta-20150206 -fexceptions   -I../../src -I../../src/rml/include -I../../include ../../src/tbb/spin_mutex.cpp
g++  -c -MMD -DDO_ITT_NOTIFY -O2 -DUSE_PTHREAD -m64 -fPIC -D__TBB_BUILD=1 -Wall -Wno-parentheses -Wno-non-virtual-dtor -O3 -g -funroll-loops -fprefetch-loop-arrays -fpermissive -fno-exceptions -static-libgcc -Wl,--hash-style=both,--as-needed -DPARSEC_VERSION=3.0-beta-20150206 -fexceptions   -I../../src -I../../src/rml/include -I../../include ../../src/tbb/critical_section.cpp
g++  -c -MMD -DDO_ITT_NOTIFY -O2 -DUSE_PTHREAD -m64 -fPIC -D__TBB_BUILD=1 -Wall -Wno-parentheses -Wno-non-virtual-dtor -O3 -g -funroll-loops -fprefetch-loop-arrays -fpermissive -fno-exceptions -static-libgcc -Wl,--hash-style=both,--as-needed -DPARSEC_VERSION=3.0-beta-20150206 -fexceptions   -I../../src -I../../src/rml/include -I../../include ../../src/tbb/task.cpp
sh ../../build/version_info_linux.sh g++  -DDO_ITT_NOTIFY -O2 -DUSE_PTHREAD -m64 -fPIC -D__TBB_BUILD=1 -Wall -Wno-parentheses -Wno-non-virtual-dtor -O3 -g -funroll-loops -fprefetch-loop-arrays -fpermissive -fno-exceptions -static-libgcc -Wl,--hash-style=both,--as-needed -DPARSEC_VERSION=3.0-beta-20150206 -fexceptions -I../../src -I../../src/rml/include -I../../include >version_string.tmp
g++  -c -MMD -DDO_ITT_NOTIFY -O2 -DUSE_PTHREAD -m64 -fPIC -D__TBB_BUILD=1 -Wall -Wno-parentheses -Wno-non-virtual-dtor -O3 -g -funroll-loops -fprefetch-loop-arrays -fpermissive -fno-exceptions -static-libgcc -Wl,--hash-style=both,--as-needed -DPARSEC_VERSION=3.0-beta-20150206 -fexceptions  -I. -I../../src -I../../src/rml/include -I../../include ../../src/tbb/tbb_misc.cpp
g++  -c -MMD -DDO_ITT_NOTIFY -O2 -DUSE_PTHREAD -m64 -fPIC -D__TBB_BUILD=1 -Wall -Wno-parentheses -Wno-non-virtual-dtor -O3 -g -funroll-loops -fprefetch-loop-arrays -fpermissive -fno-exceptions -static-libgcc -Wl,--hash-style=both,--as-needed -DPARSEC_VERSION=3.0-beta-20150206 -fexceptions   -I../../src -I../../src/rml/include -I../../include ../../src/tbb/mutex.cpp
g++  -c -MMD -DDO_ITT_NOTIFY -O2 -DUSE_PTHREAD -m64 -fPIC -D__TBB_BUILD=1 -Wall -Wno-parentheses -Wno-non-virtual-dtor -O3 -g -funroll-loops -fprefetch-loop-arrays -fpermissive -fno-exceptions -static-libgcc -Wl,--hash-style=both,--as-needed -DPARSEC_VERSION=3.0-beta-20150206 -fexceptions   -I../../src -I../../src/rml/include -I../../include ../../src/tbb/recursive_mutex.cpp
g++  -c -MMD -DDO_ITT_NOTIFY -O2 -DUSE_PTHREAD -m64 -fPIC -D__TBB_BUILD=1 -Wall -Wno-parentheses -Wno-non-virtual-dtor -O3 -g -funroll-loops -fprefetch-loop-arrays -fpermissive -fno-exceptions -static-libgcc -Wl,--hash-style=both,--as-needed -DPARSEC_VERSION=3.0-beta-20150206 -fexceptions   -I../../src -I../../src/rml/include -I../../include ../../src/tbb/condition_variable.cpp
g++  -c -MMD -DDO_ITT_NOTIFY -O2 -DUSE_PTHREAD -m64 -fPIC -D__TBB_BUILD=1 -Wall -Wno-parentheses -Wno-non-virtual-dtor -O3 -g -funroll-loops -fprefetch-loop-arrays -fpermissive -fno-exceptions -static-libgcc -Wl,--hash-style=both,--as-needed -DPARSEC_VERSION=3.0-beta-20150206 -fexceptions   -I../../src -I../../src/rml/include -I../../include ../../src/tbb/tbb_thread.cpp
g++  -c -MMD -DDO_ITT_NOTIFY -O2 -DUSE_PTHREAD -m64 -fPIC -D__TBB_BUILD=1 -Wall -Wno-parentheses -Wno-non-virtual-dtor -O3 -g -funroll-loops -fprefetch-loop-arrays -fpermissive -fno-exceptions -static-libgcc -Wl,--hash-style=both,--as-needed -DPARSEC_VERSION=3.0-beta-20150206 -fexceptions   -I../../src -I../../src/rml/include -I../../include ../../src/tbb/concurrent_monitor.cpp
g++  -c -MMD -DDO_ITT_NOTIFY -O2 -DUSE_PTHREAD -m64 -fPIC -D__TBB_BUILD=1 -Wall -Wno-parentheses -Wno-non-virtual-dtor -O3 -g -funroll-loops -fprefetch-loop-arrays -fpermissive -fno-exceptions -static-libgcc -Wl,--hash-style=both,--as-needed -DPARSEC_VERSION=3.0-beta-20150206 -fexceptions   -I../../src -I../../src/rml/include -I../../include ../../src/tbb/private_server.cpp
g++  -c -MMD -DDO_ITT_NOTIFY -O2 -DUSE_PTHREAD -m64 -fPIC -D__TBB_BUILD=1 -Wall -Wno-parentheses -Wno-non-virtual-dtor -O3 -g -funroll-loops -fprefetch-loop-arrays -fpermissive -fno-exceptions -static-libgcc -Wl,--hash-style=both,--as-needed -DPARSEC_VERSION=3.0-beta-20150206 -fexceptions   -I../../src -I../../src/rml/include -I../../include ../../src/rml/client/rml_tbb.cpp
g++  -c -MMD -DDO_ITT_NOTIFY -O2 -DUSE_PTHREAD -m64 -fPIC -D__TBB_BUILD=1 -Wall -Wno-parentheses -Wno-non-virtual-dtor -O3 -g -funroll-loops -fprefetch-loop-arrays -fpermissive -fno-exceptions -static-libgcc -Wl,--hash-style=both,--as-needed -DPARSEC_VERSION=3.0-beta-20150206 -fexceptions   -I../../src -I../../src/rml/include -I../../include ../../src/tbb/task_group_context.cpp
g++  -c -MMD -DDO_ITT_NOTIFY -O2 -DUSE_PTHREAD -m64 -fPIC -D__TBB_BUILD=1 -Wall -Wno-parentheses -Wno-non-virtual-dtor -O3 -g -funroll-loops -fprefetch-loop-arrays -fpermissive -fno-exceptions -static-libgcc -Wl,--hash-style=both,--as-needed -DPARSEC_VERSION=3.0-beta-20150206 -fexceptions   -I../../src -I../../src/rml/include -I../../include ../../src/tbb/governor.cpp
g++  -c -MMD -DDO_ITT_NOTIFY -O2 -DUSE_PTHREAD -m64 -fPIC -D__TBB_BUILD=1 -Wall -Wno-parentheses -Wno-non-virtual-dtor -O3 -g -funroll-loops -fprefetch-loop-arrays -fpermissive -fno-exceptions -static-libgcc -Wl,--hash-style=both,--as-needed -DPARSEC_VERSION=3.0-beta-20150206 -fexceptions   -I../../src -I../../src/rml/include -I../../include ../../src/tbb/market.cpp
g++  -c -MMD -DDO_ITT_NOTIFY -O2 -DUSE_PTHREAD -m64 -fPIC -D__TBB_BUILD=1 -Wall -Wno-parentheses -Wno-non-virtual-dtor -O3 -g -funroll-loops -fprefetch-loop-arrays -fpermissive -fno-exceptions -static-libgcc -Wl,--hash-style=both,--as-needed -DPARSEC_VERSION=3.0-beta-20150206 -fexceptions   -I../../src -I../../src/rml/include -I../../include ../../src/tbb/arena.cpp
g++  -c -MMD -DDO_ITT_NOTIFY -O2 -DUSE_PTHREAD -m64 -fPIC -D__TBB_BUILD=1 -Wall -Wno-parentheses -Wno-non-virtual-dtor -O3 -g -funroll-loops -fprefetch-loop-arrays -fpermissive -fno-exceptions -static-libgcc -Wl,--hash-style=both,--as-needed -DPARSEC_VERSION=3.0-beta-20150206 -fexceptions   -I../../src -I../../src/rml/include -I../../include ../../src/tbb/scheduler.cpp
g++  -c -MMD -DDO_ITT_NOTIFY -O2 -DUSE_PTHREAD -m64 -fPIC -D__TBB_BUILD=1 -Wall -Wno-parentheses -Wno-non-virtual-dtor -O3 -g -funroll-loops -fprefetch-loop-arrays -fpermissive -fno-exceptions -static-libgcc -Wl,--hash-style=both,--as-needed -DPARSEC_VERSION=3.0-beta-20150206 -fexceptions   -I../../src -I../../src/rml/include -I../../include ../../src/tbb/observer_proxy.cpp
g++  -c -MMD -DDO_ITT_NOTIFY -O2 -DUSE_PTHREAD -m64 -fPIC -D__TBB_BUILD=1 -Wall -Wno-parentheses -Wno-non-virtual-dtor -O3 -g -funroll-loops -fprefetch-loop-arrays -fpermissive -fno-exceptions -static-libgcc -Wl,--hash-style=both,--as-needed -DPARSEC_VERSION=3.0-beta-20150206 -fexceptions   -I../../src -I../../src/rml/include -I../../include ../../src/tbb/tbb_main.cpp
g++  -c -MMD -DDO_ITT_NOTIFY -O2 -DUSE_PTHREAD -m64 -fPIC -D__TBB_BUILD=1 -Wall -Wno-parentheses -Wno-non-virtual-dtor -O3 -g -funroll-loops -fprefetch-loop-arrays -fpermissive -fno-exceptions -static-libgcc -Wl,--hash-style=both,--as-needed -DPARSEC_VERSION=3.0-beta-20150206 -fexceptions   -I../../src -I../../src/rml/include -I../../include ../../src/old/concurrent_vector_v2.cpp
g++  -c -MMD -DDO_ITT_NOTIFY -O2 -DUSE_PTHREAD -m64 -fPIC -D__TBB_BUILD=1 -Wall -Wno-parentheses -Wno-non-virtual-dtor -O3 -g -funroll-loops -fprefetch-loop-arrays -fpermissive -fno-exceptions -static-libgcc -Wl,--hash-style=both,--as-needed -DPARSEC_VERSION=3.0-beta-20150206 -fexceptions   -I../../src -I../../src/rml/include -I../../include ../../src/old/concurrent_queue_v2.cpp
g++  -c -MMD -DDO_ITT_NOTIFY -O2 -DUSE_PTHREAD -m64 -fPIC -D__TBB_BUILD=1 -Wall -Wno-parentheses -Wno-non-virtual-dtor -O3 -g -funroll-loops -fprefetch-loop-arrays -fpermissive -fno-exceptions -static-libgcc -Wl,--hash-style=both,--as-needed -DPARSEC_VERSION=3.0-beta-20150206 -fexceptions   -I../../src -I../../src/rml/include -I../../include ../../src/old/spin_rw_mutex_v2.cpp
g++  -c -MMD -DDO_ITT_NOTIFY -O2 -DUSE_PTHREAD -m64 -fPIC -D__TBB_BUILD=1 -Wall -Wno-parentheses -Wno-non-virtual-dtor -O3 -g -funroll-loops -fprefetch-loop-arrays -fpermissive -fno-exceptions -static-libgcc -Wl,--hash-style=both,--as-needed -DPARSEC_VERSION=3.0-beta-20150206 -fexceptions   -I../../src -I../../src/rml/include -I../../include ../../src/old/task_v2.cpp
sh ../../build/generate_tbbvars.sh
echo "INPUT (libtbb.so.2)" > libtbb.so
sh -c "g++  -E -x c ../../src/tbb/lin64-tbb-export.def -I../../src -I../../src/rml/include -I../../include -DDO_ITT_NOTIFY -O2 -DUSE_PTHREAD -m64 -fPIC -D__TBB_BUILD=1 -Wall -Wno-parentheses -Wno-non-virtual-dtor -O3 -g -funroll-loops -fprefetch-loop-arrays -fpermissive -fno-exceptions -static-libgcc -Wl,--hash-style=both,--as-needed -DPARSEC_VERSION=3.0-beta-20150206 -fexceptions >tbb.def 2>/dev/null || exit 0"
/usr/bin/ar rcs libtbb.a concurrent_hash_map.o concurrent_queue.o concurrent_vector.o dynamic_link.o itt_notify.o cache_aligned_allocator.o pipeline.o queuing_mutex.o queuing_rw_mutex.o reader_writer_lock.o spin_rw_mutex.o spin_mutex.o critical_section.o task.o tbb_misc.o mutex.o recursive_mutex.o condition_variable.o tbb_thread.o concurrent_monitor.o private_server.o rml_tbb.o task_group_context.o governor.o market.o arena.o scheduler.o observer_proxy.o tbb_main.o concurrent_vector_v2.o concurrent_queue_v2.o spin_rw_mutex_v2.o task_v2.o 
/usr/bin/ranlib libtbb.a
make[1]: Leaving directory '/home/rohan/uforea/parsec-3.0/pkgs/libs/tbblib/obj/amd64-linux.gcc/build/linux_intel64_gcc_cc7.4.0_libc2.27_kernel4.15.0_release'
/usr/bin/make -C "./build/linux_intel64_gcc_cc7.4.0_libc2.27_kernel4.15.0_debug"  -r -f ../../build/Makefile.tbbmalloc cfg=debug malloc tbb_root=../..
make[1]: Entering directory '/home/rohan/uforea/parsec-3.0/pkgs/libs/tbblib/obj/amd64-linux.gcc/build/linux_intel64_gcc_cc7.4.0_libc2.27_kernel4.15.0_debug'
g++  -c -MMD -DTBB_USE_DEBUG -DDO_ITT_NOTIFY -g -O0 -DUSE_PTHREAD -m64  -Wall -O3 -g -funroll-loops -fprefetch-loop-arrays -fpermissive -fno-exceptions -static-libgcc -Wl,--hash-style=both,--as-needed -DPARSEC_VERSION=3.0-beta-20150206 -fexceptions -fPIC -I../../src -I../../src/rml/include -I../../include -I../../src/tbbmalloc -I../../src/tbbmalloc ../../src/tbbmalloc/proxy.cpp
g++  -c -MMD -DTBB_USE_DEBUG -DDO_ITT_NOTIFY -g -O0 -DUSE_PTHREAD -m64  -Wall -O3 -g -funroll-loops -fprefetch-loop-arrays -fpermissive -fno-exceptions -static-libgcc -Wl,--hash-style=both,--as-needed -DPARSEC_VERSION=3.0-beta-20150206 -fexceptions -fPIC -I../../src -I../../src/rml/include -I../../include -I../../src/tbbmalloc -I../../src/tbbmalloc ../../src/tbbmalloc/tbb_function_replacement.cpp
echo "INPUT (libtbbmalloc_proxy_debug.so.2)" > libtbbmalloc_proxy_debug.so
g++  -c -MMD -DTBB_USE_DEBUG -DDO_ITT_NOTIFY -g -O0 -DUSE_PTHREAD -m64   -O3 -g -funroll-loops -fprefetch-loop-arrays -fpermissive -fno-exceptions -static-libgcc -Wl,--hash-style=both,--as-needed -DPARSEC_VERSION=3.0-beta-20150206 -fexceptions -fno-rtti -fno-exceptions -fno-schedule-insns2 -D__TBB_BUILD=1 -Wno-parentheses -Wno-non-virtual-dtor -fPIC -I../../src -I../../src/rml/include -I../../include -I../../src/tbbmalloc -I../../src/tbbmalloc ../../src/tbbmalloc/tbbmalloc.cpp
g++  -c -MMD -DTBB_USE_DEBUG -DDO_ITT_NOTIFY -g -O0 -DUSE_PTHREAD -m64   -O3 -g -funroll-loops -fprefetch-loop-arrays -fpermissive -fno-exceptions -static-libgcc -Wl,--hash-style=both,--as-needed -DPARSEC_VERSION=3.0-beta-20150206 -fexceptions -fno-rtti -fno-exceptions -fno-schedule-insns2 -D__TBB_BUILD=1 -Wno-parentheses -Wno-non-virtual-dtor -fPIC -o tbb_misc_malloc.o -I. -I../../src -I../../src/rml/include -I../../include ../../src/tbb/tbb_misc.cpp
g++  -c -MMD -DTBB_USE_DEBUG -DDO_ITT_NOTIFY -g -O0 -DUSE_PTHREAD -m64   -O3 -g -funroll-loops -fprefetch-loop-arrays -fpermissive -fno-exceptions -static-libgcc -Wl,--hash-style=both,--as-needed -DPARSEC_VERSION=3.0-beta-20150206 -fexceptions -fno-rtti -fno-exceptions -fno-schedule-insns2 -D__TBB_BUILD=1 -Wno-parentheses -Wno-non-virtual-dtor -fPIC -I../../src -I../../src/rml/include -I../../include -I../../src/tbbmalloc -I../../src/tbbmalloc ../../src/tbbmalloc/MemoryAllocator.cpp
echo "INPUT (libtbbmalloc_debug.so.2)" > libtbbmalloc_debug.so
sh -c "g++  -E -x c ../../src/tbbmalloc/lin-tbbmalloc-export.def -DTBB_USE_DEBUG -DDO_ITT_NOTIFY -g -O0 -DUSE_PTHREAD -m64  -Wall -O3 -g -funroll-loops -fprefetch-loop-arrays -fpermissive -fno-exceptions -static-libgcc -Wl,--hash-style=both,--as-needed -DPARSEC_VERSION=3.0-beta-20150206 -fexceptions >tbbmalloc.def 2>/dev/null || exit 0"
/usr/bin/ar rcs libtbbmalloc.a tbbmalloc.o dynamic_link.o  tbb_misc_malloc.o MemoryAllocator.o itt_notify.o
/usr/bin/ranlib libtbbmalloc.a
sh -c "g++  -E -x c ../../src/tbbmalloc/lin64-proxy-export.def -DTBB_USE_DEBUG -DDO_ITT_NOTIFY -g -O0 -DUSE_PTHREAD -m64  -Wall -O3 -g -funroll-loops -fprefetch-loop-arrays -fpermissive -fno-exceptions -static-libgcc -Wl,--hash-style=both,--as-needed -DPARSEC_VERSION=3.0-beta-20150206 -fexceptions >tbbmallocproxy.def 2>/dev/null || exit 0"
/usr/bin/ar rcs libtbbmalloc_proxy.a proxy.o tbb_function_replacement.o
/usr/bin/ranlib libtbbmalloc_proxy.a
make[1]: Leaving directory '/home/rohan/uforea/parsec-3.0/pkgs/libs/tbblib/obj/amd64-linux.gcc/build/linux_intel64_gcc_cc7.4.0_libc2.27_kernel4.15.0_debug'
/usr/bin/make -C "./build/linux_intel64_gcc_cc7.4.0_libc2.27_kernel4.15.0_release"  -r -f ../../build/Makefile.tbbmalloc cfg=release malloc tbb_root=../..
make[1]: Entering directory '/home/rohan/uforea/parsec-3.0/pkgs/libs/tbblib/obj/amd64-linux.gcc/build/linux_intel64_gcc_cc7.4.0_libc2.27_kernel4.15.0_release'
g++  -c -MMD -DDO_ITT_NOTIFY -O2 -DUSE_PTHREAD -m64  -Wall -O3 -g -funroll-loops -fprefetch-loop-arrays -fpermissive -fno-exceptions -static-libgcc -Wl,--hash-style=both,--as-needed -DPARSEC_VERSION=3.0-beta-20150206 -fexceptions -fPIC -I../../src -I../../src/rml/include -I../../include -I../../src/tbbmalloc -I../../src/tbbmalloc ../../src/tbbmalloc/proxy.cpp
g++  -c -MMD -DDO_ITT_NOTIFY -O2 -DUSE_PTHREAD -m64  -Wall -O3 -g -funroll-loops -fprefetch-loop-arrays -fpermissive -fno-exceptions -static-libgcc -Wl,--hash-style=both,--as-needed -DPARSEC_VERSION=3.0-beta-20150206 -fexceptions -fPIC -I../../src -I../../src/rml/include -I../../include -I../../src/tbbmalloc -I../../src/tbbmalloc ../../src/tbbmalloc/tbb_function_replacement.cpp
echo "INPUT (libtbbmalloc_proxy.so.2)" > libtbbmalloc_proxy.so
g++  -c -MMD -DDO_ITT_NOTIFY -O2 -DUSE_PTHREAD -m64   -O3 -g -funroll-loops -fprefetch-loop-arrays -fpermissive -fno-exceptions -static-libgcc -Wl,--hash-style=both,--as-needed -DPARSEC_VERSION=3.0-beta-20150206 -fexceptions -fno-rtti -fno-exceptions -fno-schedule-insns2 -D__TBB_BUILD=1 -Wno-parentheses -Wno-non-virtual-dtor -fPIC -I../../src -I../../src/rml/include -I../../include -I../../src/tbbmalloc -I../../src/tbbmalloc ../../src/tbbmalloc/tbbmalloc.cpp
g++  -c -MMD -DDO_ITT_NOTIFY -O2 -DUSE_PTHREAD -m64   -O3 -g -funroll-loops -fprefetch-loop-arrays -fpermissive -fno-exceptions -static-libgcc -Wl,--hash-style=both,--as-needed -DPARSEC_VERSION=3.0-beta-20150206 -fexceptions -fno-rtti -fno-exceptions -fno-schedule-insns2 -D__TBB_BUILD=1 -Wno-parentheses -Wno-non-virtual-dtor -fPIC -o tbb_misc_malloc.o -I. -I../../src -I../../src/rml/include -I../../include ../../src/tbb/tbb_misc.cpp
g++  -c -MMD -DDO_ITT_NOTIFY -O2 -DUSE_PTHREAD -m64   -O3 -g -funroll-loops -fprefetch-loop-arrays -fpermissive -fno-exceptions -static-libgcc -Wl,--hash-style=both,--as-needed -DPARSEC_VERSION=3.0-beta-20150206 -fexceptions -fno-rtti -fno-exceptions -fno-schedule-insns2 -D__TBB_BUILD=1 -Wno-parentheses -Wno-non-virtual-dtor -fPIC -I../../src -I../../src/rml/include -I../../include -I../../src/tbbmalloc -I../../src/tbbmalloc ../../src/tbbmalloc/MemoryAllocator.cpp
echo "INPUT (libtbbmalloc.so.2)" > libtbbmalloc.so
sh -c "g++  -E -x c ../../src/tbbmalloc/lin-tbbmalloc-export.def -DDO_ITT_NOTIFY -O2 -DUSE_PTHREAD -m64  -Wall -O3 -g -funroll-loops -fprefetch-loop-arrays -fpermissive -fno-exceptions -static-libgcc -Wl,--hash-style=both,--as-needed -DPARSEC_VERSION=3.0-beta-20150206 -fexceptions >tbbmalloc.def 2>/dev/null || exit 0"
/usr/bin/ar rcs libtbbmalloc.a tbbmalloc.o dynamic_link.o  tbb_misc_malloc.o MemoryAllocator.o itt_notify.o
/usr/bin/ranlib libtbbmalloc.a
sh -c "g++  -E -x c ../../src/tbbmalloc/lin64-proxy-export.def -DDO_ITT_NOTIFY -O2 -DUSE_PTHREAD -m64  -Wall -O3 -g -funroll-loops -fprefetch-loop-arrays -fpermissive -fno-exceptions -static-libgcc -Wl,--hash-style=both,--as-needed -DPARSEC_VERSION=3.0-beta-20150206 -fexceptions >tbbmallocproxy.def 2>/dev/null || exit 0"
/usr/bin/ar rcs libtbbmalloc_proxy.a proxy.o tbb_function_replacement.o
/usr/bin/ranlib libtbbmalloc_proxy.a
make[1]: Leaving directory '/home/rohan/uforea/parsec-3.0/pkgs/libs/tbblib/obj/amd64-linux.gcc/build/linux_intel64_gcc_cc7.4.0_libc2.27_kernel4.15.0_release'
[PARSEC] Running 'env compiler=gcc PATH=/usr/bin:/home/rohan/uforea/parsec-3.0/bin:/home/rohan/.local/bin:/usr/local/sbin:/usr/local/bin:/usr/sbin:/usr/bin:/sbin:/bin:/usr/games:/usr/local/games:/snap/bin:/home/rohan/uforea/parsec-3.0/bin CXXFLAGS=-O3 -g -funroll-loops -fprefetch-loop-arrays -fpermissive -fno-exceptions -static-libgcc -Wl,--hash-style=both,--as-needed -DPARSEC_VERSION=3.0-beta-20150206 -fexceptions /usr/bin/make install':
mkdir -p /home/rohan/uforea/parsec-3.0/pkgs/libs/tbblib/inst/amd64-linux.gcc/lib
cp -f ./build/linux_intel64_gcc_cc7.4.0_libc2.27_kernel4.15.0_release/libtbb.a /home/rohan/uforea/parsec-3.0/pkgs/libs/tbblib/inst/amd64-linux.gcc/lib
cp -f ./build/linux_intel64_gcc_cc7.4.0_libc2.27_kernel4.15.0_release/libtbbmalloc.a /home/rohan/uforea/parsec-3.0/pkgs/libs/tbblib/inst/amd64-linux.gcc/lib
cp -f ./build/linux_intel64_gcc_cc7.4.0_libc2.27_kernel4.15.0_release/libtbbmalloc_proxy.a /home/rohan/uforea/parsec-3.0/pkgs/libs/tbblib/inst/amd64-linux.gcc/lib
mkdir -p /home/rohan/uforea/parsec-3.0/pkgs/libs/tbblib/inst/amd64-linux.gcc/include
cp -rf include/tbb /home/rohan/uforea/parsec-3.0/pkgs/libs/tbblib/inst/amd64-linux.gcc/include
[PARSEC] [---------- Building package parsec.swaptions ----------]
[PARSEC] Copying source code of package parsec.swaptions.
[PARSEC] Running 'env version=tbb /usr/bin/make':
/usr/bin/g++ -O3 -g -funroll-loops -fprefetch-loop-arrays -fpermissive -fno-exceptions -static-libgcc -Wl,--hash-style=both,--as-needed -DPARSEC_VERSION=3.0-beta-20150206  -DENABLE_THREADS -DTBB_VERSION -c CumNormalInv.cpp -o CumNormalInv.o
/usr/bin/g++ -O3 -g -funroll-loops -fprefetch-loop-arrays -fpermissive -fno-exceptions -static-libgcc -Wl,--hash-style=both,--as-needed -DPARSEC_VERSION=3.0-beta-20150206  -DENABLE_THREADS -DTBB_VERSION -c MaxFunction.cpp -o MaxFunction.o
/usr/bin/g++ -O3 -g -funroll-loops -fprefetch-loop-arrays -fpermissive -fno-exceptions -static-libgcc -Wl,--hash-style=both,--as-needed -DPARSEC_VERSION=3.0-beta-20150206  -DENABLE_THREADS -DTBB_VERSION -c RanUnif.cpp -o RanUnif.o
/usr/bin/g++ -O3 -g -funroll-loops -fprefetch-loop-arrays -fpermissive -fno-exceptions -static-libgcc -Wl,--hash-style=both,--as-needed -DPARSEC_VERSION=3.0-beta-20150206  -DENABLE_THREADS -DTBB_VERSION -c nr_routines.c -o nr_routines.o
/usr/bin/g++ -O3 -g -funroll-loops -fprefetch-loop-arrays -fpermissive -fno-exceptions -static-libgcc -Wl,--hash-style=both,--as-needed -DPARSEC_VERSION=3.0-beta-20150206  -DENABLE_THREADS -DTBB_VERSION -c icdf.cpp -o icdf.o
/usr/bin/g++ -O3 -g -funroll-loops -fprefetch-loop-arrays -fpermissive -fno-exceptions -static-libgcc -Wl,--hash-style=both,--as-needed -DPARSEC_VERSION=3.0-beta-20150206  -DENABLE_THREADS -DTBB_VERSION -c HJM_SimPath_Forward_Blocking.cpp -o HJM_SimPath_Forward_Blocking.o
/usr/bin/g++ -O3 -g -funroll-loops -fprefetch-loop-arrays -fpermissive -fno-exceptions -static-libgcc -Wl,--hash-style=both,--as-needed -DPARSEC_VERSION=3.0-beta-20150206  -DENABLE_THREADS -DTBB_VERSION -c HJM.cpp -o HJM.o
/usr/bin/g++ -O3 -g -funroll-loops -fprefetch-loop-arrays -fpermissive -fno-exceptions -static-libgcc -Wl,--hash-style=both,--as-needed -DPARSEC_VERSION=3.0-beta-20150206  -DENABLE_THREADS -DTBB_VERSION -c HJM_Swaption_Blocking.cpp -o HJM_Swaption_Blocking.o
/usr/bin/g++ -O3 -g -funroll-loops -fprefetch-loop-arrays -fpermissive -fno-exceptions -static-libgcc -Wl,--hash-style=both,--as-needed -DPARSEC_VERSION=3.0-beta-20150206  -DENABLE_THREADS -DTBB_VERSION -c HJM_Securities.cpp -o HJM_Securities.o
/usr/bin/g++ -O3 -g -funroll-loops -fprefetch-loop-arrays -fpermissive -fno-exceptions -static-libgcc -Wl,--hash-style=both,--as-needed -DPARSEC_VERSION=3.0-beta-20150206 -L/usr/lib64 -L/usr/lib  -DENABLE_THREADS -DTBB_VERSION CumNormalInv.o MaxFunction.o RanUnif.o nr_routines.o icdf.o HJM_SimPath_Forward_Blocking.o HJM.o HJM_Swaption_Blocking.o HJM_Securities.o   -ltbb -o swaptions 
[PARSEC] Running 'env version=tbb /usr/bin/make install':
mkdir -p /home/rohan/uforea/parsec-3.0/pkgs/apps/swaptions/inst/amd64-linux.gcc/bin
cp -f swaptions  /home/rohan/uforea/parsec-3.0/pkgs/apps/swaptions/inst/amd64-linux.gcc/bin/swaptions 
[PARSEC] Done.
