[PARSEC] [========== PARSEC 3.0-beta-20150206 RUN LOGFILE ==========]

[PARSEC] [========== Running benchmark parsec.fluidanimate [1] ==========]
[PARSEC] Setting up run directory.
[PARSEC] Run with amd64-linux.gcc binaries and input simlarge started on Thu May 28 08:38:38 EDT 2020.
[PARSEC] Benchmarks to run:  parsec.streamcluster
[PARSEC] Setting up run directory.
[PARSEC] Unpacking benchmark input 'simlarge'.

[PARSEC] [========== Running benchmark parsec.streamcluster [1] ==========]
[PARSEC] Unpacking benchmark input 'simlarge'.
in_300K.fluid
[PARSEC] Running 'time /home/rohan/uforea/parsec-3.0/pkgs/apps/fluidanimate/inst/amd64-linux.gcc/bin/fluidanimate 1 5 in_300K.fluid out.fluid':
[PARSEC] Deleting old run directory.
in_300K.fluid
[PARSEC] [---------- Beginning of output ----------]
[PARSEC] Setting up run directory.
[PARSEC] Running 'time /home/rohan/uforea/parsec-3.0/pkgs/apps/fluidanimate/inst/amd64-linux.gcc/bin/fluidanimate 1 5 in_300K.fluid out.fluid':
PARSEC Benchmark Suite Version 3.0-beta-20150206
Loading file "in_300K.fluid"...
[PARSEC] [---------- Beginning of output ----------]
[PARSEC] No archive for input 'simlarge' available, skipping input setup.
[PARSEC] Running 'time /home/rohan/uforea/parsec-3.0/pkgs/kernels/streamcluster/inst/amd64-linux.gcc/bin/streamcluster 10 20 128 16384 16384 1000 none output.txt 1':
PARSEC Benchmark Suite Version 3.0-beta-20150206
Number of cells: 135424
Loading file "in_300K.fluid"...
[PARSEC] [---------- Beginning of output ----------]
Grids steps over x, y, z: 0.00282609 0.0028125 0.00282609
Number of cells: 135424
PARSEC Benchmark Suite Version 3.0-beta-20150206
Grids steps over x, y, z: 0.00282609 0.0028125 0.00282609
read 16384 points
Number of particles: 305809
Number of particles: 305809
Saving file "out.fluid"...
Saving file "out.fluid"...

real	0m4.048s
user	0m1.234s
sys	0m0.115s

real	0m4.033s
user	0m1.238s
sys	0m0.108s
[PARSEC] [----------    End of output    ----------]
[PARSEC] [----------    End of output    ----------]
[PARSEC] Done.
[PARSEC] Done.

real	0m12.591s
user	0m6.052s
sys	0m0.000s
[PARSEC] [----------    End of output    ----------]
[PARSEC] Done.
