[PARSEC] [========== PARSEC 3.0-beta-20150206 RUN LOGFILE ==========]

[PARSEC] Run with amd64-linux.gcc binaries and input simlarge started on Mon Feb 17 18:40:35 EST 2020.
[PARSEC] Benchmarks to run:  parsec.streamcluster

[PARSEC] [========== Running benchmark parsec.streamcluster [1] ==========]
[PARSEC] Deleting old run directory.
[PARSEC] Setting up run directory.
[PARSEC] No archive for input 'simlarge' available, skipping input setup.
[PARSEC] Running 'time /home/rohan/uforea/parsec-3.0/pkgs/kernels/streamcluster/inst/amd64-linux.gcc/bin/streamcluster 10 20 128 16384 16384 1000 none output.txt 1':
[PARSEC] [---------- Beginning of output ----------]
PARSEC Benchmark Suite Version 3.0-beta-20150206
read 16384 points
Num of Options: 65536
Num of Runs: 100
Size of data: 2621440
ERROR: Unable to open file prices.txt.

real	0m1.007s
user	0m0.993s
sys	0m0.012s
[PARSEC] [----------    End of output    ----------]
[PARSEC] Done.
Num of Options: 65536
Num of Runs: 100
Size of data: 2621440

real	0m1.006s
user	0m0.996s
sys	0m0.008s
[PARSEC] [----------    End of output    ----------]
[PARSEC] Done.
Saving file "out.fluid"...
fluidanimate: pthreads.cpp:396: void SaveFile(const char*): Assertion `file' failed.
Saving file "out.fluid"...
fluidanimate: pthreads.cpp:396: void SaveFile(const char*): Assertion `file' failed.
/home/rohan/uforea/parsec-3.0/bin/parsecmgmt: line 1222: 29007 Aborted                 (core dumped) /home/rohan/uforea/parsec-3.0/pkgs/apps/fluidanimate/inst/amd64-linux.gcc/bin/fluidanimate 1 5 in_300K.fluid out.fluid

real	0m3.916s
user	0m3.193s
sys	0m0.303s
[PARSEC] [----------    End of output    ----------]
[PARSEC] Done.
/home/rohan/uforea/parsec-3.0/bin/parsecmgmt: line 1222: 29018 Aborted                 (core dumped) /home/rohan/uforea/parsec-3.0/pkgs/apps/fluidanimate/inst/amd64-linux.gcc/bin/fluidanimate 1 5 in_300K.fluid out.fluid

real	0m3.969s
user	0m3.250s
sys	0m0.319s
[PARSEC] [----------    End of output    ----------]
[PARSEC] Done.
error opening output.txt

real	0m21.280s
user	0m21.081s
sys	0m0.072s
[PARSEC] [----------    End of output    ----------]
[PARSEC] Done.
