[PARSEC] [========== PARSEC 3.0-beta-20150206 RUN LOGFILE ==========]


[PARSEC] Deleting old run directory.
[PARSEC] Run with amd64-linux.gcc binaries and input simlarge started on Tue May 26 23:37:29 EDT 2020.
[PARSEC] Benchmarks to run:  parsec.canneal
[PARSEC] Deleting old run directory.

[PARSEC] [========== Running benchmark parsec.canneal [1] ==========]
[PARSEC] Setting up run directory.
[PARSEC] Deleting old run directory.
[PARSEC] Unpacking benchmark input 'simlarge'.
[PARSEC] Setting up run directory.
[PARSEC] Setting up run directory.
in_300K.fluid
[PARSEC] Unpacking benchmark input 'simlarge'.
[PARSEC] Unpacking benchmark input 'simlarge'.
kosarak_990k.dat
400000.nets
[PARSEC] Running 'time /home/rohan/uforea/parsec-3.0/pkgs/apps/fluidanimate/inst/amd64-linux.gcc/bin/fluidanimate 1 5 in_300K.fluid out.fluid':
[PARSEC] [---------- Beginning of output ----------]
PARSEC Benchmark Suite Version 3.0-beta-20150206
Loading file "in_300K.fluid"...
[PARSEC] Running 'time /home/rohan/uforea/parsec-3.0/pkgs/kernels/canneal/inst/amd64-linux.gcc/bin/canneal 1 15000 2000 400000.nets 128':
[PARSEC] [---------- Beginning of output ----------]
PARSEC Benchmark Suite Version 3.0-beta-20150206
Threadcount: 1
15000 swaps per temperature step
start temperature: 2000
netlist filename: 400000.nets
number of temperature steps: 128
[PARSEC] Running 'time /home/rohan/uforea/parsec-3.0/pkgs/apps/freqmine/inst/amd64-linux.gcc/bin/freqmine kosarak_990k.dat 790':
[PARSEC] [---------- Beginning of output ----------]
Number of cells: 135424
Grids steps over x, y, z: 0.00282609 0.0028125 0.00282609
PARSEC Benchmark Suite Version 3.0-beta-20150206
locs created
locs assigned
Number of particles: 305809
Just saw element: 100000
Just saw element: 200000
Saving file "out.fluid"...

real	0m1.581s
user	0m1.440s
sys	0m0.140s
[PARSEC] [----------    End of output    ----------]
[PARSEC] Done.
Just saw element: 300000
Just saw element: 400000
netlist created. 400000 elements.
Final routing is: 6.90232e+08

real	0m5.408s
user	0m5.342s
sys	0m0.064s
[PARSEC] [----------    End of output    ----------]
[PARSEC] Done.
transaction number is 990002
1548
13483
46649
131381
415489
1239344
2985564
5696308
8709873
10789491
10902648
9011183
6094236
3374161
1530954
564958
165173
36535
5727
578
33
1
the data preparation cost 0.299244 seconds, the FPgrowth cost 8.847718 seconds

real	0m9.152s
user	0m5.744s
sys	0m0.052s
[PARSEC] [----------    End of output    ----------]
[PARSEC] Done.
