[PARSEC] [========== PARSEC 3.0-beta-20150206 RUN LOGFILE ==========]

[PARSEC] Run with amd64-linux.gcc binaries and input simlarge started on Fri May 29 17:31:31 EDT 2020.
[PARSEC] Run with amd64-linux.gcc binaries and input simlarge started on Fri May 29 17:31:31 EDT 2020.
[PARSEC] Run with amd64-linux.gcc binaries and input simlarge started on Fri May 29 17:31:31 EDT 2020.
[PARSEC] Benchmarks to run:  parsec.blackscholes
[PARSEC] Benchmarks to run:  parsec.canneal

[PARSEC] Benchmarks to run:  parsec.canneal

[PARSEC] [========== Running benchmark parsec.blackscholes [1] ==========]

[PARSEC] [========== Running benchmark parsec.canneal [1] ==========]
[PARSEC] [========== Running benchmark parsec.canneal [1] ==========]
[PARSEC] Deleting old run directory.
[PARSEC] Deleting old run directory.
[PARSEC] Deleting old run directory.
[PARSEC] Setting up run directory.
[PARSEC] Setting up run directory.
[PARSEC] Setting up run directory.
[PARSEC] Unpacking benchmark input 'simlarge'.
[PARSEC] Unpacking benchmark input 'simlarge'.
[PARSEC] Unpacking benchmark input 'simlarge'.
in_64K.txt
400000.nets
400000.nets
[PARSEC] Running 'time /home/rohan/uforea/parsec-3.0/pkgs/apps/blackscholes/inst/amd64-linux.gcc/bin/blackscholes 1 in_64K.txt prices.txt':
[PARSEC] [---------- Beginning of output ----------]
[PARSEC] Running 'time /home/rohan/uforea/parsec-3.0/pkgs/kernels/canneal/inst/amd64-linux.gcc/bin/canneal 1 15000 2000 400000.nets 128':
[PARSEC] Running 'time /home/rohan/uforea/parsec-3.0/pkgs/kernels/canneal/inst/amd64-linux.gcc/bin/canneal 1 15000 2000 400000.nets 128':
PARSEC Benchmark Suite Version 3.0-beta-20150206
[PARSEC] [---------- Beginning of output ----------]
[PARSEC] [---------- Beginning of output ----------]
PARSEC Benchmark Suite Version 3.0-beta-20150206
Threadcount: 1
15000 swaps per temperature step
start temperature: 2000
netlist filename: 400000.nets
number of temperature steps: 128
PARSEC Benchmark Suite Version 3.0-beta-20150206
Threadcount: 1
15000 swaps per temperature step
start temperature: 2000
netlist filename: 400000.nets
number of temperature steps: 128
locs created
locs created
locs assigned
locs assigned
Num of Options: 65536
Num of Runs: 100
Size of data: 2621440

real	0m2.601s
user	0m0.525s
sys	0m0.003s
[PARSEC] [----------    End of output    ----------]
[PARSEC] Done.
Just saw element: 100000
Just saw element: 100000
Just saw element: 200000
Just saw element: 200000
Just saw element: 300000
Just saw element: 300000
Just saw element: 400000
Just saw element: 400000
netlist created. 400000 elements.
netlist created. 400000 elements.
Final routing is: 6.90232e+08
Final routing is: 6.90232e+08

real	0m23.846s
user	0m5.342s
sys	0m0.079s
[PARSEC] [----------    End of output    ----------]

real	0m23.873s
user	0m5.374s
sys	0m0.055s
[PARSEC] Done.
[PARSEC] [----------    End of output    ----------]
[PARSEC] Done.
