[PARSEC] [========== PARSEC 3.0-beta-20150206 RUN LOGFILE ==========]

[PARSEC] Running 'time /home/rohan/uforea/parsec-3.0/pkgs/apps/vips/inst/amd64-linux.gcc/bin/vips im_benchmark bigben_2662x5500.v output.v':
[PARSEC] Run with amd64-linux.gcc binaries and input simlarge started on Mon May 4 00:54:05 EDT 2020.
[PARSEC] Benchmarks to run:  parsec.vips
[PARSEC] [---------- Beginning of output ----------]

[PARSEC] [========== Running benchmark parsec.vips [1] ==========]
[PARSEC] Deleting old run directory.
[PARSEC] Setting up run directory.
[PARSEC] Unpacking benchmark input 'simlarge'.
bigben_2662x5500.v
im_setupout: unable to write to "output.v"

real	0m0.053s
user	0m0.035s
sys	0m0.019s
[PARSEC] [----------    End of output    ----------]
[PARSEC] Done.
[PARSEC] Running 'time /home/rohan/uforea/parsec-3.0/pkgs/apps/vips/inst/amd64-linux.gcc/bin/vips im_benchmark bigben_2662x5500.v output.v':
[PARSEC] [---------- Beginning of output ----------]

real	0m4.644s
user	0m4.558s
sys	0m0.160s
[PARSEC] [----------    End of output    ----------]
[PARSEC] Done.
