[PARSEC] [========== PARSEC 3.0-beta-20150206 RUN LOGFILE ==========]

[PARSEC] Unpacking benchmark input 'simlarge'.
[PARSEC] Run with amd64-linux.gcc binaries and input simlarge started on Sun May 31 20:25:47 EDT 2020.
[PARSEC] Run with amd64-linux.gcc binaries and input simlarge started on Sun May 31 20:25:47 EDT 2020.
[PARSEC] Benchmarks to run:  parsec.fluidanimate
[PARSEC] Benchmarks to run:  parsec.blackscholes
bigben_2662x5500.v


[PARSEC] [========== Running benchmark parsec.fluidanimate [1] ==========]
[PARSEC] [========== Running benchmark parsec.blackscholes [1] ==========]
[PARSEC] Deleting old run directory.
[PARSEC] Deleting old run directory.
[PARSEC] Setting up run directory.
[PARSEC] Setting up run directory.
[PARSEC] Running 'time /home/rohan/uforea/parsec-3.0/pkgs/apps/vips/inst/amd64-linux.gcc/bin/vips im_benchmark bigben_2662x5500.v output.v':
[PARSEC] Unpacking benchmark input 'simlarge'.
[PARSEC] [---------- Beginning of output ----------]
[PARSEC] Unpacking benchmark input 'simlarge'.
in_64K.txt
in_300K.fluid
[PARSEC] Running 'time /home/rohan/uforea/parsec-3.0/pkgs/apps/blackscholes/inst/amd64-linux.gcc/bin/blackscholes 1 in_64K.txt prices.txt':
[PARSEC] Running 'time /home/rohan/uforea/parsec-3.0/pkgs/apps/fluidanimate/inst/amd64-linux.gcc/bin/fluidanimate 1 5 in_300K.fluid out.fluid':
[PARSEC] [---------- Beginning of output ----------]
[PARSEC] [---------- Beginning of output ----------]
PARSEC Benchmark Suite Version 3.0-beta-20150206
PARSEC Benchmark Suite Version 3.0-beta-20150206
Loading file "in_300K.fluid"...
Number of cells: 135424
Grids steps over x, y, z: 0.00282609 0.0028125 0.00282609
Number of particles: 305809
Num of Options: 65536
Num of Runs: 100
Size of data: 2621440

real	0m1.557s
user	0m0.518s
sys	0m0.007s
[PARSEC] [----------    End of output    ----------]
[PARSEC] Done.
Saving file "out.fluid"...

real	0m3.378s
user	0m1.269s
sys	0m0.094s
[PARSEC] [----------    End of output    ----------]
[PARSEC] Done.

real	0m7.353s
user	0m3.721s
sys	0m0.056s
[PARSEC] [----------    End of output    ----------]
[PARSEC] Done.
