[PARSEC] [========== PARSEC 3.0-beta-20150206 RUN LOGFILE ==========]
===]
[PARSEC] Benchmarks to run:  parsec.fluidanimate

[PARSEC] Run with amd64-linux.gcc binaries and input simlarge started on Sun May 3 16:49:00 EDT 2020.

[PARSEC] Benchmarks to run:  parsec.freqmine
[PARSEC] Deleting old run directory.
[PARSEC] [========== Running benchmark parsec.fluidanimate [1] ==========]

[PARSEC] [========== Running benchmark parsec.freqmine [1] ==========]
[PARSEC] Deleting old run directory.
[PARSEC] Deleting old run directory.
[PARSEC] Setting up run directory.
[PARSEC] Setting up run directory.
[PARSEC] Unpacking benchmark input 'simlarge'.
[PARSEC] Unpacking benchmark input 'simlarge'.
[PARSEC] Setting up run directory.
in_300K.fluid
in_300K.fluid
[PARSEC] Unpacking benchmark input 'simlarge'.
kosarak_990k.dat
[PARSEC] Running 'time /home/rohan/uforea/parsec-3.0/pkgs/apps/fluidanimate/inst/amd64-linux.gcc/bin/fluidanimate 1 5 in_300K.fluid out.fluid':
[PARSEC] Running 'time /home/rohan/uforea/parsec-3.0/pkgs/apps/fluidanimate/inst/amd64-linux.gcc/bin/fluidanimate 1 5 in_300K.fluid out.fluid':
[PARSEC] [---------- Beginning of output ----------]
[PARSEC] [---------- Beginning of output ----------]
PARSEC Benchmark Suite Version 3.0-beta-20150206
Loading file "in_300K.fluid"...
PARSEC Benchmark Suite Version 3.0-beta-20150206
Loading file "in_300K.fluid"...
[PARSEC] Running 'time /home/rohan/uforea/parsec-3.0/pkgs/apps/freqmine/inst/amd64-linux.gcc/bin/freqmine kosarak_990k.dat 790':
[PARSEC] [---------- Beginning of output ----------]
PARSEC Benchmark Suite Version 3.0-beta-20150206
Number of cells: 135424
Grids steps over x, y, z: 0.00282609 0.0028125 0.00282609
Number of cells: 135424
Grids steps over x, y, z: 0.00282609 0.0028125 0.00282609
Number of particles: 305809
Number of particles: 305809
Saving file "out.fluid"...

real	0m1.583s
user	0m1.441s
sys	0m0.140s
[PARSEC] [----------    End of output    ----------]
[PARSEC] Done.
Saving file "out.fluid"...

real	0m2.080s
user	0m1.939s
sys	0m0.140s
[PARSEC] [----------    End of output    ----------]
[PARSEC] Done.
transaction number is 990002
1548
13483
46649
131381
415489
1239344
2985564
5696308
8709873
10789491
10902648
9011183
6094236
3374161
1530954
564958
165173
36535
5727
578
33
1
the data preparation cost 0.294558 seconds, the FPgrowth cost 6.004089 seconds

real	0m6.303s
user	0m6.236s
sys	0m0.064s
[PARSEC] [----------    End of output    ----------]
[PARSEC] Done.
