[PARSEC] [========== PARSEC 3.0-beta-20150206 RUN LOGFILE ==========]

kosarak_990k.dat
[PARSEC] Run with amd64-linux.gcc binaries and input simlarge started on Sat May 30 17:02:53 EDT 2020.
[PARSEC] Benchmarks to run:  parsec.streamcluster
[PARSEC] Running 'time /home/rohan/uforea/parsec-3.0/pkgs/apps/freqmine/inst/amd64-linux.gcc/bin/freqmine kosarak_990k.dat 790':

[PARSEC] [---------- Beginning of output ----------]
[PARSEC] [========== Running benchmark parsec.streamcluster [1] ==========]
PARSEC Benchmark Suite Version 3.0-beta-20150206
[PARSEC] Deleting old run directory.
[PARSEC] Setting up run directory.
[PARSEC] No archive for input 'simlarge' available, skipping input setup.
[PARSEC] Running 'time /home/rohan/uforea/parsec-3.0/pkgs/kernels/streamcluster/inst/amd64-linux.gcc/bin/streamcluster 10 20 128 16384 16384 1000 none output.txt 1':
[PARSEC] [---------- Beginning of output ----------]
PARSEC Benchmark Suite Version 3.0-beta-20150206
read 16384 points
transaction number is 990002
1548
13483
46649
131381
415489
1239344
2985564
5696308
8709873
10789491
10902648
9011183
6094236
3374161
1530954
564958
165173
36535
5727
578
33
1
the data preparation cost 0.415482 seconds, the FPgrowth cost 5.336523 seconds

real	0m5.756s
user	0m5.482s
sys	0m0.076s
[PARSEC] [----------    End of output    ----------]
[PARSEC] Done.

real	0m10.071s
user	0m5.993s
sys	0m0.000s
[PARSEC] [----------    End of output    ----------]
[PARSEC] Done.
