[PARSEC] [========== PARSEC 3.0-beta-20150206 RUN LOGFILE ==========]

[PARSEC] [========== Running benchmark parsec.freqmine [1] ==========]
[PARSEC] Run with amd64-linux.gcc binaries and input simlarge started on Sat May 30 15:38:35 EDT 2020.
[PARSEC] Deleting old run directory.
[PARSEC] Benchmarks to run:  parsec.fluidanimate

[PARSEC] [========== Running benchmark parsec.fluidanimate [1] ==========]
[PARSEC] Setting up run directory.
[PARSEC] Deleting old run directory.
[PARSEC] Unpacking benchmark input 'simlarge'.
[PARSEC] Setting up run directory.
kosarak_990k.dat
[PARSEC] Unpacking benchmark input 'simlarge'.
[PARSEC] Running 'time /home/rohan/uforea/parsec-3.0/pkgs/apps/freqmine/inst/amd64-linux.gcc/bin/freqmine kosarak_990k.dat 790':
in_300K.fluid
[PARSEC] [---------- Beginning of output ----------]
[PARSEC] Running 'time /home/rohan/uforea/parsec-3.0/pkgs/apps/fluidanimate/inst/amd64-linux.gcc/bin/fluidanimate 1 5 in_300K.fluid out.fluid':
[PARSEC] [---------- Beginning of output ----------]
PARSEC Benchmark Suite Version 3.0-beta-20150206
PARSEC Benchmark Suite Version 3.0-beta-20150206
Loading file "in_300K.fluid"...
Number of cells: 135424
Grids steps over x, y, z: 0.00282609 0.0028125 0.00282609
Number of particles: 305809
Saving file "out.fluid"...

real	0m2.674s
user	0m1.277s
sys	0m0.108s
[PARSEC] [----------    End of output    ----------]
[PARSEC] Done.
transaction number is 990002
1548
13483
46649
131381
415489
1239344
2985564
5696308
8709873
10789491
10902648
9011183
6094236
3374161
1530954
564958
165173
36535
5727
578
33
1
the data preparation cost 0.463660 seconds, the FPgrowth cost 5.728749 seconds

real	0m6.197s
user	0m5.759s
sys	0m0.191s
[PARSEC] [----------    End of output    ----------]
[PARSEC] Done.
