[PARSEC] [========== PARSEC 3.0-beta-20150206 RUN LOGFILE ==========]

[PARSEC] Run with amd64-linux.gcc binaries and input simlarge started on Sun May 3 01:02:19 EDT 2020.
[PARSEC] Benchmarks to run:  parsec.vips
[PARSEC] Deleting old run directory.

[PARSEC] [========== Running benchmark parsec.vips [1] ==========]
[PARSEC] Setting up run directory.
[PARSEC] Deleting old run directory.
[PARSEC] Unpacking benchmark input 'simlarge'.
[PARSEC] Setting up run directory.
[PARSEC] Setting up run directory.
in_64K.txt
[PARSEC] Unpacking benchmark input 'simlarge'.
[PARSEC] Unpacking benchmark input 'simlarge'.
bigben_2662x5500.v
bigben_2662x5500.v
[PARSEC] Running 'time /home/rohan/uforea/parsec-3.0/pkgs/apps/blackscholes/inst/amd64-linux.gcc/bin/blackscholes 1 in_64K.txt prices.txt':
[PARSEC] [---------- Beginning of output ----------]
PARSEC Benchmark Suite Version 3.0-beta-20150206
[PARSEC] Running 'time /home/rohan/uforea/parsec-3.0/pkgs/apps/vips/inst/amd64-linux.gcc/bin/vips im_benchmark bigben_2662x5500.v output.v':
[PARSEC] Running 'time /home/rohan/uforea/parsec-3.0/pkgs/apps/vips/inst/amd64-linux.gcc/bin/vips im_benchmark bigben_2662x5500.v output.v':
[PARSEC] [---------- Beginning of output ----------]
[PARSEC] [---------- Beginning of output ----------]
Num of Options: 65536
Num of Runs: 100
Size of data: 2621440

real	0m0.641s
user	0m0.633s
sys	0m0.008s
[PARSEC] [----------    End of output    ----------]
[PARSEC] Done.

real	0m4.221s
user	0m4.333s
sys	0m0.103s
[PARSEC] [----------    End of output    ----------]
[PARSEC] Done.

real	0m4.534s
user	0m4.288s
sys	0m0.127s
[PARSEC] [----------    End of output    ----------]
[PARSEC] Done.
