[PARSEC] [========== PARSEC 3.0-beta-20150206 RUN LOGFILE ==========]

[PARSEC] Setting up run directory.

[PARSEC] Run with amd64-linux.gcc binaries and input simlarge started on Sun May 3 02:40:00 EDT 2020.
[PARSEC] [========== Running benchmark parsec.vips [1] ==========]
[PARSEC] Benchmarks to run:  parsec.vips
[PARSEC] Unpacking benchmark input 'simlarge'.

[PARSEC] Deleting old run directory.
[PARSEC] [========== Running benchmark parsec.vips [1] ==========]
[PARSEC] Setting up run directory.
bigben_2662x5500.v
[PARSEC] Running 'time /home/rohan/uforea/parsec-3.0/pkgs/apps/vips/inst/amd64-linux.gcc/bin/vips im_benchmark bigben_2662x5500.v output.v':
[PARSEC] Unpacking benchmark input 'simlarge'.
[PARSEC] Deleting old run directory.
[PARSEC] [---------- Beginning of output ----------]
bigben_2662x5500.v
[PARSEC] Setting up run directory.
format_for_file: file "bigben_2662x5500.v" not found

real	0m0.003s
user	0m0.000s
sys	0m0.002s
[PARSEC] Running 'time /home/rohan/uforea/parsec-3.0/pkgs/apps/vips/inst/amd64-linux.gcc/bin/vips im_benchmark bigben_2662x5500.v output.v':
[PARSEC] [----------    End of output    ----------]
[PARSEC] Unpacking benchmark input 'simlarge'.
[PARSEC] [---------- Beginning of output ----------]
[PARSEC] Done.
format_for_file: file "bigben_2662x5500.v" not found

real	0m0.003s
user	0m0.003s
sys	0m0.000s
bigben_2662x5500.v
[PARSEC] [----------    End of output    ----------]
[PARSEC] Done.
[PARSEC] Running 'time /home/rohan/uforea/parsec-3.0/pkgs/apps/vips/inst/amd64-linux.gcc/bin/vips im_benchmark bigben_2662x5500.v output.v':
[PARSEC] [---------- Beginning of output ----------]

real	0m4.241s
user	0m4.255s
sys	0m0.117s
[PARSEC] [----------    End of output    ----------]
[PARSEC] Done.
