[PARSEC] [========== PARSEC 3.0-beta-20150206 RUN LOGFILE ==========]

[PARSEC] Run with amd64-linux.gcc binaries and input simlarge started on Thu May 28 03:14:52 EDT 2020.
[PARSEC] Run with amd64-linux.gcc binaries and input simlarge started on Thu May 28 03:14:52 EDT 2020.
[PARSEC] Run with amd64-linux.gcc binaries and input simlarge started on Thu May 28 03:14:52 EDT 2020.
[PARSEC] Benchmarks to run:  parsec.fluidanimate
[PARSEC] Benchmarks to run:  parsec.vips
[PARSEC] Benchmarks to run:  parsec.freqmine



[PARSEC] [========== Running benchmark parsec.vips [1] ==========]
[PARSEC] [========== Running benchmark parsec.fluidanimate [1] ==========]
[PARSEC] [========== Running benchmark parsec.freqmine [1] ==========]
[PARSEC] Deleting old run directory.
[PARSEC] Deleting old run directory.
[PARSEC] Deleting old run directory.
[PARSEC] Setting up run directory.
[PARSEC] Setting up run directory.
[PARSEC] Setting up run directory.
[PARSEC] Unpacking benchmark input 'simlarge'.
[PARSEC] Unpacking benchmark input 'simlarge'.
[PARSEC] Unpacking benchmark input 'simlarge'.
bigben_2662x5500.v
in_300K.fluid
kosarak_990k.dat
[PARSEC] Running 'time /home/rohan/uforea/parsec-3.0/pkgs/apps/fluidanimate/inst/amd64-linux.gcc/bin/fluidanimate 1 5 in_300K.fluid out.fluid':
[PARSEC] [---------- Beginning of output ----------]
PARSEC Benchmark Suite Version 3.0-beta-20150206
Loading file "in_300K.fluid"...
[PARSEC] Running 'time /home/rohan/uforea/parsec-3.0/pkgs/apps/freqmine/inst/amd64-linux.gcc/bin/freqmine kosarak_990k.dat 790':
[PARSEC] [---------- Beginning of output ----------]
PARSEC Benchmark Suite Version 3.0-beta-20150206
[PARSEC] Running 'time /home/rohan/uforea/parsec-3.0/pkgs/apps/vips/inst/amd64-linux.gcc/bin/vips im_benchmark bigben_2662x5500.v output.v':
Number of cells: 135424
Grids steps over x, y, z: 0.00282609 0.0028125 0.00282609
[PARSEC] [---------- Beginning of output ----------]
Number of particles: 305809
Saving file "out.fluid"...

real	0m4.341s
user	0m1.263s
sys	0m0.110s
[PARSEC] [----------    End of output    ----------]
[PARSEC] Done.
transaction number is 990002
1548
13483
46649
131381
415489
1239344
2985564
5696308
8709873
10789491
10902648
9011183
6094236
3374161
1530954
564958
165173
36535
5727
578
33
1
the data preparation cost 0.825354 seconds, the FPgrowth cost 5.178940 seconds

real	0m6.013s
user	0m5.331s
sys	0m0.064s
[PARSEC] [----------    End of output    ----------]
[PARSEC] Done.

real	0m8.016s
user	0m3.731s
sys	0m0.060s
[PARSEC] [----------    End of output    ----------]
[PARSEC] Done.
