[PARSEC] [========== PARSEC 3.0-beta-20150206 RUN LOGFILE ==========]

[PARSEC] Run with amd64-linux.gcc binaries and input simlarge started on Sun May 3 13:50:59 EDT 2020.
[PARSEC] Running 'time /home/rohan/uforea/parsec-3.0/pkgs/apps/vips/inst/amd64-linux.gcc/bin/vips im_benchmark bigben_2662x5500.v output.v':
[PARSEC] Benchmarks to run:  parsec.blackscholes
[PARSEC] [---------- Beginning of output ----------]

[PARSEC] [========== Running benchmark parsec.blackscholes [1] ==========]
[PARSEC] Deleting old run directory.
[PARSEC] Setting up run directory.
[PARSEC] Unpacking benchmark input 'simlarge'.
in_64K.txt
[PARSEC] Running 'time /home/rohan/uforea/parsec-3.0/pkgs/apps/blackscholes/inst/amd64-linux.gcc/bin/blackscholes 1 in_64K.txt prices.txt':
[PARSEC] [---------- Beginning of output ----------]
PARSEC Benchmark Suite Version 3.0-beta-20150206
Num of Options: 65536
Num of Runs: 100
Size of data: 2621440

real	0m0.699s
user	0m0.687s
sys	0m0.012s
[PARSEC] [----------    End of output    ----------]
[PARSEC] Done.

real	0m4.192s
user	0m4.279s
sys	0m0.120s
[PARSEC] [----------    End of output    ----------]
[PARSEC] Done.

real	0m6.933s
user	0m6.918s
sys	0m0.012s
[PARSEC] [----------    End of output    ----------]
[PARSEC] Done.
