[PARSEC] [========== PARSEC 3.0-beta-20150206 RUN LOGFILE ==========]

[PARSEC] [========== Running benchmark parsec.canneal [1] ==========]
[PARSEC] [---------- Beginning of output ----------]
[PARSEC] Run with amd64-linux.gcc binaries and input simlarge started on Wed May 27 18:15:06 EDT 2020.
[PARSEC] Benchmarks to run:  parsec.fluidanimate
PARSEC Benchmark Suite Version 3.0-beta-20150206
Loading file "in_300K.fluid"...
[PARSEC] Deleting old run directory.

[PARSEC] [========== Running benchmark parsec.fluidanimate [1] ==========]
[PARSEC] Setting up run directory.
[PARSEC] Deleting old run directory.
[PARSEC] Setting up run directory.
[PARSEC] Unpacking benchmark input 'simlarge'.
[PARSEC] Unpacking benchmark input 'simlarge'.
400000.nets
in_300K.fluid
Number of cells: 135424
Grids steps over x, y, z: 0.00282609 0.0028125 0.00282609
[PARSEC] Running 'time /home/rohan/uforea/parsec-3.0/pkgs/apps/fluidanimate/inst/amd64-linux.gcc/bin/fluidanimate 1 5 in_300K.fluid out.fluid':
[PARSEC] Running 'time /home/rohan/uforea/parsec-3.0/pkgs/kernels/canneal/inst/amd64-linux.gcc/bin/canneal 1 15000 2000 400000.nets 128':
[PARSEC] [---------- Beginning of output ----------]
[PARSEC] [---------- Beginning of output ----------]
PARSEC Benchmark Suite Version 3.0-beta-20150206
Loading file "in_300K.fluid"...
PARSEC Benchmark Suite Version 3.0-beta-20150206
Threadcount: 1
15000 swaps per temperature step
start temperature: 2000
netlist filename: 400000.nets
number of temperature steps: 128
locs created
Number of cells: 135424
Grids steps over x, y, z: 0.00282609 0.0028125 0.00282609
locs assigned
Number of particles: 305809
Number of particles: 305809
Just saw element: 100000
Saving file "out.fluid"...
fluidanimate: pthreads.cpp:396: void SaveFile(const char*): Assertion `file' failed.
Saving file "out.fluid"...
Just saw element: 200000

real	0m1.579s
user	0m1.449s
sys	0m0.128s
[PARSEC] [----------    End of output    ----------]
[PARSEC] Done.
/home/rohan/uforea/parsec-3.0/bin/parsecmgmt: line 1222:  7061 Aborted                 (core dumped) /home/rohan/uforea/parsec-3.0/pkgs/apps/fluidanimate/inst/amd64-linux.gcc/bin/fluidanimate 1 5 in_300K.fluid out.fluid

real	0m1.677s
user	0m1.384s
sys	0m0.160s
[PARSEC] [----------    End of output    ----------]
[PARSEC] Done.
Just saw element: 300000
Just saw element: 400000
netlist created. 400000 elements.
Final routing is: 6.90232e+08

real	0m5.820s
user	0m5.717s
sys	0m0.100s
[PARSEC] [----------    End of output    ----------]
[PARSEC] Done.
