[PARSEC] [========== PARSEC 3.0-beta-20150206 RUN LOGFILE ==========]

[PARSEC] Run with amd64-linux.gcc binaries and input simlarge started on Sat May 30 14:52:49 EDT 2020.
[PARSEC] Benchmarks to run:  parsec.vips

[PARSEC] [========== Running benchmark parsec.vips [1] ==========]
[PARSEC] Deleting old run directory.
[PARSEC] Setting up run directory.
Num of Options: 65536
Num of Runs: 100
Size of data: 2621440
[PARSEC] Unpacking benchmark input 'simlarge'.

real	0m0.857s
user	0m0.530s
sys	0m0.000s
[PARSEC] [----------    End of output    ----------]
bigben_2662x5500.v
[PARSEC] Done.
[PARSEC] Running 'time /home/rohan/uforea/parsec-3.0/pkgs/apps/vips/inst/amd64-linux.gcc/bin/vips im_benchmark bigben_2662x5500.v output.v':
[PARSEC] [---------- Beginning of output ----------]

real	0m8.266s
user	0m3.912s
sys	0m0.100s
[PARSEC] [----------    End of output    ----------]
[PARSEC] Done.
