[PARSEC] [========== PARSEC 3.0-beta-20150206 RUN LOGFILE ==========]

[PARSEC] Run with amd64-linux.gcc binaries and input simlarge started on Tue May 26 23:19:16 EDT 2020.
[PARSEC] Benchmarks to run:  parsec.vips

[PARSEC] Running 'time /home/rohan/uforea/parsec-3.0/pkgs/apps/vips/inst/amd64-linux.gcc/bin/vips im_benchmark bigben_2662x5500.v output.v':
[PARSEC] [========== Running benchmark parsec.vips [1] ==========]
[PARSEC] [---------- Beginning of output ----------]
[PARSEC] Deleting old run directory.
[PARSEC] Setting up run directory.
[PARSEC] Unpacking benchmark input 'simlarge'.
bigben_2662x5500.v
im_setupout: unable to write to "output.v"

real	0m0.042s
user	0m0.027s
sys	0m0.015s
[PARSEC] [----------    End of output    ----------]
[PARSEC] Done.
[PARSEC] Running 'time /home/rohan/uforea/parsec-3.0/pkgs/apps/vips/inst/amd64-linux.gcc/bin/vips im_benchmark bigben_2662x5500.v output.v':
[PARSEC] [---------- Beginning of output ----------]
Num of Options: 65536
Num of Runs: 100
Size of data: 2621440

real	0m0.724s
user	0m0.719s
sys	0m0.004s
[PARSEC] [----------    End of output    ----------]
[PARSEC] Done.

real	0m4.256s
user	0m4.258s
sys	0m0.154s
[PARSEC] [----------    End of output    ----------]
[PARSEC] Done.
