[PARSEC] [========== PARSEC 3.0-beta-20150206 RUN LOGFILE ==========]

[PARSEC] Run with amd64-linux.gcc binaries and input simlarge started on Fri May 29 21:49:10 EDT 2020.
[PARSEC] Run with amd64-linux.gcc binaries and input simlarge started on Fri May 29 21:49:10 EDT 2020.
[PARSEC] Benchmarks to run:  parsec.vips
[PARSEC] Benchmarks to run:  parsec.canneal
[PARSEC] Run with amd64-linux.gcc binaries and input simlarge started on Fri May 29 21:49:10 EDT 2020.


[PARSEC] Benchmarks to run:  parsec.canneal
[PARSEC] [========== Running benchmark parsec.vips [1] ==========]
[PARSEC] [========== Running benchmark parsec.canneal [1] ==========]

[PARSEC] [========== Running benchmark parsec.canneal [1] ==========]
[PARSEC] Deleting old run directory.
[PARSEC] Deleting old run directory.
[PARSEC] Deleting old run directory.
[PARSEC] Setting up run directory.
[PARSEC] Setting up run directory.
[PARSEC] Unpacking benchmark input 'simlarge'.
[PARSEC] Setting up run directory.
[PARSEC] Unpacking benchmark input 'simlarge'.
400000.nets
400000.nets
[PARSEC] Unpacking benchmark input 'simlarge'.
bigben_2662x5500.v
[PARSEC] Running 'time /home/rohan/uforea/parsec-3.0/pkgs/kernels/canneal/inst/amd64-linux.gcc/bin/canneal 1 15000 2000 400000.nets 128':
[PARSEC] Running 'time /home/rohan/uforea/parsec-3.0/pkgs/kernels/canneal/inst/amd64-linux.gcc/bin/canneal 1 15000 2000 400000.nets 128':
[PARSEC] [---------- Beginning of output ----------]
[PARSEC] [---------- Beginning of output ----------]
PARSEC Benchmark Suite Version 3.0-beta-20150206
Threadcount: 1
15000 swaps per temperature step
start temperature: 2000
netlist filename: 400000.nets
number of temperature steps: 128
PARSEC Benchmark Suite Version 3.0-beta-20150206
Threadcount: 1
15000 swaps per temperature step
start temperature: 2000
netlist filename: 400000.nets
number of temperature steps: 128
locs created
locs created
locs assigned
locs assigned
[PARSEC] Running 'time /home/rohan/uforea/parsec-3.0/pkgs/apps/vips/inst/amd64-linux.gcc/bin/vips im_benchmark bigben_2662x5500.v output.v':
[PARSEC] [---------- Beginning of output ----------]
Just saw element: 100000
Just saw element: 100000
Just saw element: 200000
Just saw element: 200000
Just saw element: 300000
Just saw element: 300000
Just saw element: 400000
netlist created. 400000 elements.
Just saw element: 400000
netlist created. 400000 elements.

real	0m19.848s
user	0m3.696s
sys	0m0.057s
[PARSEC] [----------    End of output    ----------]
[PARSEC] Done.
Final routing is: 6.90232e+08
Final routing is: 6.90232e+08

real	0m27.329s
user	0m5.446s
sys	0m0.057s
[PARSEC] [----------    End of output    ----------]

real	0m27.353s
user	0m5.439s
sys	0m0.063s
[PARSEC] Done.
[PARSEC] [----------    End of output    ----------]
[PARSEC] Done.
