[PARSEC] [========== PARSEC 3.0-beta-20150206 RUN LOGFILE ==========]

[PARSEC] Run with amd64-linux.gcc binaries and input simlarge started on Sun May 3 23:05:35 EDT 2020.
[PARSEC] Benchmarks to run:  parsec.vips

[PARSEC] [========== Running benchmark parsec.vips [1] ==========]
[PARSEC] Deleting old run directory.
[PARSEC] Setting up run directory.
[PARSEC] Unpacking benchmark input 'simlarge'.
bigben_2662x5500.v
Num of Options: 65536
Num of Runs: 100
Size of data: 2621440

real	0m0.720s
user	0m0.711s
sys	0m0.008s
[PARSEC] [----------    End of output    ----------]
[PARSEC] Done.
[PARSEC] Running 'time /home/rohan/uforea/parsec-3.0/pkgs/apps/vips/inst/amd64-linux.gcc/bin/vips im_benchmark bigben_2662x5500.v output.v':
[PARSEC] [---------- Beginning of output ----------]

real	0m4.304s
user	0m4.360s
sys	0m0.089s
[PARSEC] [----------    End of output    ----------]
[PARSEC] Done.

real	0m7.075s
user	0m7.069s
sys	0m0.004s
[PARSEC] [----------    End of output    ----------]
[PARSEC] Done.
