[PARSEC] [========== PARSEC 3.0-beta-20150206 RUN LOGFILE ==========]

PARSEC Benchmark Suite Version 3.0-beta-20150206
[PARSEC] Run with amd64-linux.gcc binaries and input simlarge started on Mon Feb 17 18:54:07 EST 2020.
[PARSEC] Benchmarks to run:  parsec.canneal

[PARSEC] [========== Running benchmark parsec.canneal [1] ==========]
[PARSEC] Deleting old run directory.
[PARSEC] Setting up run directory.
[PARSEC] Unpacking benchmark input 'simlarge'.
400000.nets
[PARSEC] Running 'time /home/rohan/uforea/parsec-3.0/pkgs/kernels/canneal/inst/amd64-linux.gcc/bin/canneal 1 15000 2000 400000.nets 128':
[PARSEC] [---------- Beginning of output ----------]
PARSEC Benchmark Suite Version 3.0-beta-20150206
Threadcount: 1
15000 swaps per temperature step
start temperature: 2000
netlist filename: 400000.nets
number of temperature steps: 128
locs created
Num of Options: 65536
Num of Runs: 100
Size of data: 2621440

real	0m1.033s
user	0m1.017s
sys	0m0.008s
[PARSEC] [----------    End of output    ----------]
[PARSEC] Done.
locs assigned
terminate called after throwing an instance of 'std::out_of_range'
  what():  vector::_M_range_check: __n (which is 0) >= this->size() (which is 0)
/home/rohan/uforea/parsec-3.0/bin/parsecmgmt: line 1222: 17988 Aborted                 (core dumped) /home/rohan/uforea/parsec-3.0/pkgs/kernels/canneal/inst/amd64-linux.gcc/bin/canneal 1 15000 2000 400000.nets 128

real	0m27.423s
user	0m6.238s
sys	0m20.821s
[PARSEC] [----------    End of output    ----------]
[PARSEC] Done.
