[PARSEC] [========== PARSEC 3.0-beta-20150206 RUN LOGFILE ==========]

[PARSEC] [========== Running benchmark parsec.freqmine [1] ==========]
[PARSEC] Run with amd64-linux.gcc binaries and input simlarge started on Sun May 3 22:17:25 EDT 2020.
[PARSEC] Benchmarks to run:  parsec.freqmine
[PARSEC] Deleting old run directory.

[PARSEC] [========== Running benchmark parsec.freqmine [1] ==========]
[PARSEC] Setting up run directory.
[PARSEC] Deleting old run directory.
[PARSEC] Unpacking benchmark input 'simlarge'.
[PARSEC] Setting up run directory.
kosarak_990k.dat
[PARSEC] Running 'time /home/rohan/uforea/parsec-3.0/pkgs/apps/freqmine/inst/amd64-linux.gcc/bin/freqmine kosarak_990k.dat 790':
[PARSEC] Unpacking benchmark input 'simlarge'.
[PARSEC] [---------- Beginning of output ----------]
kosarak_990k.dat
PARSEC Benchmark Suite Version 3.0-beta-20150206
kosarak_990k.dat could not be opened!

real	0m0.003s
user	0m0.000s
sys	0m0.003s
[PARSEC] [----------    End of output    ----------]
[PARSEC] Done.
[PARSEC] Running 'time /home/rohan/uforea/parsec-3.0/pkgs/apps/freqmine/inst/amd64-linux.gcc/bin/freqmine kosarak_990k.dat 790':
[PARSEC] [---------- Beginning of output ----------]
PARSEC Benchmark Suite Version 3.0-beta-20150206
transaction number is 990002
1548
13483
46649
131381
415489
1239344
2985564
5696308
8709873
10789491
10902648
9011183
6094236
3374161
1530954
564958
165173
36535
5727
578
33
1
the data preparation cost 0.317849 seconds, the FPgrowth cost 16.050507 seconds

real	0m16.371s
user	0m5.792s
sys	0m0.092s
[PARSEC] [----------    End of output    ----------]
[PARSEC] Done.
transaction number is 990002
1548
13483
46649
131381
415489
1239344
2985564
5696308
8709873
10789491
10902648
9011183
6094236
3374161
1530954
564958
165173
36535
5727
578
33
1
the data preparation cost 0.299192 seconds, the FPgrowth cost 16.212597 seconds

real	0m16.515s
user	0m5.824s
sys	0m0.080s
[PARSEC] [----------    End of output    ----------]
[PARSEC] Done.
