[PARSEC] [========== PARSEC 3.0-beta-20150206 RUN LOGFILE ==========]

[PARSEC] Run with amd64-linux.gcc binaries and input simlarge started on Thu May 28 23:35:04 EDT 2020.
[PARSEC] Benchmarks to run:  parsec.fluidanimate

[PARSEC] [========== Running benchmark parsec.fluidanimate [1] ==========]
[PARSEC] Deleting old run directory.
[PARSEC] Setting up run directory.
[PARSEC] Unpacking benchmark input 'simlarge'.
in_300K.fluid
[PARSEC] Running 'time /home/rohan/uforea/parsec-3.0/pkgs/apps/fluidanimate/inst/amd64-linux.gcc/bin/fluidanimate 1 5 in_300K.fluid out.fluid':
[PARSEC] [---------- Beginning of output ----------]
PARSEC Benchmark Suite Version 3.0-beta-20150206
Loading file "in_300K.fluid"...
Num of Options: 65536
Num of Runs: 100
Size of data: 2621440
ERROR: Unable to open file prices.txt.

real	0m1.239s
user	0m0.490s
sys	0m0.003s
Number of cells: 135424
Grids steps over x, y, z: 0.00282609 0.0028125 0.00282609
[PARSEC] [----------    End of output    ----------]
[PARSEC] Done.
Number of particles: 305809
Num of Options: 65536
Num of Runs: 100
Size of data: 2621440

real	0m1.189s
user	0m0.527s
sys	0m0.004s
[PARSEC] [----------    End of output    ----------]
[PARSEC] Done.
Saving file "out.fluid"...

real	0m1.954s
user	0m1.269s
sys	0m0.087s
[PARSEC] [----------    End of output    ----------]
[PARSEC] Done.
