[PARSEC] [========== PARSEC 3.0-beta-20150206 RUN LOGFILE ==========]

[PARSEC] Run with amd64-linux.gcc binaries and input simlarge started on Sun May 31 21:21:29 EDT 2020.
Num of Options: 65536
Num of Runs: 100
Size of data: 2621440

real	0m0.784s
user	0m0.536s
sys	0m0.000s
[PARSEC] Benchmarks to run:  parsec.vips
[PARSEC] [----------    End of output    ----------]

[PARSEC] Done.
[PARSEC] [========== Running benchmark parsec.vips [1] ==========]
[PARSEC] Deleting old run directory.
[PARSEC] Setting up run directory.
[PARSEC] Unpacking benchmark input 'simlarge'.
bigben_2662x5500.v
[PARSEC] Running 'time /home/rohan/uforea/parsec-3.0/pkgs/apps/vips/inst/amd64-linux.gcc/bin/vips im_benchmark bigben_2662x5500.v output.v':
[PARSEC] [---------- Beginning of output ----------]

real	0m9.417s
user	0m3.725s
sys	0m0.080s
[PARSEC] [----------    End of output    ----------]
[PARSEC] Done.
