[PARSEC] [========== PARSEC 3.0-beta-20150206 RUN LOGFILE ==========]


[PARSEC] Run with amd64-linux.gcc binaries and input simlarge started on Sun May 3 01:07:45 EDT 2020.
[PARSEC] Run with amd64-linux.gcc binaries and input simlarge started on Sun May 3 01:07:45 EDT 2020.
[PARSEC] Benchmarks to run:  parsec.freqmine
[PARSEC] Run with amd64-linux.gcc binaries and input simlarge started on Sun May 3 01:07:45 EDT 2020.
[PARSEC] Benchmarks to run:  parsec.streamcluster
[PARSEC] Benchmarks to run:  parsec.vips



[PARSEC] [========== Running benchmark parsec.freqmine [1] ==========]
[PARSEC] [========== Running benchmark parsec.streamcluster [1] ==========]
[PARSEC] [========== Running benchmark parsec.vips [1] ==========]
[PARSEC] Deleting old run directory.
[PARSEC] Deleting old run directory.
[PARSEC] Deleting old run directory.
[PARSEC] Setting up run directory.
[PARSEC] No archive for input 'simlarge' available, skipping input setup.
[PARSEC] Running 'time /home/rohan/uforea/parsec-3.0/pkgs/kernels/streamcluster/inst/amd64-linux.gcc/bin/streamcluster 10 20 128 16384 16384 1000 none output.txt 1':
[PARSEC] Setting up run directory.
[PARSEC] [---------- Beginning of output ----------]
[PARSEC] Unpacking benchmark input 'simlarge'.
PARSEC Benchmark Suite Version 3.0-beta-20150206
kosarak_990k.dat
[PARSEC] Setting up run directory.
[PARSEC] Unpacking benchmark input 'simlarge'.
bigben_2662x5500.v
read 16384 points
[PARSEC] Running 'time /home/rohan/uforea/parsec-3.0/pkgs/apps/freqmine/inst/amd64-linux.gcc/bin/freqmine kosarak_990k.dat 790':
[PARSEC] [---------- Beginning of output ----------]
PARSEC Benchmark Suite Version 3.0-beta-20150206
[PARSEC] Running 'time /home/rohan/uforea/parsec-3.0/pkgs/apps/vips/inst/amd64-linux.gcc/bin/vips im_benchmark bigben_2662x5500.v output.v':
[PARSEC] [---------- Beginning of output ----------]

real	0m4.024s
user	0m4.012s
sys	0m0.112s
[PARSEC] [----------    End of output    ----------]
[PARSEC] Done.
transaction number is 990002
1548
13483
46649
131381
415489
1239344
2985564
5696308
8709873
10789491
10902648
9011183
6094236
3374161
1530954
564958
165173
36535
5727
578
33
1
the data preparation cost 0.305886 seconds, the FPgrowth cost 5.953166 seconds

real	0m6.264s
user	0m5.680s
sys	0m0.092s
[PARSEC] [----------    End of output    ----------]
[PARSEC] Done.

real	0m7.125s
user	0m7.106s
sys	0m0.016s
[PARSEC] [----------    End of output    ----------]
[PARSEC] Done.
