[PARSEC] [========== PARSEC 3.0-beta-20150206 RUN LOGFILE ==========]

PARSEC Benchmark Suite Version 3.0-beta-20150206
[PARSEC] Run with amd64-linux.gcc binaries and input simlarge started on Wed May 27 19:37:38 EDT 2020.
[PARSEC] Benchmarks to run:  parsec.vips

[PARSEC] Running 'time /home/rohan/uforea/parsec-3.0/pkgs/apps/blackscholes/inst/amd64-linux.gcc/bin/blackscholes 1 in_64K.txt prices.txt':
[PARSEC] [========== Running benchmark parsec.vips [1] ==========]
[PARSEC] [---------- Beginning of output ----------]
[PARSEC] Deleting old run directory.
PARSEC Benchmark Suite Version 3.0-beta-20150206
[PARSEC] Setting up run directory.
[PARSEC] Unpacking benchmark input 'simlarge'.
bigben_2662x5500.v
read 16384 points
[PARSEC] Running 'time /home/rohan/uforea/parsec-3.0/pkgs/apps/vips/inst/amd64-linux.gcc/bin/vips im_benchmark bigben_2662x5500.v output.v':
[PARSEC] [---------- Beginning of output ----------]
Num of Options: 65536
Num of Runs: 100
Size of data: 2621440

real	0m0.735s
user	0m0.727s
sys	0m0.008s
[PARSEC] [----------    End of output    ----------]
[PARSEC] Done.

real	0m4.125s
user	0m4.175s
sys	0m0.118s
[PARSEC] [----------    End of output    ----------]
[PARSEC] Done.

real	0m6.959s
user	0m6.952s
sys	0m0.004s
[PARSEC] [----------    End of output    ----------]
[PARSEC] Done.
