[PARSEC] [========== PARSEC 3.0-beta-20150206 RUN LOGFILE ==========]

[PARSEC] [========== Running benchmark parsec.freqmine [1] ==========]
[PARSEC] Running 'time /home/rohan/uforea/parsec-3.0/pkgs/kernels/streamcluster/inst/amd64-linux.gcc/bin/streamcluster 10 20 128 16384 16384 1000 none output.txt 1':
[PARSEC] Run with amd64-linux.gcc binaries and input simlarge started on Sat May 2 23:58:53 EDT 2020.
[PARSEC] [---------- Beginning of output ----------]
[PARSEC] Benchmarks to run:  parsec.vips
[PARSEC] Deleting old run directory.

PARSEC Benchmark Suite Version 3.0-beta-20150206
[PARSEC] [========== Running benchmark parsec.vips [1] ==========]
[PARSEC] Deleting old run directory.
[PARSEC] Setting up run directory.
[PARSEC] Setting up run directory.
[PARSEC] Unpacking benchmark input 'simlarge'.
[PARSEC] Unpacking benchmark input 'simlarge'.
kosarak_990k.dat
bigben_2662x5500.v
read 16384 points
[PARSEC] Running 'time /home/rohan/uforea/parsec-3.0/pkgs/apps/freqmine/inst/amd64-linux.gcc/bin/freqmine kosarak_990k.dat 790':
[PARSEC] [---------- Beginning of output ----------]
PARSEC Benchmark Suite Version 3.0-beta-20150206
[PARSEC] Running 'time /home/rohan/uforea/parsec-3.0/pkgs/apps/vips/inst/amd64-linux.gcc/bin/vips im_benchmark bigben_2662x5500.v output.v':
[PARSEC] [---------- Beginning of output ----------]

real	0m4.123s
user	0m4.161s
sys	0m0.109s
[PARSEC] [----------    End of output    ----------]
[PARSEC] Done.
transaction number is 990002
1548
13483
46649
131381
415489
1239344
2985564
5696308
8709873
10789491
10902648
9011183
6094236
3374161
1530954
564958
165173
36535
5727
578
33
1
the data preparation cost 0.298915 seconds, the FPgrowth cost 5.677315 seconds

real	0m5.981s
user	0m5.921s
sys	0m0.056s
[PARSEC] [----------    End of output    ----------]
[PARSEC] Done.

real	0m7.079s
user	0m7.068s
sys	0m0.008s
[PARSEC] [----------    End of output    ----------]
[PARSEC] Done.
