[PARSEC] [========== PARSEC 3.0-beta-20150206 RUN LOGFILE ==========]


[PARSEC] Unpacking benchmark input 'simlarge'.
[PARSEC] Run with amd64-linux.gcc binaries and input simlarge started on Sun May 3 16:57:49 EDT 2020.
[PARSEC] [========== Running benchmark parsec.blackscholes [1] ==========]
[PARSEC] Benchmarks to run:  parsec.vips

bigben_2662x5500.v
[PARSEC] Deleting old run directory.
[PARSEC] [========== Running benchmark parsec.vips [1] ==========]
[PARSEC] Setting up run directory.
[PARSEC] Deleting old run directory.
[PARSEC] Unpacking benchmark input 'simlarge'.
[PARSEC] Setting up run directory.
[PARSEC] Unpacking benchmark input 'simlarge'.
in_64K.txt
bigben_2662x5500.v
[PARSEC] Running 'time /home/rohan/uforea/parsec-3.0/pkgs/apps/blackscholes/inst/amd64-linux.gcc/bin/blackscholes 1 in_64K.txt prices.txt':
[PARSEC] [---------- Beginning of output ----------]
PARSEC Benchmark Suite Version 3.0-beta-20150206
[PARSEC] Running 'time /home/rohan/uforea/parsec-3.0/pkgs/apps/vips/inst/amd64-linux.gcc/bin/vips im_benchmark bigben_2662x5500.v output.v':
[PARSEC] Running 'time /home/rohan/uforea/parsec-3.0/pkgs/apps/vips/inst/amd64-linux.gcc/bin/vips im_benchmark bigben_2662x5500.v output.v':
[PARSEC] [---------- Beginning of output ----------]
[PARSEC] [---------- Beginning of output ----------]
format_for_file: file "bigben_2662x5500.v" not found

real	0m0.003s
user	0m0.003s
sys	0m0.000s
[PARSEC] [----------    End of output    ----------]
[PARSEC] Done.
Num of Options: 65536
Num of Runs: 100
Size of data: 2621440

real	0m0.713s
user	0m0.708s
sys	0m0.004s
[PARSEC] [----------    End of output    ----------]
[PARSEC] Done.

real	0m4.277s
user	0m4.277s
sys	0m0.138s
[PARSEC] [----------    End of output    ----------]
[PARSEC] Done.
