[PARSEC] [========== PARSEC 3.0-beta-20150206 RUN LOGFILE ==========]

[PARSEC] [---------- Beginning of output ----------]
[PARSEC] Run with amd64-linux.gcc binaries and input native started on Tue Jun 8 12:30:50 EDT 2021.
[PARSEC] Benchmarks to run:  parsec.freqmine
PARSEC Benchmark Suite Version 3.0-beta-20150206
Loading file "in_500K.fluid"...

[PARSEC] [========== Running benchmark parsec.freqmine [1] ==========]
[PARSEC] Deleting old run directory.
Number of cells: 229900
Grids steps over x, y, z: 0.00236364 0.00236842 0.00236364
[PARSEC] Setting up run directory.
[PARSEC] Unpacking benchmark input 'native'.
webdocs_250k.dat
read 200000 points
[PARSEC] Running 'time /home/rohan/uforea/parsec-3.0/pkgs/apps/freqmine/inst/amd64-linux.gcc/bin/freqmine webdocs_250k.dat 11000':
[PARSEC] [---------- Beginning of output ----------]
PARSEC Benchmark Suite Version 3.0-beta-20150206
Number of particles: 501642
read 200000 points
read 200000 points
read 200000 points
Saving file "out.fluid"...

real	7m1.014s
user	7m0.520s
sys	0m0.292s
[PARSEC] [----------    End of output    ----------]
[PARSEC] Done.
read 200000 points
transaction number is 250000
829
28599
363898
2699198
13410070
47495313
124190838
245065199
369974305
430373350
386138019
265795578
138598934
53551164
14790217
2753445
311877
17498
269
the data preparation cost 1.251044 seconds, the FPgrowth cost 607.568157 seconds

real	10m8.832s
user	10m7.720s
sys	0m0.736s
[PARSEC] [----------    End of output    ----------]
[PARSEC] Done.
