[PARSEC] [========== PARSEC 3.0-beta-20150206 RUN LOGFILE ==========]

[PARSEC] Run with amd64-linux.gcc binaries and input simlarge started on Sun May 3 21:10:56 EDT 2020.
[PARSEC] Benchmarks to run:  parsec.vips

[PARSEC] [========== Running benchmark parsec.vips [1] ==========]
Number of particles: 305809
[PARSEC] Deleting old run directory.
[PARSEC] Setting up run directory.
[PARSEC] Unpacking benchmark input 'simlarge'.
bigben_2662x5500.v
[PARSEC] Running 'time /home/rohan/uforea/parsec-3.0/pkgs/apps/vips/inst/amd64-linux.gcc/bin/vips im_benchmark bigben_2662x5500.v output.v':
[PARSEC] [---------- Beginning of output ----------]
Saving file "out.fluid"...

real	0m1.678s
user	0m1.549s
sys	0m0.128s
[PARSEC] [----------    End of output    ----------]
[PARSEC] Done.

real	0m4.266s
user	0m4.294s
sys	0m0.105s
[PARSEC] [----------    End of output    ----------]
[PARSEC] Done.
