[PARSEC] [========== PARSEC 3.0-beta-20150206 RUN LOGFILE ==========]

Grids steps over x, y, z: 0.00282609 0.0028125 0.00282609
[PARSEC] Run with amd64-linux.gcc binaries and input simlarge started on Tue Jun 2 08:59:38 EDT 2020.
[PARSEC] Benchmarks to run:  parsec.freqmine

[PARSEC] [========== Running benchmark parsec.freqmine [1] ==========]
[PARSEC] Deleting old run directory.
[PARSEC] Setting up run directory.
[PARSEC] Unpacking benchmark input 'simlarge'.
kosarak_990k.dat
[PARSEC] Running 'time /home/rohan/uforea/parsec-3.0/pkgs/apps/freqmine/inst/amd64-linux.gcc/bin/freqmine kosarak_990k.dat 790':
Number of particles: 305809
[PARSEC] [---------- Beginning of output ----------]
PARSEC Benchmark Suite Version 3.0-beta-20150206
Saving file "out.fluid"...
fluidanimate: pthreads.cpp:396: void SaveFile(const char*): Assertion `file' failed.
/home/rohan/uforea/parsec-3.0/bin/parsecmgmt: line 1222: 11074 Aborted                 (core dumped) /home/rohan/uforea/parsec-3.0/pkgs/apps/fluidanimate/inst/amd64-linux.gcc/bin/fluidanimate 1 5 in_300K.fluid out.fluid

real	0m2.381s
user	0m1.195s
sys	0m0.111s
[PARSEC] [----------    End of output    ----------]
[PARSEC] Done.
transaction number is 990002
1548
13483
46649
131381
415489
1239344
2985564
5696308
8709873
10789491
10902648
9011183
6094236
3374161
1530954
564958
165173
36535
5727
578
33
1
the data preparation cost 0.443471 seconds, the FPgrowth cost 5.178254 seconds

real	0m5.633s
user	0m5.317s
sys	0m0.076s
[PARSEC] [----------    End of output    ----------]
[PARSEC] Done.
