[PARSEC] [========== PARSEC 3.0-beta-20150206 RUN LOGFILE ==========]

PARSEC Benchmark Suite Version 3.0-beta-20150206
Threadcount: 1
15000 swaps per temperature step
start temperature: 2000
netlist filename: 400000.nets
number of temperature steps: 128
[PARSEC] Run with amd64-linux.gcc binaries and input simlarge started on Mon Jun 1 18:48:44 EDT 2020.
[PARSEC] Benchmarks to run:  parsec.vips

locs created
[PARSEC] [========== Running benchmark parsec.vips [1] ==========]
locs assigned
[PARSEC] Deleting old run directory.
[PARSEC] Setting up run directory.
[PARSEC] Unpacking benchmark input 'simlarge'.
bigben_2662x5500.v
[PARSEC] Running 'time /home/rohan/uforea/parsec-3.0/pkgs/apps/vips/inst/amd64-linux.gcc/bin/vips im_benchmark bigben_2662x5500.v output.v':
[PARSEC] [---------- Beginning of output ----------]
Just saw element: 100000
Just saw element: 200000
Just saw element: 300000
Just saw element: 400000
netlist created. 400000 elements.

real	0m12.659s
user	0m3.776s
sys	0m0.063s
[PARSEC] [----------    End of output    ----------]
[PARSEC] Done.
Final routing is: 6.90232e+08

real	0m17.206s
user	0m5.442s
sys	0m0.055s
[PARSEC] [----------    End of output    ----------]
[PARSEC] Done.
