[PARSEC] [========== PARSEC 3.0-beta-20150206 RUN LOGFILE ==========]

[PARSEC] Run with amd64-linux.gcc binaries and input simlarge started on Tue Jun 2 16:14:57 EDT 2020.
[PARSEC] Benchmarks to run:  parsec.freqmine
[PARSEC] Benchmarks to run:  parsec.vips

[PARSEC] Run with amd64-linux.gcc binaries and input simlarge started on Tue Jun 2 16:14:57 EDT 2020.

[PARSEC] [========== Running benchmark parsec.freqmine [1] ==========]
[PARSEC] Benchmarks to run:  parsec.freqmine
[PARSEC] [========== Running benchmark parsec.vips [1] ==========]

[PARSEC] Deleting old run directory.
[PARSEC] [========== Running benchmark parsec.freqmine [1] ==========]
[PARSEC] Deleting old run directory.
[PARSEC] Deleting old run directory.
[PARSEC] Setting up run directory.
[PARSEC] Setting up run directory.
[PARSEC] Unpacking benchmark input 'simlarge'.
[PARSEC] Setting up run directory.
kosarak_990k.dat
[PARSEC] Unpacking benchmark input 'simlarge'.
[PARSEC] Unpacking benchmark input 'simlarge'.
kosarak_990k.dat
bigben_2662x5500.v
[PARSEC] Running 'time /home/rohan/uforea/parsec-3.0/pkgs/apps/freqmine/inst/amd64-linux.gcc/bin/freqmine kosarak_990k.dat 790':
[PARSEC] Running 'time /home/rohan/uforea/parsec-3.0/pkgs/apps/freqmine/inst/amd64-linux.gcc/bin/freqmine kosarak_990k.dat 790':
[PARSEC] [---------- Beginning of output ----------]
[PARSEC] [---------- Beginning of output ----------]
PARSEC Benchmark Suite Version 3.0-beta-20150206
PARSEC Benchmark Suite Version 3.0-beta-20150206
[PARSEC] Running 'time /home/rohan/uforea/parsec-3.0/pkgs/apps/vips/inst/amd64-linux.gcc/bin/vips im_benchmark bigben_2662x5500.v output.v':
[PARSEC] [---------- Beginning of output ----------]
transaction number is 990002
1548
13483
46649
131381
415489
1239344
2985564
5696308
8709873
10789491
10902648
9011183
6094236
3374161
1530954
564958
165173
36535
5727
578
33
1
the data preparation cost 1.040909 seconds, the FPgrowth cost 10.443790 seconds

real	0m11.499s
user	0m5.349s
sys	0m0.095s
[PARSEC] [----------    End of output    ----------]
transaction number is 990002
1548
13483
46649
131381
415489
1239344
2985564
5696308
8709873
10789491
10902648
9011183
6094236
3374161
1530954
564958
165173
36535
5727
578
33
1
the data preparation cost 1.038281 seconds, the FPgrowth cost 10.441051 seconds

real	0m11.516s
user	0m5.401s
sys	0m0.051s
[PARSEC] Done.
[PARSEC] [----------    End of output    ----------]
[PARSEC] Done.

real	0m11.811s
user	0m3.742s
sys	0m0.070s
[PARSEC] [----------    End of output    ----------]
[PARSEC] Done.
