[PARSEC] [========== PARSEC 3.0-beta-20150206 RUN LOGFILE ==========]

locs created
[PARSEC] Run with amd64-linux.gcc binaries and input simlarge started on Sun May 3 22:12:36 EDT 2020.
[PARSEC] Benchmarks to run:  parsec.blackscholes

[PARSEC] [========== Running benchmark parsec.blackscholes [1] ==========]
[PARSEC] Deleting old run directory.
locs assigned
[PARSEC] Setting up run directory.
[PARSEC] Unpacking benchmark input 'simlarge'.
in_64K.txt
Number of particles: 305809
[PARSEC] Running 'time /home/rohan/uforea/parsec-3.0/pkgs/apps/blackscholes/inst/amd64-linux.gcc/bin/blackscholes 1 in_64K.txt prices.txt':
[PARSEC] [---------- Beginning of output ----------]
PARSEC Benchmark Suite Version 3.0-beta-20150206
Num of Options: 65536
Num of Runs: 100
Size of data: 2621440

real	0m0.633s
user	0m0.633s
sys	0m0.000s
[PARSEC] [----------    End of output    ----------]
[PARSEC] Done.
Just saw element: 100000
Saving file "out.fluid"...
Just saw element: 200000

real	0m1.705s
user	0m1.535s
sys	0m0.168s
[PARSEC] [----------    End of output    ----------]
[PARSEC] Done.
Just saw element: 300000
Just saw element: 400000
netlist created. 400000 elements.
Final routing is: 6.90232e+08

real	0m5.666s
user	0m5.604s
sys	0m0.060s
[PARSEC] [----------    End of output    ----------]
[PARSEC] Done.
