[PARSEC] [========== PARSEC 3.0-beta-20150206 RUN LOGFILE ==========]

[PARSEC] Run with amd64-linux.gcc binaries and input simlarge started on Sun May 31 09:04:10 EDT 2020.
[PARSEC] Benchmarks to run:  parsec.fluidanimate
[PARSEC] Benchmarks to run:  parsec.blackscholes
[PARSEC] Run with amd64-linux.gcc binaries and input simlarge started on Sun May 31 09:04:10 EDT 2020.


[PARSEC] Benchmarks to run:  parsec.canneal
[PARSEC] [========== Running benchmark parsec.fluidanimate [1] ==========]
[PARSEC] [========== Running benchmark parsec.blackscholes [1] ==========]

[PARSEC] [========== Running benchmark parsec.canneal [1] ==========]
[PARSEC] Deleting old run directory.
[PARSEC] Deleting old run directory.
[PARSEC] Deleting old run directory.
[PARSEC] Setting up run directory.
[PARSEC] Setting up run directory.
[PARSEC] Setting up run directory.
[PARSEC] Unpacking benchmark input 'simlarge'.
[PARSEC] Unpacking benchmark input 'simlarge'.
[PARSEC] Unpacking benchmark input 'simlarge'.
in_64K.txt
[PARSEC] Running 'time /home/rohan/uforea/parsec-3.0/pkgs/apps/blackscholes/inst/amd64-linux.gcc/bin/blackscholes 1 in_64K.txt prices.txt':
in_300K.fluid
400000.nets
[PARSEC] Running 'time /home/rohan/uforea/parsec-3.0/pkgs/apps/fluidanimate/inst/amd64-linux.gcc/bin/fluidanimate 1 5 in_300K.fluid out.fluid':
[PARSEC] [---------- Beginning of output ----------]
[PARSEC] Running 'time /home/rohan/uforea/parsec-3.0/pkgs/kernels/canneal/inst/amd64-linux.gcc/bin/canneal 1 15000 2000 400000.nets 128':
[PARSEC] [---------- Beginning of output ----------]
[PARSEC] [---------- Beginning of output ----------]
PARSEC Benchmark Suite Version 3.0-beta-20150206
PARSEC Benchmark Suite Version 3.0-beta-20150206
Loading file "in_300K.fluid"...
PARSEC Benchmark Suite Version 3.0-beta-20150206
Threadcount: 1
15000 swaps per temperature step
start temperature: 2000
netlist filename: 400000.nets
number of temperature steps: 128
locs created
Number of cells: 135424
Grids steps over x, y, z: 0.00282609 0.0028125 0.00282609
locs assigned
Number of particles: 305809
Num of Options: 65536
Num of Runs: 100
Size of data: 2621440

real	0m1.551s
user	0m0.511s
sys	0m0.012s
[PARSEC] [----------    End of output    ----------]
[PARSEC] Done.
Just saw element: 100000
Saving file "out.fluid"...
Just saw element: 200000

real	0m3.353s
user	0m1.281s
sys	0m0.093s
[PARSEC] [----------    End of output    ----------]
[PARSEC] Done.
Just saw element: 300000
Just saw element: 400000
netlist created. 400000 elements.
Final routing is: 6.90232e+08

real	0m9.096s
user	0m4.998s
sys	0m0.060s
[PARSEC] [----------    End of output    ----------]
[PARSEC] Done.
