[PARSEC] [========== PARSEC 3.0-beta-20150206 RUN LOGFILE ==========]

[PARSEC] Run with amd64-linux.gcc binaries and input simlarge started on Mon May 4 00:00:02 EDT 2020.
[PARSEC] Benchmarks to run:  parsec.vips
in_300K.fluid

[PARSEC] [========== Running benchmark parsec.vips [1] ==========]
[PARSEC] Deleting old run directory.
[PARSEC] Setting up run directory.
[PARSEC] Running 'time /home/rohan/uforea/parsec-3.0/pkgs/apps/fluidanimate/inst/amd64-linux.gcc/bin/fluidanimate 1 5 in_300K.fluid out.fluid':
[PARSEC] Unpacking benchmark input 'simlarge'.
[PARSEC] [---------- Beginning of output ----------]
PARSEC Benchmark Suite Version 3.0-beta-20150206
Loading file "in_300K.fluid"...
bigben_2662x5500.v
Number of cells: 135424
Grids steps over x, y, z: 0.00282609 0.0028125 0.00282609
[PARSEC] Running 'time /home/rohan/uforea/parsec-3.0/pkgs/apps/vips/inst/amd64-linux.gcc/bin/vips im_benchmark bigben_2662x5500.v output.v':
[PARSEC] [---------- Beginning of output ----------]
Number of particles: 305809
Saving file "out.fluid"...

real	0m1.618s
user	0m1.454s
sys	0m0.164s
[PARSEC] [----------    End of output    ----------]
[PARSEC] Done.

real	0m4.351s
user	0m4.379s
sys	0m0.130s
[PARSEC] [----------    End of output    ----------]
[PARSEC] Done.
