[PARSEC] [========== PARSEC 3.0-beta-20150206 RUN LOGFILE ==========]


[PARSEC] Run with amd64-linux.gcc binaries and input simlarge started on Mon May 4 20:33:54 EDT 2020.
[PARSEC] Run with amd64-linux.gcc binaries and input simlarge started on Mon May 4 20:33:54 EDT 2020.
[PARSEC] Run with amd64-linux.gcc binaries and input simlarge started on Mon May 4 20:33:54 EDT 2020.
[PARSEC] Benchmarks to run:  parsec.fluidanimate
[PARSEC] Benchmarks to run:  parsec.streamcluster
[PARSEC] Benchmarks to run:  parsec.vips



[PARSEC] [========== Running benchmark parsec.vips [1] ==========]
[PARSEC] [========== Running benchmark parsec.fluidanimate [1] ==========]
[PARSEC] [========== Running benchmark parsec.streamcluster [1] ==========]
[PARSEC] Deleting old run directory.
[PARSEC] Deleting old run directory.
[PARSEC] Deleting old run directory.
[PARSEC] Setting up run directory.
[PARSEC] Setting up run directory.
[PARSEC] No archive for input 'simlarge' available, skipping input setup.
[PARSEC] Unpacking benchmark input 'simlarge'.
[PARSEC] Running 'time /home/rohan/uforea/parsec-3.0/pkgs/kernels/streamcluster/inst/amd64-linux.gcc/bin/streamcluster 10 20 128 16384 16384 1000 none output.txt 1':
[PARSEC] [---------- Beginning of output ----------]
in_300K.fluid
PARSEC Benchmark Suite Version 3.0-beta-20150206
[PARSEC] Setting up run directory.
[PARSEC] Unpacking benchmark input 'simlarge'.
bigben_2662x5500.v
[PARSEC] Running 'time /home/rohan/uforea/parsec-3.0/pkgs/apps/fluidanimate/inst/amd64-linux.gcc/bin/fluidanimate 1 5 in_300K.fluid out.fluid':
[PARSEC] [---------- Beginning of output ----------]
PARSEC Benchmark Suite Version 3.0-beta-20150206
Loading file "in_300K.fluid"...
read 16384 points
Number of cells: 135424
Grids steps over x, y, z: 0.00282609 0.0028125 0.00282609
[PARSEC] Running 'time /home/rohan/uforea/parsec-3.0/pkgs/apps/vips/inst/amd64-linux.gcc/bin/vips im_benchmark bigben_2662x5500.v output.v':
[PARSEC] [---------- Beginning of output ----------]
Number of particles: 305809
Saving file "out.fluid"...

real	0m1.617s
user	0m1.456s
sys	0m0.160s
[PARSEC] [----------    End of output    ----------]
[PARSEC] Done.

real	0m4.215s
user	0m4.269s
sys	0m0.188s
[PARSEC] [----------    End of output    ----------]
[PARSEC] Done.

real	0m7.165s
user	0m7.162s
sys	0m0.000s
[PARSEC] [----------    End of output    ----------]
[PARSEC] Done.
