[PARSEC] [========== PARSEC 3.0-beta-20150206 RUN LOGFILE ==========]

[PARSEC] Benchmarks to run:  parsec.vips
[PARSEC] Benchmarks to run:  parsec.vips

[PARSEC] Run with amd64-linux.gcc binaries and input simlarge started on Tue Jun 2 10:13:32 EDT 2020.

[PARSEC] [========== Running benchmark parsec.vips [1] ==========]
[PARSEC] Benchmarks to run:  parsec.streamcluster
[PARSEC] [========== Running benchmark parsec.vips [1] ==========]

[PARSEC] Deleting old run directory.
[PARSEC] [========== Running benchmark parsec.streamcluster [1] ==========]
[PARSEC] Deleting old run directory.
[PARSEC] Deleting old run directory.
[PARSEC] Setting up run directory.
[PARSEC] Setting up run directory.
[PARSEC] Setting up run directory.
[PARSEC] Unpacking benchmark input 'simlarge'.
[PARSEC] Unpacking benchmark input 'simlarge'.
[PARSEC] No archive for input 'simlarge' available, skipping input setup.
[PARSEC] Running 'time /home/rohan/uforea/parsec-3.0/pkgs/kernels/streamcluster/inst/amd64-linux.gcc/bin/streamcluster 10 20 128 16384 16384 1000 none output.txt 1':
bigben_2662x5500.v
bigben_2662x5500.v
[PARSEC] [---------- Beginning of output ----------]
PARSEC Benchmark Suite Version 3.0-beta-20150206
read 16384 points
[PARSEC] Running 'time /home/rohan/uforea/parsec-3.0/pkgs/apps/vips/inst/amd64-linux.gcc/bin/vips im_benchmark bigben_2662x5500.v output.v':
[PARSEC] Running 'time /home/rohan/uforea/parsec-3.0/pkgs/apps/vips/inst/amd64-linux.gcc/bin/vips im_benchmark bigben_2662x5500.v output.v':
[PARSEC] [---------- Beginning of output ----------]
[PARSEC] [---------- Beginning of output ----------]

real	0m11.178s
user	0m3.624s
sys	0m0.118s
[PARSEC] [----------    End of output    ----------]
[PARSEC] Done.

real	0m11.350s
user	0m3.658s
sys	0m0.068s
[PARSEC] [----------    End of output    ----------]
[PARSEC] Done.

real	0m14.225s
user	0m6.168s
sys	0m0.016s
[PARSEC] [----------    End of output    ----------]
[PARSEC] Done.
