[PARSEC] [========== PARSEC 3.0-beta-20150206 RUN LOGFILE ==========]

[PARSEC] Benchmarks to run:  parsec.fluidanimate
[PARSEC] Run with amd64-linux.gcc binaries and input simlarge started on Mon Feb 17 19:20:03 EST 2020.

[PARSEC] Benchmarks to run:  parsec.blackscholes
[PARSEC] [========== Running benchmark parsec.fluidanimate [1] ==========]

[PARSEC] Setting up run directory.
[PARSEC] [========== Running benchmark parsec.blackscholes [1] ==========]
[PARSEC] Deleting old run directory.
[PARSEC] Unpacking benchmark input 'simlarge'.
in_300K.fluid
[PARSEC] Setting up run directory.
[PARSEC] Unpacking benchmark input 'simlarge'.
in_64K.txt
[PARSEC] Running 'time /home/rohan/uforea/parsec-3.0/pkgs/apps/fluidanimate/inst/amd64-linux.gcc/bin/fluidanimate 1 5 in_300K.fluid out.fluid':
[PARSEC] [---------- Beginning of output ----------]
[PARSEC] Running 'time /home/rohan/uforea/parsec-3.0/pkgs/apps/blackscholes/inst/amd64-linux.gcc/bin/blackscholes 1 in_64K.txt prices.txt':
PARSEC Benchmark Suite Version 3.0-beta-20150206
Loading file "in_300K.fluid"...
[PARSEC] [---------- Beginning of output ----------]
PARSEC Benchmark Suite Version 3.0-beta-20150206
Number of cells: 135424
Grids steps over x, y, z: 0.00282609 0.0028125 0.00282609
Num of Options: 65536
Num of Runs: 100
Size of data: 2621440
ERROR: Unable to open file prices.txt.

real	0m0.872s
user	0m0.872s
sys	0m0.000s
[PARSEC] [----------    End of output    ----------]
[PARSEC] Done.
Number of particles: 305809
Num of Options: 65536
Num of Runs: 100
Size of data: 2621440
ERROR: Unable to open file prices.txt.

real	0m0.895s
user	0m0.885s
sys	0m0.009s
[PARSEC] [----------    End of output    ----------]
[PARSEC] Done.
Saving file "out.fluid"...
fluidanimate: pthreads.cpp:396: void SaveFile(const char*): Assertion `file' failed.
/home/rohan/uforea/parsec-3.0/bin/parsecmgmt: line 1222: 26055 Aborted                 (core dumped) /home/rohan/uforea/parsec-3.0/pkgs/apps/fluidanimate/inst/amd64-linux.gcc/bin/fluidanimate 1 5 in_300K.fluid out.fluid

real	0m3.150s
user	0m2.682s
sys	0m0.192s
[PARSEC] [----------    End of output    ----------]
[PARSEC] Done.
transaction number is 990002
1548
13483
46649
131381
415489
1239344
2985564
5696308
8709873
10789491
10902648
9011183
6094236
3374161
1530954
564958
165173
36535
5727
578
33
1
the data preparation cost 0.370201 seconds, the FPgrowth cost 63.051846 seconds

real	1m3.429s
user	0m9.805s
sys	0m0.184s
[PARSEC] [----------    End of output    ----------]
[PARSEC] Done.
