[PARSEC] [========== PARSEC 3.0-beta-20150206 RUN LOGFILE ==========]

[PARSEC] Run with amd64-linux.gcc binaries and input simlarge started on Fri May 29 00:29:28 EDT 2020.
[PARSEC] Run with amd64-linux.gcc binaries and input simlarge started on Fri May 29 00:29:28 EDT 2020.
[PARSEC] Benchmarks to run:  parsec.streamcluster
[PARSEC] Run with amd64-linux.gcc binaries and input simlarge started on Fri May 29 00:29:28 EDT 2020.

[PARSEC] Benchmarks to run:  parsec.blackscholes
[PARSEC] Benchmarks to run:  parsec.freqmine
[PARSEC] [========== Running benchmark parsec.streamcluster [1] ==========]


[PARSEC] [========== Running benchmark parsec.blackscholes [1] ==========]
[PARSEC] [========== Running benchmark parsec.freqmine [1] ==========]
[PARSEC] Deleting old run directory.
[PARSEC] Deleting old run directory.
[PARSEC] Deleting old run directory.
[PARSEC] Setting up run directory.
[PARSEC] Setting up run directory.
[PARSEC] No archive for input 'simlarge' available, skipping input setup.
[PARSEC] Setting up run directory.
[PARSEC] Running 'time /home/rohan/uforea/parsec-3.0/pkgs/kernels/streamcluster/inst/amd64-linux.gcc/bin/streamcluster 10 20 128 16384 16384 1000 none output.txt 1':
[PARSEC] Unpacking benchmark input 'simlarge'.
[PARSEC] [---------- Beginning of output ----------]
[PARSEC] Unpacking benchmark input 'simlarge'.
in_64K.txt
PARSEC Benchmark Suite Version 3.0-beta-20150206
[PARSEC] Running 'time /home/rohan/uforea/parsec-3.0/pkgs/apps/blackscholes/inst/amd64-linux.gcc/bin/blackscholes 1 in_64K.txt prices.txt':
kosarak_990k.dat
read 16384 points
[PARSEC] [---------- Beginning of output ----------]
PARSEC Benchmark Suite Version 3.0-beta-20150206
[PARSEC] Running 'time /home/rohan/uforea/parsec-3.0/pkgs/apps/freqmine/inst/amd64-linux.gcc/bin/freqmine kosarak_990k.dat 790':
[PARSEC] [---------- Beginning of output ----------]
PARSEC Benchmark Suite Version 3.0-beta-20150206
Num of Options: 65536
Num of Runs: 100
Size of data: 2621440

real	0m1.292s
user	0m0.536s
sys	0m0.000s
[PARSEC] [----------    End of output    ----------]
[PARSEC] Done.
transaction number is 990002
1548
13483
46649
131381
415489
1239344
2985564
5696308
8709873
10789491
10902648
9011183
6094236
3374161
1530954
564958
165173
36535
5727
578
33
1
the data preparation cost 0.638904 seconds, the FPgrowth cost 5.197023 seconds

real	0m5.861s
user	0m5.351s
sys	0m0.064s
[PARSEC] [----------    End of output    ----------]
[PARSEC] Done.

real	0m8.220s
user	0m5.996s
sys	0m0.004s
[PARSEC] [----------    End of output    ----------]
[PARSEC] Done.
