[PARSEC] [========== PARSEC 3.0-beta-20150206 RUN LOGFILE ==========]

[PARSEC] Benchmarks to run:  parsec.vips

[PARSEC] Run with amd64-linux.gcc binaries and input simlarge started on Mon Feb 17 18:52:29 EST 2020.
[PARSEC] Benchmarks to run:  parsec.blackscholes
[PARSEC] [========== Running benchmark parsec.vips [1] ==========]

[PARSEC] Deleting old run directory.
[PARSEC] [========== Running benchmark parsec.blackscholes [1] ==========]
[PARSEC] Setting up run directory.
[PARSEC] Deleting old run directory.
[PARSEC] Unpacking benchmark input 'simlarge'.
[PARSEC] Setting up run directory.
bigben_2662x5500.v
[PARSEC] Unpacking benchmark input 'simlarge'.
in_64K.txt
[PARSEC] Running 'time /home/rohan/uforea/parsec-3.0/pkgs/apps/blackscholes/inst/amd64-linux.gcc/bin/blackscholes 1 in_64K.txt prices.txt':
[PARSEC] [---------- Beginning of output ----------]
PARSEC Benchmark Suite Version 3.0-beta-20150206
[PARSEC] Running 'time /home/rohan/uforea/parsec-3.0/pkgs/apps/vips/inst/amd64-linux.gcc/bin/vips im_benchmark bigben_2662x5500.v output.v':
[PARSEC] [---------- Beginning of output ----------]
Number of particles: 305809
Num of Options: 65536
Num of Runs: 100
Size of data: 2621440
ERROR: Unable to open file prices.txt.

real	0m0.978s
user	0m0.935s
sys	0m0.012s
[PARSEC] [----------    End of output    ----------]
[PARSEC] Done.
Saving file "out.fluid"...
fluidanimate: pthreads.cpp:396: void SaveFile(const char*): Assertion `file' failed.
/home/rohan/uforea/parsec-3.0/bin/parsecmgmt: line 1222: 11297 Aborted                 (core dumped) /home/rohan/uforea/parsec-3.0/pkgs/apps/fluidanimate/inst/amd64-linux.gcc/bin/fluidanimate 1 5 in_300K.fluid out.fluid

real	0m3.870s
user	0m3.150s
sys	0m0.329s
[PARSEC] [----------    End of output    ----------]
[PARSEC] Done.

real	0m8.864s
user	0m8.644s
sys	0m0.280s
[PARSEC] [----------    End of output    ----------]
[PARSEC] Done.
