[PARSEC] [========== PARSEC 3.0-beta-20150206 RUN LOGFILE ==========]

kosarak_990k.dat
[PARSEC] Run with amd64-linux.gcc binaries and input simlarge started on Sun May 31 02:56:39 EDT 2020.
[PARSEC] Benchmarks to run:  parsec.vips

[PARSEC] Running 'time /home/rohan/uforea/parsec-3.0/pkgs/apps/freqmine/inst/amd64-linux.gcc/bin/freqmine kosarak_990k.dat 790':
[PARSEC] [========== Running benchmark parsec.vips [1] ==========]
[PARSEC] [---------- Beginning of output ----------]
[PARSEC] Deleting old run directory.
PARSEC Benchmark Suite Version 3.0-beta-20150206
[PARSEC] Setting up run directory.
[PARSEC] Unpacking benchmark input 'simlarge'.
bigben_2662x5500.v
[PARSEC] Running 'time /home/rohan/uforea/parsec-3.0/pkgs/apps/vips/inst/amd64-linux.gcc/bin/vips im_benchmark bigben_2662x5500.v output.v':
[PARSEC] [---------- Beginning of output ----------]

real	0m4.978s
user	0m3.734s
sys	0m0.046s
[PARSEC] [----------    End of output    ----------]
[PARSEC] Done.
transaction number is 990002
1548
13483
46649
131381
415489
1239344
2985564
5696308
8709873
10789491
10902648
9011183
6094236
3374161
1530954
564958
165173
36535
5727
578
33
1
the data preparation cost 0.403282 seconds, the FPgrowth cost 5.172508 seconds

real	0m5.580s
user	0m5.303s
sys	0m0.087s
[PARSEC] [----------    End of output    ----------]
[PARSEC] Done.
