[PARSEC] [========== PARSEC 3.0-beta-20150206 RUN LOGFILE ==========]

[PARSEC] [========== Running benchmark parsec.vips [1] ==========]
[PARSEC] Run with amd64-linux.gcc binaries and input simlarge started on Mon Feb 17 18:54:11 EST 2020.
[PARSEC] Benchmarks to run:  parsec.fluidanimate
[PARSEC] Deleting old run directory.

[PARSEC] [========== Running benchmark parsec.fluidanimate [1] ==========]
[PARSEC] Setting up run directory.
[PARSEC] Deleting old run directory.
[PARSEC] Unpacking benchmark input 'simlarge'.
[PARSEC] Setting up run directory.
bigben_2662x5500.v
[PARSEC] Unpacking benchmark input 'simlarge'.
in_300K.fluid
[PARSEC] Running 'time /home/rohan/uforea/parsec-3.0/pkgs/apps/fluidanimate/inst/amd64-linux.gcc/bin/fluidanimate 1 5 in_300K.fluid out.fluid':
[PARSEC] [---------- Beginning of output ----------]
PARSEC Benchmark Suite Version 3.0-beta-20150206
Loading file "in_300K.fluid"...
Error opening file. Aborting.

real	0m0.007s
user	0m0.005s
sys	0m0.000s
[PARSEC] [----------    End of output    ----------]
[PARSEC] Done.
[PARSEC] Running 'time /home/rohan/uforea/parsec-3.0/pkgs/apps/vips/inst/amd64-linux.gcc/bin/vips im_benchmark bigben_2662x5500.v output.v':
[PARSEC] [---------- Beginning of output ----------]

real	0m9.013s
user	0m8.748s
sys	0m0.337s
[PARSEC] [----------    End of output    ----------]
[PARSEC] Done.
