[PARSEC] [========== PARSEC 3.0-beta-20150206 RUN LOGFILE ==========]

Number of cells: 135424
Grids steps over x, y, z: 0.00282609 0.0028125 0.00282609
[PARSEC] Run with amd64-linux.gcc binaries and input simlarge started on Thu May 28 04:43:24 EDT 2020.
[PARSEC] Benchmarks to run:  parsec.vips

[PARSEC] [========== Running benchmark parsec.vips [1] ==========]
[PARSEC] Deleting old run directory.
[PARSEC] Setting up run directory.
[PARSEC] Unpacking benchmark input 'simlarge'.
bigben_2662x5500.v
Number of particles: 305809
[PARSEC] Running 'time /home/rohan/uforea/parsec-3.0/pkgs/apps/vips/inst/amd64-linux.gcc/bin/vips im_benchmark bigben_2662x5500.v output.v':
[PARSEC] [---------- Beginning of output ----------]
Saving file "out.fluid"...

real	0m3.400s
user	0m1.265s
sys	0m0.102s
[PARSEC] [----------    End of output    ----------]
[PARSEC] Done.

real	0m8.464s
user	0m3.704s
sys	0m0.079s
[PARSEC] [----------    End of output    ----------]
[PARSEC] Done.
