[PARSEC] [========== PARSEC 3.0-beta-20150206 RUN LOGFILE ==========]

[PARSEC] Deleting old run directory.
[PARSEC] Run with amd64-linux.gcc binaries and input simlarge started on Mon Feb 17 18:49:24 EST 2020.
[PARSEC] Benchmarks to run:  parsec.fluidanimate
[PARSEC] Setting up run directory.

[PARSEC] Unpacking benchmark input 'simlarge'.
[PARSEC] [========== Running benchmark parsec.fluidanimate [1] ==========]
bigben_2662x5500.v
[PARSEC] Deleting old run directory.
[PARSEC] Setting up run directory.
[PARSEC] Unpacking benchmark input 'simlarge'.
in_300K.fluid
[PARSEC] Running 'time /home/rohan/uforea/parsec-3.0/pkgs/apps/vips/inst/amd64-linux.gcc/bin/vips im_benchmark bigben_2662x5500.v output.v':
[PARSEC] [---------- Beginning of output ----------]
[PARSEC] Running 'time /home/rohan/uforea/parsec-3.0/pkgs/apps/fluidanimate/inst/amd64-linux.gcc/bin/fluidanimate 1 5 in_300K.fluid out.fluid':
[PARSEC] [---------- Beginning of output ----------]
PARSEC Benchmark Suite Version 3.0-beta-20150206
Loading file "in_300K.fluid"...
Number of cells: 135424
Grids steps over x, y, z: 0.00282609 0.0028125 0.00282609
Num of Options: 65536
Num of Runs: 100
Size of data: 2621440
ERROR: Unable to open file prices.txt.

real	0m1.006s
user	0m0.968s
sys	0m0.020s
[PARSEC] [----------    End of output    ----------]
[PARSEC] Done.
Number of particles: 305809
Num of Options: 65536
Num of Runs: 100
Size of data: 2621440

real	0m1.007s
user	0m0.972s
sys	0m0.012s
[PARSEC] [----------    End of output    ----------]
[PARSEC] Done.
Saving file "out.fluid"...
fluidanimate: pthreads.cpp:396: void SaveFile(const char*): Assertion `file' failed.
/home/rohan/uforea/parsec-3.0/bin/parsecmgmt: line 1222:  1977 Aborted                 (core dumped) /home/rohan/uforea/parsec-3.0/pkgs/apps/fluidanimate/inst/amd64-linux.gcc/bin/fluidanimate 1 5 in_300K.fluid out.fluid

real	0m3.902s
user	0m3.201s
sys	0m0.298s
[PARSEC] [----------    End of output    ----------]
[PARSEC] Done.

real	0m8.832s
user	0m8.498s
sys	0m0.361s
[PARSEC] [----------    End of output    ----------]
[PARSEC] Done.

real	0m8.754s
user	0m8.451s
sys	0m0.316s
[PARSEC] [----------    End of output    ----------]
[PARSEC] Done.
transaction number is 990002
1548
13483
46649
131381
415489
1239344
2985564
5696308
8709873
10789491
10902648
9011183
6094236
3374161
1530954
564958
165173
36535
5727
578
33
1
the data preparation cost 0.388527 seconds, the FPgrowth cost 14.067618 seconds

real	0m14.462s
user	0m10.323s
sys	0m0.191s
[PARSEC] [----------    End of output    ----------]
[PARSEC] Done.
