[PARSEC] [========== PARSEC 3.0-beta-20150206 RUN LOGFILE ==========]

[PARSEC] Run with amd64-linux.gcc binaries and input simlarge started on Mon Jun 1 09:15:46 EDT 2020.
[PARSEC] Benchmarks to run:  parsec.freqmine
[PARSEC] Run with amd64-linux.gcc binaries and input simlarge started on Mon Jun 1 09:15:46 EDT 2020.

[PARSEC] Benchmarks to run:  parsec.freqmine
[PARSEC] [========== Running benchmark parsec.freqmine [1] ==========]

[PARSEC] [========== Running benchmark parsec.freqmine [1] ==========]
[PARSEC] Deleting old run directory.
[PARSEC] Deleting old run directory.
[PARSEC] Setting up run directory.
[PARSEC] Setting up run directory.
[PARSEC] Unpacking benchmark input 'simlarge'.
[PARSEC] Unpacking benchmark input 'simlarge'.
kosarak_990k.dat
kosarak_990k.dat
[PARSEC] Running 'time /home/rohan/uforea/parsec-3.0/pkgs/apps/freqmine/inst/amd64-linux.gcc/bin/freqmine kosarak_990k.dat 790':
[PARSEC] [---------- Beginning of output ----------]
[PARSEC] Running 'time /home/rohan/uforea/parsec-3.0/pkgs/apps/freqmine/inst/amd64-linux.gcc/bin/freqmine kosarak_990k.dat 790':
[PARSEC] [---------- Beginning of output ----------]
PARSEC Benchmark Suite Version 3.0-beta-20150206
PARSEC Benchmark Suite Version 3.0-beta-20150206
transaction number is 990002
1548
13483
46649
131381
415489
1239344
2985564
5696308
8709873
10789491
10902648
9011183
6094236
3374161
1530954
564958
165173
36535
5727
578
33
1
the data preparation cost 0.550735 seconds, the FPgrowth cost 14.668310 seconds

real	0m15.224s
user	0m5.359s
sys	0m0.087s
[PARSEC] [----------    End of output    ----------]
[PARSEC] Done.
transaction number is 990002
1548
13483
46649
131381
415489
1239344
2985564
5696308
8709873
10789491
10902648
9011183
6094236
3374161
1530954
564958
165173
36535
5727
578
33
1
the data preparation cost 0.550467 seconds, the FPgrowth cost 14.726988 seconds

real	0m15.289s
user	0m5.400s
sys	0m0.075s
[PARSEC] [----------    End of output    ----------]
[PARSEC] Done.
