[PARSEC] [========== PARSEC 3.0-beta-20150206 RUN LOGFILE ==========]

[PARSEC] Unpacking benchmark input 'simlarge'.
locs assigned
[PARSEC] Run with amd64-linux.gcc binaries and input simlarge started on Mon Jun 1 12:51:39 EDT 2020.
[PARSEC] Benchmarks to run:  parsec.freqmine
kosarak_990k.dat

[PARSEC] [========== Running benchmark parsec.freqmine [1] ==========]
[PARSEC] Running 'time /home/rohan/uforea/parsec-3.0/pkgs/apps/freqmine/inst/amd64-linux.gcc/bin/freqmine kosarak_990k.dat 790':
[PARSEC] Deleting old run directory.
[PARSEC] [---------- Beginning of output ----------]
PARSEC Benchmark Suite Version 3.0-beta-20150206
kosarak_990k.dat could not be opened!

real	0m0.011s
user	0m0.002s
sys	0m0.000s
[PARSEC] Setting up run directory.
[PARSEC] [----------    End of output    ----------]
[PARSEC] Done.
[PARSEC] Unpacking benchmark input 'simlarge'.
kosarak_990k.dat
[PARSEC] Running 'time /home/rohan/uforea/parsec-3.0/pkgs/apps/freqmine/inst/amd64-linux.gcc/bin/freqmine kosarak_990k.dat 790':
[PARSEC] [---------- Beginning of output ----------]
PARSEC Benchmark Suite Version 3.0-beta-20150206
Just saw element: 100000
Just saw element: 200000
Just saw element: 300000
Just saw element: 400000
netlist created. 400000 elements.
Final routing is: 6.90232e+08

real	0m6.179s
user	0m4.931s
sys	0m0.092s
[PARSEC] [----------    End of output    ----------]
[PARSEC] Done.
transaction number is 990002
1548
13483
46649
131381
415489
1239344
2985564
5696308
8709873
10789491
10902648
9011183
6094236
3374161
1530954
564958
165173
36535
5727
578
33
1
the data preparation cost 0.455339 seconds, the FPgrowth cost 5.940373 seconds

real	0m6.408s
user	0m5.338s
sys	0m0.052s
[PARSEC] [----------    End of output    ----------]
[PARSEC] Done.
