[PARSEC] [========== PARSEC 3.0-beta-20150206 RUN LOGFILE ==========]

[PARSEC] Run with amd64-linux.gcc binaries and input simlarge started on Mon Feb 17 19:39:15 EST 2020.
[PARSEC] Benchmarks to run:  parsec.fluidanimate

[PARSEC] [========== Running benchmark parsec.fluidanimate [1] ==========]
[PARSEC] Deleting old run directory.
[PARSEC] Setting up run directory.
[PARSEC] Unpacking benchmark input 'simlarge'.
in_300K.fluid
[PARSEC] Running 'time /home/rohan/uforea/parsec-3.0/pkgs/apps/fluidanimate/inst/amd64-linux.gcc/bin/fluidanimate 1 5 in_300K.fluid out.fluid':
[PARSEC] [---------- Beginning of output ----------]
PARSEC Benchmark Suite Version 3.0-beta-20150206
Loading file "in_300K.fluid"...
Number of cells: 135424
Grids steps over x, y, z: 0.00282609 0.0028125 0.00282609
Number of particles: 305809
Num of Options: 65536
Num of Runs: 100
Size of data: 2621440
ERROR: Unable to open file prices.txt.

real	0m0.834s
user	0m0.826s
sys	0m0.008s
[PARSEC] [----------    End of output    ----------]
[PARSEC] Done.
Just saw element: 100000
Just saw element: 200000
Saving file "out.fluid"...
fluidanimate: pthreads.cpp:396: void SaveFile(const char*): Assertion `file' failed.
/home/rohan/uforea/parsec-3.0/bin/parsecmgmt: line 1222: 30249 Aborted                 (core dumped) /home/rohan/uforea/parsec-3.0/pkgs/apps/fluidanimate/inst/amd64-linux.gcc/bin/fluidanimate 1 5 in_300K.fluid out.fluid

real	0m3.454s
user	0m2.822s
sys	0m0.321s
[PARSEC] [----------    End of output    ----------]
[PARSEC] Done.
Just saw element: 300000
Just saw element: 400000
netlist created. 400000 elements.
Final routing is: 6.90232e+08

real	0m10.638s
user	0m10.422s
sys	0m0.212s
[PARSEC] [----------    End of output    ----------]
[PARSEC] Done.
