[PARSEC] [========== PARSEC 3.0-beta-20150206 RUN LOGFILE ==========]

[PARSEC] Unpacking benchmark input 'simlarge'.
[PARSEC] Run with amd64-linux.gcc binaries and input simlarge started on Sun May 3 01:24:08 EDT 2020.
in_300K.fluid
[PARSEC] Benchmarks to run:  parsec.vips
in_64K.txt

[PARSEC] [========== Running benchmark parsec.vips [1] ==========]
[PARSEC] Deleting old run directory.
[PARSEC] Running 'time /home/rohan/uforea/parsec-3.0/pkgs/apps/blackscholes/inst/amd64-linux.gcc/bin/blackscholes 1 in_64K.txt prices.txt':
[PARSEC] Setting up run directory.
[PARSEC] [---------- Beginning of output ----------]
PARSEC Benchmark Suite Version 3.0-beta-20150206
[PARSEC] Running 'time /home/rohan/uforea/parsec-3.0/pkgs/apps/fluidanimate/inst/amd64-linux.gcc/bin/fluidanimate 1 5 in_300K.fluid out.fluid':
[PARSEC] Unpacking benchmark input 'simlarge'.
[PARSEC] [---------- Beginning of output ----------]
bigben_2662x5500.v
PARSEC Benchmark Suite Version 3.0-beta-20150206
Loading file "in_300K.fluid"...
Number of cells: 135424
Grids steps over x, y, z: 0.00282609 0.0028125 0.00282609
[PARSEC] Running 'time /home/rohan/uforea/parsec-3.0/pkgs/apps/vips/inst/amd64-linux.gcc/bin/vips im_benchmark bigben_2662x5500.v output.v':
[PARSEC] [---------- Beginning of output ----------]
Number of particles: 305809
Num of Options: 65536
Num of Runs: 100
Size of data: 2621440

real	0m0.723s
user	0m0.722s
sys	0m0.001s
[PARSEC] [----------    End of output    ----------]
[PARSEC] Done.
Saving file "out.fluid"...

real	0m1.660s
user	0m1.511s
sys	0m0.148s
[PARSEC] [----------    End of output    ----------]
[PARSEC] Done.

real	0m4.240s
user	0m4.266s
sys	0m0.154s
[PARSEC] [----------    End of output    ----------]
[PARSEC] Done.
