[PARSEC] [========== PARSEC 3.0-beta-20150206 RUN LOGFILE ==========]

[PARSEC] [---------- Beginning of output ----------]
[PARSEC] Run with amd64-linux.gcc binaries and input simlarge started on Sat May 30 15:00:36 EDT 2020.
PARSEC Benchmark Suite Version 3.0-beta-20150206
[PARSEC] Benchmarks to run:  parsec.streamcluster

read 16384 points
[PARSEC] [========== Running benchmark parsec.streamcluster [1] ==========]
[PARSEC] Deleting old run directory.
[PARSEC] Setting up run directory.
[PARSEC] No archive for input 'simlarge' available, skipping input setup.
[PARSEC] Running 'time /home/rohan/uforea/parsec-3.0/pkgs/kernels/streamcluster/inst/amd64-linux.gcc/bin/streamcluster 10 20 128 16384 16384 1000 none output.txt 1':
[PARSEC] [---------- Beginning of output ----------]
PARSEC Benchmark Suite Version 3.0-beta-20150206
read 16384 points
error opening output.txt

real	0m16.945s
user	0m7.377s
sys	0m0.004s
[PARSEC] [----------    End of output    ----------]
[PARSEC] Done.

real	0m16.915s
user	0m7.375s
sys	0m0.004s
[PARSEC] [----------    End of output    ----------]
[PARSEC] Done.
