[PARSEC] [========== PARSEC 3.0-beta-20150206 RUN LOGFILE ==========]

Number of cells: 135424
Grids steps over x, y, z: 0.00282609 0.0028125 0.00282609
[PARSEC] Run with amd64-linux.gcc binaries and input simlarge started on Sat May 30 12:59:17 EDT 2020.
[PARSEC] Benchmarks to run:  parsec.freqmine

[PARSEC] [========== Running benchmark parsec.freqmine [1] ==========]
[PARSEC] Deleting old run directory.
[PARSEC] Setting up run directory.
[PARSEC] Unpacking benchmark input 'simlarge'.
kosarak_990k.dat
[PARSEC] Running 'time /home/rohan/uforea/parsec-3.0/pkgs/apps/freqmine/inst/amd64-linux.gcc/bin/freqmine kosarak_990k.dat 790':
[PARSEC] [---------- Beginning of output ----------]
Number of particles: 305809
PARSEC Benchmark Suite Version 3.0-beta-20150206
Saving file "out.fluid"...

real	0m1.785s
user	0m1.262s
sys	0m0.104s
[PARSEC] [----------    End of output    ----------]
[PARSEC] Done.
transaction number is 990002
1548
13483
46649
131381
415489
1239344
2985564
5696308
8709873
10789491
10902648
9011183
6094236
3374161
1530954
564958
165173
36535
5727
578
33
1
the data preparation cost 0.449907 seconds, the FPgrowth cost 5.191353 seconds

real	0m5.649s
user	0m5.315s
sys	0m0.092s
[PARSEC] [----------    End of output    ----------]
[PARSEC] Done.
