[PARSEC] [========== PARSEC 3.0-beta-20150206 RUN LOGFILE ==========]
.fluid"...

[PARSEC] Run with amd64-linux.gcc binaries and input simlarge started on Mon May 4 12:45:08 EDT 2020.
Num of Options: 65536
Num of Runs: 100
Size of data: 2621440

real	0m0.703s
user	0m0.702s
sys	0m0.000s
[PARSEC] Benchmarks to run:  parsec.blackscholes
[PARSEC] [----------    End of output    ----------]

[PARSEC] [========== Running benchmark parsec.blackscholes [1] ==========]
[PARSEC] Done.
[PARSEC] Deleting old run directory.
[PARSEC] Setting up run directory.
[PARSEC] Unpacking benchmark input 'simlarge'.
in_64K.txt
Number of cells: 135424
Grids steps over x, y, z: 0.00282609 0.0028125 0.00282609
[PARSEC] Running 'time /home/rohan/uforea/parsec-3.0/pkgs/apps/blackscholes/inst/amd64-linux.gcc/bin/blackscholes 1 in_64K.txt prices.txt':
[PARSEC] [---------- Beginning of output ----------]
PARSEC Benchmark Suite Version 3.0-beta-20150206
Number of particles: 305809
Num of Options: 65536
Num of Runs: 100
Size of data: 2621440

real	0m0.692s
user	0m0.687s
sys	0m0.005s
[PARSEC] [----------    End of output    ----------]
[PARSEC] Done.
Saving file "out.fluid"...

real	0m1.611s
user	0m1.490s
sys	0m0.120s
[PARSEC] [----------    End of output    ----------]
[PARSEC] Done.
