[PARSEC] [========== PARSEC 3.0-beta-20150206 RUN LOGFILE ==========]

in_300K.fluid
[PARSEC] Running 'time /home/rohan/uforea/parsec-3.0/pkgs/apps/fluidanimate/inst/amd64-linux.gcc/bin/fluidanimate 1 5 in_300K.fluid out.fluid':
[PARSEC] Run with amd64-linux.gcc binaries and input simlarge started on Mon Jun 1 10:39:24 EDT 2020.
[PARSEC] [---------- Beginning of output ----------]
[PARSEC] Benchmarks to run:  parsec.fluidanimate

PARSEC Benchmark Suite Version 3.0-beta-20150206
Loading file "in_300K.fluid"...
[PARSEC] [========== Running benchmark parsec.fluidanimate [1] ==========]
Number of cells: 135424
[PARSEC] Deleting old run directory.
Grids steps over x, y, z: 0.00282609 0.0028125 0.00282609
[PARSEC] Setting up run directory.
[PARSEC] Unpacking benchmark input 'simlarge'.
in_300K.fluid
[PARSEC] Running 'time /home/rohan/uforea/parsec-3.0/pkgs/apps/fluidanimate/inst/amd64-linux.gcc/bin/fluidanimate 1 5 in_300K.fluid out.fluid':
[PARSEC] [---------- Beginning of output ----------]
PARSEC Benchmark Suite Version 3.0-beta-20150206
Loading file "in_300K.fluid"...
Number of cells: 135424
Grids steps over x, y, z: 0.00282609 0.0028125 0.00282609
Number of particles: 305809
Number of particles: 305809
Saving file "out.fluid"...
fluidanimate: pthreads.cpp:396: void SaveFile(const char*): Assertion `file' failed.
Saving file "out.fluid"...
/home/rohan/uforea/parsec-3.0/bin/parsecmgmt: line 1222: 12552 Aborted                 (core dumped) /home/rohan/uforea/parsec-3.0/pkgs/apps/fluidanimate/inst/amd64-linux.gcc/bin/fluidanimate 1 5 in_300K.fluid out.fluid

real	0m2.796s
user	0m1.183s
sys	0m0.116s
[PARSEC] [----------    End of output    ----------]
[PARSEC] Done.

real	0m2.732s
user	0m1.262s
sys	0m0.106s
[PARSEC] [----------    End of output    ----------]
[PARSEC] Done.
