[PARSEC] [========== PARSEC 3.0-beta-20150206 RUN LOGFILE ==========]

[PARSEC] Unpacking benchmark input 'simlarge'.
[PARSEC] [========== Running benchmark parsec.vips [1] ==========]
[PARSEC] Run with amd64-linux.gcc binaries and input simlarge started on Mon May 4 18:43:46 EDT 2020.
[PARSEC] Benchmarks to run:  parsec.streamcluster
in_64K.txt

[PARSEC] Deleting old run directory.
[PARSEC] [========== Running benchmark parsec.streamcluster [1] ==========]
[PARSEC] Deleting old run directory.
[PARSEC] Running 'time /home/rohan/uforea/parsec-3.0/pkgs/apps/blackscholes/inst/amd64-linux.gcc/bin/blackscholes 1 in_64K.txt prices.txt':
[PARSEC] [---------- Beginning of output ----------]
[PARSEC] Setting up run directory.
PARSEC Benchmark Suite Version 3.0-beta-20150206
[PARSEC] No archive for input 'simlarge' available, skipping input setup.
[PARSEC] Running 'time /home/rohan/uforea/parsec-3.0/pkgs/kernels/streamcluster/inst/amd64-linux.gcc/bin/streamcluster 10 20 128 16384 16384 1000 none output.txt 1':
[PARSEC] [---------- Beginning of output ----------]
PARSEC Benchmark Suite Version 3.0-beta-20150206
[PARSEC] Setting up run directory.
[PARSEC] Unpacking benchmark input 'simlarge'.
bigben_2662x5500.v
read 16384 points
[PARSEC] Running 'time /home/rohan/uforea/parsec-3.0/pkgs/apps/vips/inst/amd64-linux.gcc/bin/vips im_benchmark bigben_2662x5500.v output.v':
[PARSEC] [---------- Beginning of output ----------]
Num of Options: 65536
Num of Runs: 100
Size of data: 2621440

real	0m0.717s
user	0m0.709s
sys	0m0.008s
[PARSEC] [----------    End of output    ----------]
[PARSEC] Done.

real	0m4.198s
user	0m4.218s
sys	0m0.187s
[PARSEC] [----------    End of output    ----------]
[PARSEC] Done.

real	0m7.074s
user	0m7.060s
sys	0m0.012s
[PARSEC] [----------    End of output    ----------]
[PARSEC] Done.
