[PARSEC] [========== PARSEC 3.0-beta-20150206 RUN LOGFILE ==========]

[PARSEC] Deleting old run directory.
[PARSEC] Run with amd64-linux.gcc binaries and input simlarge started on Mon May 4 00:15:41 EDT 2020.
[PARSEC] Benchmarks to run:  parsec.fluidanimate

[PARSEC] Setting up run directory.
[PARSEC] [========== Running benchmark parsec.fluidanimate [1] ==========]
[PARSEC] Unpacking benchmark input 'simlarge'.
[PARSEC] Deleting old run directory.
in_64K.txt
[PARSEC] Setting up run directory.
[PARSEC] Running 'time /home/rohan/uforea/parsec-3.0/pkgs/apps/blackscholes/inst/amd64-linux.gcc/bin/blackscholes 1 in_64K.txt prices.txt':
[PARSEC] [---------- Beginning of output ----------]
[PARSEC] Unpacking benchmark input 'simlarge'.
PARSEC Benchmark Suite Version 3.0-beta-20150206
in_300K.fluid
[PARSEC] Running 'time /home/rohan/uforea/parsec-3.0/pkgs/apps/fluidanimate/inst/amd64-linux.gcc/bin/fluidanimate 1 5 in_300K.fluid out.fluid':
[PARSEC] [---------- Beginning of output ----------]
PARSEC Benchmark Suite Version 3.0-beta-20150206
Loading file "in_300K.fluid"...
Error opening file. Aborting.

real	0m0.003s
user	0m0.000s
sys	0m0.003s
[PARSEC] [----------    End of output    ----------]
[PARSEC] Done.
Num of Options: 65536
Num of Runs: 100
Size of data: 2621440

real	0m0.761s
user	0m0.756s
sys	0m0.004s
[PARSEC] [----------    End of output    ----------]
[PARSEC] Done.
