[PARSEC] [========== PARSEC 3.0-beta-20150206 RUN LOGFILE ==========]

[PARSEC] No archive for input 'simlarge' available, skipping input setup.
[PARSEC] Run with amd64-linux.gcc binaries and input simlarge started on Tue Jun 2 11:16:04 EDT 2020.
[PARSEC] Running 'time /home/rohan/uforea/parsec-3.0/pkgs/kernels/streamcluster/inst/amd64-linux.gcc/bin/streamcluster 10 20 128 16384 16384 1000 none output.txt 1':
[PARSEC] Benchmarks to run:  parsec.streamcluster
[PARSEC] [---------- Beginning of output ----------]

[PARSEC] [========== Running benchmark parsec.streamcluster [1] ==========]
PARSEC Benchmark Suite Version 3.0-beta-20150206
[PARSEC] Deleting old run directory.
read 16384 points
[PARSEC] Setting up run directory.
[PARSEC] No archive for input 'simlarge' available, skipping input setup.
[PARSEC] Running 'time /home/rohan/uforea/parsec-3.0/pkgs/kernels/streamcluster/inst/amd64-linux.gcc/bin/streamcluster 10 20 128 16384 16384 1000 none output.txt 1':
[PARSEC] [---------- Beginning of output ----------]
PARSEC Benchmark Suite Version 3.0-beta-20150206
read 16384 points
error opening output.txt

real	0m26.740s
user	0m7.748s
sys	0m0.000s
[PARSEC] [----------    End of output    ----------]
[PARSEC] Done.
error opening output.txt

real	0m26.657s
user	0m7.690s
sys	0m0.004s
[PARSEC] [----------    End of output    ----------]
[PARSEC] Done.
