[PARSEC] [========== PARSEC 3.0-beta-20150206 RUN LOGFILE ==========]

[PARSEC] Run with amd64-linux.gcc binaries and input simlarge started on Fri May 29 00:53:33 EDT 2020.
[PARSEC] Run with amd64-linux.gcc binaries and input simlarge started on Fri May 29 00:53:33 EDT 2020.
[PARSEC] Benchmarks to run:  parsec.vips
[PARSEC] Run with amd64-linux.gcc binaries and input simlarge started on Fri May 29 00:53:33 EDT 2020.

[PARSEC] Benchmarks to run:  parsec.vips
[PARSEC] Benchmarks to run:  parsec.vips
[PARSEC] [========== Running benchmark parsec.vips [1] ==========]


[PARSEC] [========== Running benchmark parsec.vips [1] ==========]
[PARSEC] [========== Running benchmark parsec.vips [1] ==========]
[PARSEC] Deleting old run directory.
[PARSEC] Deleting old run directory.
[PARSEC] Deleting old run directory.
[PARSEC] Setting up run directory.
[PARSEC] Setting up run directory.
[PARSEC] Setting up run directory.
[PARSEC] Unpacking benchmark input 'simlarge'.
[PARSEC] Unpacking benchmark input 'simlarge'.
[PARSEC] Unpacking benchmark input 'simlarge'.
bigben_2662x5500.v
bigben_2662x5500.v
bigben_2662x5500.v
[PARSEC] Running 'time /home/rohan/uforea/parsec-3.0/pkgs/apps/vips/inst/amd64-linux.gcc/bin/vips im_benchmark bigben_2662x5500.v output.v':
[PARSEC] Running 'time /home/rohan/uforea/parsec-3.0/pkgs/apps/vips/inst/amd64-linux.gcc/bin/vips im_benchmark bigben_2662x5500.v output.v':
[PARSEC] Running 'time /home/rohan/uforea/parsec-3.0/pkgs/apps/vips/inst/amd64-linux.gcc/bin/vips im_benchmark bigben_2662x5500.v output.v':
[PARSEC] [---------- Beginning of output ----------]
[PARSEC] [---------- Beginning of output ----------]
[PARSEC] [---------- Beginning of output ----------]

real	0m11.150s
user	0m3.641s
sys	0m0.081s
[PARSEC] [----------    End of output    ----------]
[PARSEC] Done.

real	0m11.472s
user	0m3.651s
sys	0m0.060s

real	0m11.473s
user	0m3.650s
sys	0m0.068s
[PARSEC] [----------    End of output    ----------]
[PARSEC] [----------    End of output    ----------]
[PARSEC] Done.
[PARSEC] Done.
