[PARSEC] [========== PARSEC 3.0-beta-20150206 RUN LOGFILE ==========]

[PARSEC] [========== Running benchmark parsec.streamcluster [1] ==========]
[PARSEC] Run with amd64-linux.gcc binaries and input simlarge started on Sun May 3 00:26:23 EDT 2020.
[PARSEC] Benchmarks to run:  parsec.streamcluster
[PARSEC] Deleting old run directory.

[PARSEC] [========== Running benchmark parsec.streamcluster [1] ==========]
[PARSEC] Setting up run directory.
[PARSEC] Deleting old run directory.
[PARSEC] No archive for input 'simlarge' available, skipping input setup.
[PARSEC] Running 'time /home/rohan/uforea/parsec-3.0/pkgs/kernels/streamcluster/inst/amd64-linux.gcc/bin/streamcluster 10 20 128 16384 16384 1000 none output.txt 1':
[PARSEC] Setting up run directory.
[PARSEC] [---------- Beginning of output ----------]
[PARSEC] No archive for input 'simlarge' available, skipping input setup.
PARSEC Benchmark Suite Version 3.0-beta-20150206
[PARSEC] Running 'time /home/rohan/uforea/parsec-3.0/pkgs/kernels/streamcluster/inst/amd64-linux.gcc/bin/streamcluster 10 20 128 16384 16384 1000 none output.txt 1':
[PARSEC] [---------- Beginning of output ----------]
PARSEC Benchmark Suite Version 3.0-beta-20150206
read 16384 points
read 16384 points
error opening output.txt

real	0m7.908s
user	0m7.893s
sys	0m0.012s
[PARSEC] [----------    End of output    ----------]
[PARSEC] Done.

real	0m8.061s
user	0m8.053s
sys	0m0.004s
[PARSEC] [----------    End of output    ----------]
[PARSEC] Done.
