[PARSEC] [========== PARSEC 3.0-beta-20150206 RUN LOGFILE ==========]

[PARSEC] Run with amd64-linux.gcc binaries and input simlarge started on Thu May 28 19:00:44 EDT 2020.
[PARSEC] Benchmarks to run:  parsec.vips

[PARSEC] [========== Running benchmark parsec.vips [1] ==========]
[PARSEC] Deleting old run directory.
[PARSEC] Setting up run directory.
[PARSEC] Unpacking benchmark input 'simlarge'.
bigben_2662x5500.v
[PARSEC] Running 'time /home/rohan/uforea/parsec-3.0/pkgs/apps/vips/inst/amd64-linux.gcc/bin/vips im_benchmark bigben_2662x5500.v output.v':
[PARSEC] [---------- Beginning of output ----------]
Num of Options: 65536
Num of Runs: 100
Size of data: 2621440

real	0m1.443s
user	0m0.524s
sys	0m0.004s
Num of Options: 65536
Num of Runs: 100
Size of data: 2621440

real	0m1.452s
user	0m0.520s
sys	0m0.007s
[PARSEC] [----------    End of output    ----------]
[PARSEC] Done.
[PARSEC] [----------    End of output    ----------]
[PARSEC] Done.

real	0m6.296s
user	0m3.663s
sys	0m0.081s
[PARSEC] [----------    End of output    ----------]
[PARSEC] Done.
