[PARSEC] [========== PARSEC 3.0-beta-20150206 RUN LOGFILE ==========]
parsec.vips



[PARSEC] Run with amd64-linux.gcc binaries and input simlarge started on Sun May 3 15:57:34 EDT 2020.
[PARSEC] [========== Running benchmark parsec.vips [1] ==========]
[PARSEC] Benchmarks to run:  parsec.fluidanimate
[PARSEC] [========== Running benchmark parsec.vips [1] ==========]

[PARSEC] Deleting old run directory.
[PARSEC] Deleting old run directory.
[PARSEC] [========== Running benchmark parsec.fluidanimate [1] ==========]
[PARSEC] Deleting old run directory.
[PARSEC] Setting up run directory.
[PARSEC] Setting up run directory.
[PARSEC] Setting up run directory.
[PARSEC] Unpacking benchmark input 'simlarge'.
[PARSEC] Unpacking benchmark input 'simlarge'.
[PARSEC] Unpacking benchmark input 'simlarge'.
bigben_2662x5500.v
bigben_2662x5500.v
in_300K.fluid
[PARSEC] Running 'time /home/rohan/uforea/parsec-3.0/pkgs/apps/fluidanimate/inst/amd64-linux.gcc/bin/fluidanimate 1 5 in_300K.fluid out.fluid':
[PARSEC] [---------- Beginning of output ----------]
PARSEC Benchmark Suite Version 3.0-beta-20150206
Loading file "in_300K.fluid"...
Number of cells: 135424
Grids steps over x, y, z: 0.00282609 0.0028125 0.00282609
[PARSEC] Running 'time /home/rohan/uforea/parsec-3.0/pkgs/apps/vips/inst/amd64-linux.gcc/bin/vips im_benchmark bigben_2662x5500.v output.v':
[PARSEC] Running 'time /home/rohan/uforea/parsec-3.0/pkgs/apps/vips/inst/amd64-linux.gcc/bin/vips im_benchmark bigben_2662x5500.v output.v':
[PARSEC] [---------- Beginning of output ----------]
[PARSEC] [---------- Beginning of output ----------]
Number of particles: 305809
Saving file "out.fluid"...

real	0m1.553s
user	0m1.400s
sys	0m0.152s
[PARSEC] [----------    End of output    ----------]
[PARSEC] Done.

real	0m4.201s
user	0m4.213s
sys	0m0.130s
[PARSEC] [----------    End of output    ----------]
[PARSEC] Done.

real	0m4.539s
user	0m4.315s
sys	0m0.115s
[PARSEC] [----------    End of output    ----------]
[PARSEC] Done.
