[PARSEC] [========== PARSEC 3.0-beta-20150206 RUN LOGFILE ==========]

Number of cells: 135424
Grids steps over x, y, z: 0.00282609 0.0028125 0.00282609
Num of Options: 65536
Num of Runs: 100
Size of data: 2621440

real	0m0.648s
user	0m0.648s
sys	0m0.000s
[PARSEC] Run with amd64-linux.gcc binaries and input simlarge started on Wed May 27 19:50:36 EDT 2020.
[PARSEC] Benchmarks to run:  parsec.streamcluster
[PARSEC] [----------    End of output    ----------]

[PARSEC] Done.
[PARSEC] [========== Running benchmark parsec.streamcluster [1] ==========]
[PARSEC] Deleting old run directory.
[PARSEC] Setting up run directory.
[PARSEC] No archive for input 'simlarge' available, skipping input setup.
[PARSEC] Running 'time /home/rohan/uforea/parsec-3.0/pkgs/kernels/streamcluster/inst/amd64-linux.gcc/bin/streamcluster 10 20 128 16384 16384 1000 none output.txt 1':
[PARSEC] [---------- Beginning of output ----------]
PARSEC Benchmark Suite Version 3.0-beta-20150206
read 16384 points
Number of particles: 305809
Saving file "out.fluid"...

real	0m1.648s
user	0m1.507s
sys	0m0.140s
[PARSEC] [----------    End of output    ----------]
[PARSEC] Done.

real	0m7.137s
user	0m7.126s
sys	0m0.008s
[PARSEC] [----------    End of output    ----------]
[PARSEC] Done.
