[PARSEC] [========== PARSEC 3.0-beta-20150206 RUN LOGFILE ==========]
on Wed May 27 15:36:23 EDT 2020.

[PARSEC] Benchmarks to run:  parsec.vips
[PARSEC] Run with amd64-linux.gcc binaries and input simlarge started on Wed May 27 15:36:23 EDT 2020.

[PARSEC] Benchmarks to run:  parsec.streamcluster
[PARSEC] [========== Running benchmark parsec.vips [1] ==========]

[PARSEC] [========== Running benchmark parsec.streamcluster [1] ==========]
[PARSEC] Deleting old run directory.
[PARSEC] Deleting old run directory.
[PARSEC] Setting up run directory.
[PARSEC] No archive for input 'simlarge' available, skipping input setup.
read 16384 points
[PARSEC] Running 'time /home/rohan/uforea/parsec-3.0/pkgs/kernels/streamcluster/inst/amd64-linux.gcc/bin/streamcluster 10 20 128 16384 16384 1000 none output.txt 1':
[PARSEC] [---------- Beginning of output ----------]
PARSEC Benchmark Suite Version 3.0-beta-20150206
[PARSEC] Setting up run directory.
[PARSEC] Unpacking benchmark input 'simlarge'.
bigben_2662x5500.v
read 16384 points
[PARSEC] Running 'time /home/rohan/uforea/parsec-3.0/pkgs/apps/vips/inst/amd64-linux.gcc/bin/vips im_benchmark bigben_2662x5500.v output.v':
[PARSEC] [---------- Beginning of output ----------]

real	0m4.124s
user	0m4.175s
sys	0m0.183s
[PARSEC] [----------    End of output    ----------]
[PARSEC] Done.
error opening output.txt

real	0m7.983s
user	0m7.976s
sys	0m0.004s
[PARSEC] [----------    End of output    ----------]
[PARSEC] Done.

real	0m8.075s
user	0m8.067s
sys	0m0.004s
[PARSEC] [----------    End of output    ----------]
[PARSEC] Done.
