[PARSEC] [========== PARSEC 3.0-beta-20150206 RUN LOGFILE ==========]

[PARSEC] Run with amd64-linux.gcc binaries and input simlarge started on Sun May 3 14:35:55 EDT 2020.
[PARSEC] Run with amd64-linux.gcc binaries and input simlarge started on Sun May 3 14:35:55 EDT 2020.
[PARSEC] Benchmarks to run:  parsec.blackscholes
[PARSEC] Benchmarks to run:  parsec.streamcluster
[PARSEC] Run with amd64-linux.gcc binaries and input simlarge started on Sun May 3 14:35:55 EDT 2020.
[PARSEC] Benchmarks to run:  parsec.blackscholes


[PARSEC] [========== Running benchmark parsec.blackscholes [1] ==========]

[PARSEC] [========== Running benchmark parsec.streamcluster [1] ==========]
[PARSEC] [========== Running benchmark parsec.blackscholes [1] ==========]
[PARSEC] Deleting old run directory.
[PARSEC] Deleting old run directory.
[PARSEC] Deleting old run directory.
[PARSEC] Setting up run directory.
[PARSEC] Setting up run directory.
[PARSEC] Setting up run directory.
[PARSEC] Unpacking benchmark input 'simlarge'.
[PARSEC] No archive for input 'simlarge' available, skipping input setup.
[PARSEC] Unpacking benchmark input 'simlarge'.
[PARSEC] Running 'time /home/rohan/uforea/parsec-3.0/pkgs/kernels/streamcluster/inst/amd64-linux.gcc/bin/streamcluster 10 20 128 16384 16384 1000 none output.txt 1':
[PARSEC] [---------- Beginning of output ----------]
in_64K.txt
in_64K.txt
PARSEC Benchmark Suite Version 3.0-beta-20150206
[PARSEC] Running 'time /home/rohan/uforea/parsec-3.0/pkgs/apps/blackscholes/inst/amd64-linux.gcc/bin/blackscholes 1 in_64K.txt prices.txt':
[PARSEC] Running 'time /home/rohan/uforea/parsec-3.0/pkgs/apps/blackscholes/inst/amd64-linux.gcc/bin/blackscholes 1 in_64K.txt prices.txt':
[PARSEC] [---------- Beginning of output ----------]
[PARSEC] [---------- Beginning of output ----------]
PARSEC Benchmark Suite Version 3.0-beta-20150206
PARSEC Benchmark Suite Version 3.0-beta-20150206
read 16384 points
Num of Options: 65536
Num of Runs: 100
Size of data: 2621440

real	0m0.723s
user	0m0.703s
sys	0m0.020s
Num of Options: 65536
Num of Runs: 100
Size of data: 2621440

real	0m0.725s
user	0m0.721s
sys	0m0.004s
[PARSEC] [----------    End of output    ----------]
[PARSEC] [----------    End of output    ----------]
[PARSEC] Done.
[PARSEC] Done.

real	0m7.168s
user	0m7.161s
sys	0m0.004s
[PARSEC] [----------    End of output    ----------]
[PARSEC] Done.
