[PARSEC] [========== PARSEC 3.0-beta-20150206 RUN LOGFILE ==========]

[PARSEC] Run with amd64-linux.gcc binaries and input simlarge started on Mon May 4 15:01:07 EDT 2020.
[PARSEC] Benchmarks to run:  parsec.vips

[PARSEC] [========== Running benchmark parsec.vips [1] ==========]
[PARSEC] Deleting old run directory.
read 16384 points
read 16384 points
[PARSEC] Setting up run directory.
[PARSEC] Unpacking benchmark input 'simlarge'.
bigben_2662x5500.v
[PARSEC] Running 'time /home/rohan/uforea/parsec-3.0/pkgs/apps/vips/inst/amd64-linux.gcc/bin/vips im_benchmark bigben_2662x5500.v output.v':
[PARSEC] [---------- Beginning of output ----------]

real	0m4.198s
user	0m4.283s
sys	0m0.194s
[PARSEC] [----------    End of output    ----------]
[PARSEC] Done.

real	0m8.435s
user	0m8.412s
sys	0m0.020s
[PARSEC] [----------    End of output    ----------]
[PARSEC] Done.

real	0m8.667s
user	0m8.663s
sys	0m0.000s
[PARSEC] [----------    End of output    ----------]
[PARSEC] Done.
