[PARSEC] [========== PARSEC 3.0-beta-20150206 RUN LOGFILE ==========]

[PARSEC] Run with amd64-linux.gcc binaries and input simlarge started on Sun May 31 12:47:53 EDT 2020.
[PARSEC] Benchmarks to run:  parsec.vips

[PARSEC] [========== Running benchmark parsec.vips [1] ==========]
[PARSEC] Deleting old run directory.
[PARSEC] Setting up run directory.
[PARSEC] Unpacking benchmark input 'simlarge'.
bigben_2662x5500.v
[PARSEC] Running 'time /home/rohan/uforea/parsec-3.0/pkgs/apps/vips/inst/amd64-linux.gcc/bin/vips im_benchmark bigben_2662x5500.v output.v':
Num of Options: 65536
Num of Runs: 100
Size of data: 2621440

real	0m0.901s
user	0m0.523s
sys	0m0.007s
[PARSEC] [---------- Beginning of output ----------]
[PARSEC] [----------    End of output    ----------]
[PARSEC] Done.

real	0m7.071s
user	0m3.788s
sys	0m0.076s
[PARSEC] [----------    End of output    ----------]
[PARSEC] Done.
