[PARSEC] [========== PARSEC 3.0-beta-20150206 RUN LOGFILE ==========]

[PARSEC] Setting up run directory.
[PARSEC] Setting up run directory.
[PARSEC] Run with amd64-linux.gcc binaries and input simlarge started on Tue Jun 2 11:35:13 EDT 2020.
[PARSEC] Unpacking benchmark input 'simlarge'.
[PARSEC] Benchmarks to run:  parsec.blackscholes
[PARSEC] No archive for input 'simlarge' available, skipping input setup.

[PARSEC] Running 'time /home/rohan/uforea/parsec-3.0/pkgs/kernels/streamcluster/inst/amd64-linux.gcc/bin/streamcluster 10 20 128 16384 16384 1000 none output.txt 1':
400000.nets
[PARSEC] [---------- Beginning of output ----------]
[PARSEC] [========== Running benchmark parsec.blackscholes [1] ==========]
[PARSEC] Running 'time /home/rohan/uforea/parsec-3.0/pkgs/kernels/canneal/inst/amd64-linux.gcc/bin/canneal 1 15000 2000 400000.nets 128':
PARSEC Benchmark Suite Version 3.0-beta-20150206
[PARSEC] Deleting old run directory.
[PARSEC] [---------- Beginning of output ----------]
[PARSEC] Setting up run directory.
PARSEC Benchmark Suite Version 3.0-beta-20150206
read 16384 points
Threadcount: 1
15000 swaps per temperature step
start temperature: 2000
netlist filename: 400000.nets
number of temperature steps: 128
[PARSEC] Unpacking benchmark input 'simlarge'.
locs created
in_64K.txt
locs assigned
[PARSEC] Running 'time /home/rohan/uforea/parsec-3.0/pkgs/apps/blackscholes/inst/amd64-linux.gcc/bin/blackscholes 1 in_64K.txt prices.txt':
[PARSEC] [---------- Beginning of output ----------]
PARSEC Benchmark Suite Version 3.0-beta-20150206
Num of Options: 65536
Num of Runs: 100
Size of data: 2621440

real	0m1.583s
user	0m0.528s
sys	0m0.000s
[PARSEC] [----------    End of output    ----------]
[PARSEC] Done.
Just saw element: 100000
Just saw element: 200000
Just saw element: 300000
Just saw element: 400000
netlist created. 400000 elements.
Final routing is: 6.90232e+08

real	0m13.252s
user	0m5.659s
sys	0m0.046s
[PARSEC] [----------    End of output    ----------]
[PARSEC] Done.

real	0m14.056s
user	0m6.356s
sys	0m0.000s
[PARSEC] [----------    End of output    ----------]
[PARSEC] Done.
