[PARSEC] [========== PARSEC 3.0-beta-20150206 RUN LOGFILE ==========]

[PARSEC] Benchmarks to run:  parsec.vips
[PARSEC] [========== Running benchmark parsec.streamcluster [1] ==========]
[PARSEC] Run with amd64-linux.gcc binaries and input simlarge started on Sat May 2 23:42:56 EDT 2020.

[PARSEC] Benchmarks to run:  parsec.vips
[PARSEC] [========== Running benchmark parsec.vips [1] ==========]
[PARSEC] Deleting old run directory.

[PARSEC] [========== Running benchmark parsec.vips [1] ==========]
[PARSEC] Setting up run directory.
[PARSEC] Deleting old run directory.
[PARSEC] Deleting old run directory.
[PARSEC] No archive for input 'simlarge' available, skipping input setup.
[PARSEC] Running 'time /home/rohan/uforea/parsec-3.0/pkgs/kernels/streamcluster/inst/amd64-linux.gcc/bin/streamcluster 10 20 128 16384 16384 1000 none output.txt 1':
[PARSEC] [---------- Beginning of output ----------]
PARSEC Benchmark Suite Version 3.0-beta-20150206
[PARSEC] Setting up run directory.
[PARSEC] Setting up run directory.
[PARSEC] Unpacking benchmark input 'simlarge'.
[PARSEC] Unpacking benchmark input 'simlarge'.
bigben_2662x5500.v
bigben_2662x5500.v
read 16384 points
[PARSEC] Running 'time /home/rohan/uforea/parsec-3.0/pkgs/apps/vips/inst/amd64-linux.gcc/bin/vips im_benchmark bigben_2662x5500.v output.v':
[PARSEC] [---------- Beginning of output ----------]
[PARSEC] Running 'time /home/rohan/uforea/parsec-3.0/pkgs/apps/vips/inst/amd64-linux.gcc/bin/vips im_benchmark bigben_2662x5500.v output.v':
[PARSEC] [---------- Beginning of output ----------]

real	0m4.065s
user	0m4.030s
sys	0m0.133s
[PARSEC] [----------    End of output    ----------]
[PARSEC] Done.

real	0m4.222s
user	0m4.060s
sys	0m0.088s
[PARSEC] [----------    End of output    ----------]
[PARSEC] Done.

real	0m7.533s
user	0m7.522s
sys	0m0.008s
[PARSEC] [----------    End of output    ----------]
[PARSEC] Done.
