[PARSEC] [========== PARSEC 3.0-beta-20150206 RUN LOGFILE ==========]

in_300K.fluid
[PARSEC] Running 'time /home/rohan/uforea/parsec-3.0/pkgs/apps/fluidanimate/inst/amd64-linux.gcc/bin/fluidanimate 1 5 in_300K.fluid out.fluid':
[PARSEC] Run with amd64-linux.gcc binaries and input simlarge started on Sat May 30 18:17:24 EDT 2020.
[PARSEC] Benchmarks to run:  parsec.streamcluster
[PARSEC] [---------- Beginning of output ----------]

PARSEC Benchmark Suite Version 3.0-beta-20150206
Loading file "in_300K.fluid"...
[PARSEC] [========== Running benchmark parsec.streamcluster [1] ==========]
Number of cells: 135424
[PARSEC] Deleting old run directory.
Grids steps over x, y, z: 0.00282609 0.0028125 0.00282609
[PARSEC] Setting up run directory.
[PARSEC] No archive for input 'simlarge' available, skipping input setup.
[PARSEC] Running 'time /home/rohan/uforea/parsec-3.0/pkgs/kernels/streamcluster/inst/amd64-linux.gcc/bin/streamcluster 10 20 128 16384 16384 1000 none output.txt 1':
[PARSEC] [---------- Beginning of output ----------]
PARSEC Benchmark Suite Version 3.0-beta-20150206
read 16384 points
Number of particles: 305809
Saving file "out.fluid"...

real	0m3.857s
user	0m1.265s
sys	0m0.091s
[PARSEC] [----------    End of output    ----------]
[PARSEC] Done.

real	0m12.645s
user	0m6.038s
sys	0m0.000s
[PARSEC] [----------    End of output    ----------]
[PARSEC] Done.
