[PARSEC] [========== PARSEC 3.0-beta-20150206 RUN LOGFILE ==========]

[PARSEC] Run with amd64-linux.gcc binaries and input simlarge started on Mon Feb 17 19:03:17 EST 2020.
[PARSEC] Benchmarks to run:  parsec.vips
Number of cells: 135424
Grids steps over x, y, z: 0.00282609 0.0028125 0.00282609

[PARSEC] [========== Running benchmark parsec.vips [1] ==========]
[PARSEC] Deleting old run directory.
[PARSEC] Setting up run directory.
[PARSEC] Unpacking benchmark input 'simlarge'.
bigben_2662x5500.v
[PARSEC] Running 'time /home/rohan/uforea/parsec-3.0/pkgs/apps/vips/inst/amd64-linux.gcc/bin/vips im_benchmark bigben_2662x5500.v output.v':
[PARSEC] [---------- Beginning of output ----------]
Number of particles: 305809
Num of Options: 65536
Num of Runs: 100
Size of data: 2621440
ERROR: Unable to open file prices.txt.

real	0m0.967s
user	0m0.952s
sys	0m0.008s
[PARSEC] [----------    End of output    ----------]
[PARSEC] Done.
Saving file "out.fluid"...
fluidanimate: pthreads.cpp:396: void SaveFile(const char*): Assertion `file' failed.
/home/rohan/uforea/parsec-3.0/bin/parsecmgmt: line 1222: 26993 Aborted                 (core dumped) /home/rohan/uforea/parsec-3.0/pkgs/apps/fluidanimate/inst/amd64-linux.gcc/bin/fluidanimate 1 5 in_300K.fluid out.fluid

real	0m3.674s
user	0m3.186s
sys	0m0.199s
[PARSEC] [----------    End of output    ----------]
[PARSEC] Done.

real	0m8.764s
user	0m8.424s
sys	0m0.395s
[PARSEC] [----------    End of output    ----------]
[PARSEC] Done.
