[PARSEC] [========== PARSEC 3.0-beta-20150206 RUN LOGFILE ==========]

[PARSEC] Running 'time /home/rohan/uforea/parsec-3.0/pkgs/kernels/streamcluster/inst/amd64-linux.gcc/bin/streamcluster 10 20 128 16384 16384 1000 none output.txt 1':
[PARSEC] [---------- Beginning of output ----------]
[PARSEC] Run with amd64-linux.gcc binaries and input simlarge started on Thu May 28 01:24:44 EDT 2020.
[PARSEC] Benchmarks to run:  parsec.freqmine
PARSEC Benchmark Suite Version 3.0-beta-20150206

[PARSEC] [========== Running benchmark parsec.freqmine [1] ==========]
read 16384 points
[PARSEC] Deleting old run directory.
[PARSEC] Setting up run directory.
[PARSEC] Unpacking benchmark input 'simlarge'.
kosarak_990k.dat
[PARSEC] Running 'time /home/rohan/uforea/parsec-3.0/pkgs/apps/freqmine/inst/amd64-linux.gcc/bin/freqmine kosarak_990k.dat 790':
[PARSEC] [---------- Beginning of output ----------]
PARSEC Benchmark Suite Version 3.0-beta-20150206
transaction number is 990002
1548
13483
46649
131381
415489
1239344
2985564
5696308
8709873
10789491
10902648
9011183
6094236
3374161
1530954
564958
165173
36535
5727
578
33
1
the data preparation cost 0.459999 seconds, the FPgrowth cost 5.203258 seconds

real	0m5.671s
user	0m5.341s
sys	0m0.080s
[PARSEC] [----------    End of output    ----------]
[PARSEC] Done.

real	0m9.922s
user	0m5.874s
sys	0m0.000s
[PARSEC] [----------    End of output    ----------]
[PARSEC] Done.
