[PARSEC] [========== PARSEC 3.0-beta-20150206 RUN LOGFILE ==========]

[PARSEC] Run with amd64-linux.gcc binaries and input simlarge started on Wed May 27 16:20:54 EDT 2020.
[PARSEC] Benchmarks to run:  parsec.vips

[PARSEC] [========== Running benchmark parsec.vips [1] ==========]
[PARSEC] Deleting old run directory.
[PARSEC] Setting up run directory.
[PARSEC] Unpacking benchmark input 'simlarge'.
bigben_2662x5500.v
[PARSEC] Running 'time /home/rohan/uforea/parsec-3.0/pkgs/apps/vips/inst/amd64-linux.gcc/bin/vips im_benchmark bigben_2662x5500.v output.v':
[PARSEC] [---------- Beginning of output ----------]
Saving file "out.fluid"...

real	0m1.602s
user	0m1.466s
sys	0m0.136s
[PARSEC] [----------    End of output    ----------]
[PARSEC] Done.

real	0m4.428s
user	0m4.447s
sys	0m0.110s
[PARSEC] [----------    End of output    ----------]
[PARSEC] Done.

real	0m4.304s
user	0m4.304s
sys	0m0.142s
[PARSEC] [----------    End of output    ----------]
[PARSEC] Done.
