[PARSEC] [========== PARSEC 3.0-beta-20150206 RUN LOGFILE ==========]

[PARSEC] Deleting old run directory.
[PARSEC] Deleting old run directory.
[PARSEC] Run with amd64-linux.gcc binaries and input simlarge started on Mon May 4 18:40:11 EDT 2020.
[PARSEC] Setting up run directory.
[PARSEC] Benchmarks to run:  parsec.vips

[PARSEC] No archive for input 'simlarge' available, skipping input setup.
[PARSEC] [========== Running benchmark parsec.vips [1] ==========]
[PARSEC] Running 'time /home/rohan/uforea/parsec-3.0/pkgs/kernels/streamcluster/inst/amd64-linux.gcc/bin/streamcluster 10 20 128 16384 16384 1000 none output.txt 1':
[PARSEC] [---------- Beginning of output ----------]
[PARSEC] Setting up run directory.
[PARSEC] Deleting old run directory.
PARSEC Benchmark Suite Version 3.0-beta-20150206
[PARSEC] Unpacking benchmark input 'simlarge'.
kosarak_990k.dat
[PARSEC] Setting up run directory.
[PARSEC] Unpacking benchmark input 'simlarge'.
read 16384 points
bigben_2662x5500.v
[PARSEC] Running 'time /home/rohan/uforea/parsec-3.0/pkgs/apps/freqmine/inst/amd64-linux.gcc/bin/freqmine kosarak_990k.dat 790':
[PARSEC] [---------- Beginning of output ----------]
PARSEC Benchmark Suite Version 3.0-beta-20150206
[PARSEC] Running 'time /home/rohan/uforea/parsec-3.0/pkgs/apps/vips/inst/amd64-linux.gcc/bin/vips im_benchmark bigben_2662x5500.v output.v':
[PARSEC] [---------- Beginning of output ----------]

real	0m4.092s
user	0m4.163s
sys	0m0.119s
[PARSEC] [----------    End of output    ----------]
[PARSEC] Done.
transaction number is 990002
1548
13483
46649
131381
415489
1239344
2985564
5696308
8709873
10789491
10902648
9011183
6094236
3374161
1530954
564958
165173
36535
5727
578
33
1
the data preparation cost 0.298200 seconds, the FPgrowth cost 5.586069 seconds

real	0m5.889s
user	0m5.814s
sys	0m0.072s
[PARSEC] [----------    End of output    ----------]
[PARSEC] Done.

real	0m7.036s
user	0m7.025s
sys	0m0.008s
[PARSEC] [----------    End of output    ----------]
[PARSEC] Done.
