[PARSEC] [========== PARSEC 3.0-beta-20150206 RUN LOGFILE ==========]

[PARSEC] Run with amd64-linux.gcc binaries and input simlarge started on Thu May 28 02:07:37 EDT 2020.
[PARSEC] Run with amd64-linux.gcc binaries and input simlarge started on Thu May 28 02:07:37 EDT 2020.
[PARSEC] Run with amd64-linux.gcc binaries and input simlarge started on Thu May 28 02:07:37 EDT 2020.
[PARSEC] Benchmarks to run:  parsec.streamcluster
[PARSEC] Benchmarks to run:  parsec.streamcluster

[PARSEC] Benchmarks to run:  parsec.blackscholes

[PARSEC] [========== Running benchmark parsec.streamcluster [1] ==========]

[PARSEC] [========== Running benchmark parsec.streamcluster [1] ==========]
[PARSEC] [========== Running benchmark parsec.blackscholes [1] ==========]
[PARSEC] Deleting old run directory.
[PARSEC] Deleting old run directory.
[PARSEC] Deleting old run directory.
[PARSEC] Setting up run directory.
[PARSEC] Setting up run directory.
[PARSEC] Setting up run directory.
[PARSEC] No archive for input 'simlarge' available, skipping input setup.
[PARSEC] No archive for input 'simlarge' available, skipping input setup.
[PARSEC] Running 'time /home/rohan/uforea/parsec-3.0/pkgs/kernels/streamcluster/inst/amd64-linux.gcc/bin/streamcluster 10 20 128 16384 16384 1000 none output.txt 1':
[PARSEC] Unpacking benchmark input 'simlarge'.
[PARSEC] Running 'time /home/rohan/uforea/parsec-3.0/pkgs/kernels/streamcluster/inst/amd64-linux.gcc/bin/streamcluster 10 20 128 16384 16384 1000 none output.txt 1':
[PARSEC] [---------- Beginning of output ----------]
[PARSEC] [---------- Beginning of output ----------]
in_64K.txt
PARSEC Benchmark Suite Version 3.0-beta-20150206
[PARSEC] Running 'time /home/rohan/uforea/parsec-3.0/pkgs/apps/blackscholes/inst/amd64-linux.gcc/bin/blackscholes 1 in_64K.txt prices.txt':
PARSEC Benchmark Suite Version 3.0-beta-20150206
read 16384 points
[PARSEC] [---------- Beginning of output ----------]
read 16384 points
PARSEC Benchmark Suite Version 3.0-beta-20150206
Num of Options: 65536
Num of Runs: 100
Size of data: 2621440

real	0m1.611s
user	0m0.534s
sys	0m0.004s
[PARSEC] [----------    End of output    ----------]
[PARSEC] Done.

real	0m16.784s
user	0m7.324s
sys	0m0.008s
[PARSEC] [----------    End of output    ----------]
[PARSEC] Done.

real	0m16.838s
user	0m7.373s
sys	0m0.000s
[PARSEC] [----------    End of output    ----------]
[PARSEC] Done.
