[PARSEC] [========== PARSEC 3.0-beta-20150206 RUN LOGFILE ==========]

in_64K.txt
[PARSEC] Run with amd64-linux.gcc binaries and input simlarge started on Mon May 4 15:03:46 EDT 2020.
in_64K.txt
[PARSEC] Benchmarks to run:  parsec.blackscholes

[PARSEC] [========== Running benchmark parsec.blackscholes [1] ==========]
[PARSEC] Running 'time /home/rohan/uforea/parsec-3.0/pkgs/apps/blackscholes/inst/amd64-linux.gcc/bin/blackscholes 1 in_64K.txt prices.txt':
[PARSEC] Running 'time /home/rohan/uforea/parsec-3.0/pkgs/apps/blackscholes/inst/amd64-linux.gcc/bin/blackscholes 1 in_64K.txt prices.txt':
[PARSEC] [---------- Beginning of output ----------]
[PARSEC] Deleting old run directory.
[PARSEC] [---------- Beginning of output ----------]
PARSEC Benchmark Suite Version 3.0-beta-20150206
ERROR: Unable to open file in_64K.txt.

real	0m0.002s
user	0m0.002s
sys	0m0.000s
PARSEC Benchmark Suite Version 3.0-beta-20150206
ERROR: Unable to open file in_64K.txt.

real	0m0.002s
user	0m0.000s
sys	0m0.002s
[PARSEC] [----------    End of output    ----------]
[PARSEC] Setting up run directory.
[PARSEC] [----------    End of output    ----------]
[PARSEC] Done.
[PARSEC] Done.
[PARSEC] Unpacking benchmark input 'simlarge'.
in_64K.txt
[PARSEC] Running 'time /home/rohan/uforea/parsec-3.0/pkgs/apps/blackscholes/inst/amd64-linux.gcc/bin/blackscholes 1 in_64K.txt prices.txt':
[PARSEC] [---------- Beginning of output ----------]
PARSEC Benchmark Suite Version 3.0-beta-20150206
Num of Options: 65536
Num of Runs: 100
Size of data: 2621440

real	0m0.728s
user	0m0.720s
sys	0m0.008s
[PARSEC] [----------    End of output    ----------]
[PARSEC] Done.
