[PARSEC] [========== PARSEC 3.0-beta-20150206 RUN LOGFILE ==========]

[PARSEC] Run with amd64-linux.gcc binaries and input simlarge started on Tue Jun 2 09:50:27 EDT 2020.
[PARSEC] Benchmarks to run:  parsec.blackscholes
Number of particles: 305809
Number of particles: 305809

[PARSEC] [========== Running benchmark parsec.blackscholes [1] ==========]
[PARSEC] Deleting old run directory.
[PARSEC] Setting up run directory.
[PARSEC] Unpacking benchmark input 'simlarge'.
in_64K.txt
[PARSEC] Running 'time /home/rohan/uforea/parsec-3.0/pkgs/apps/blackscholes/inst/amd64-linux.gcc/bin/blackscholes 1 in_64K.txt prices.txt':
[PARSEC] [---------- Beginning of output ----------]
PARSEC Benchmark Suite Version 3.0-beta-20150206
Num of Options: 65536
Num of Runs: 100
Size of data: 2621440

real	0m1.560s
user	0m0.519s
sys	0m0.004s
[PARSEC] [----------    End of output    ----------]
[PARSEC] Done.
Saving file "out.fluid"...
Saving file "out.fluid"...

real	0m3.783s
user	0m1.253s
sys	0m0.115s
[PARSEC] [----------    End of output    ----------]

real	0m3.789s
user	0m1.267s
sys	0m0.096s
[PARSEC] Done.
[PARSEC] [----------    End of output    ----------]
[PARSEC] Done.
