[PARSEC] [========== PARSEC 3.0-beta-20150206 RUN LOGFILE ==========]

[PARSEC] Run with amd64-linux.gcc binaries and input simlarge started on Wed May 27 12:11:08 EDT 2020.
[PARSEC] Deleting old run directory.
[PARSEC] Benchmarks to run:  parsec.freqmine

[PARSEC] Setting up run directory.
[PARSEC] [========== Running benchmark parsec.freqmine [1] ==========]
[PARSEC] Unpacking benchmark input 'simlarge'.
[PARSEC] Deleting old run directory.
kosarak_990k.dat
[PARSEC] Setting up run directory.
[PARSEC] Running 'time /home/rohan/uforea/parsec-3.0/pkgs/apps/freqmine/inst/amd64-linux.gcc/bin/freqmine kosarak_990k.dat 790':
[PARSEC] [---------- Beginning of output ----------]
[PARSEC] Unpacking benchmark input 'simlarge'.
PARSEC Benchmark Suite Version 3.0-beta-20150206
kosarak_990k.dat could not be opened!

real	0m0.004s
user	0m0.000s
sys	0m0.004s
[PARSEC] Setting up run directory.
kosarak_990k.dat
[PARSEC] [----------    End of output    ----------]
[PARSEC] Unpacking benchmark input 'simlarge'.
[PARSEC] Done.
bigben_2662x5500.v
[PARSEC] Running 'time /home/rohan/uforea/parsec-3.0/pkgs/apps/freqmine/inst/amd64-linux.gcc/bin/freqmine kosarak_990k.dat 790':
[PARSEC] [---------- Beginning of output ----------]
PARSEC Benchmark Suite Version 3.0-beta-20150206
[PARSEC] Running 'time /home/rohan/uforea/parsec-3.0/pkgs/apps/vips/inst/amd64-linux.gcc/bin/vips im_benchmark bigben_2662x5500.v output.v':
[PARSEC] [---------- Beginning of output ----------]

real	0m4.062s
user	0m4.115s
sys	0m0.147s
[PARSEC] [----------    End of output    ----------]
[PARSEC] Done.
transaction number is 990002
1548
13483
46649
131381
415489
1239344
2985564
5696308
8709873
10789491
10902648
9011183
6094236
3374161
1530954
564958
165173
36535
5727
578
33
1
the data preparation cost 0.297018 seconds, the FPgrowth cost 9.848591 seconds

real	0m10.149s
user	0m5.690s
sys	0m0.080s
[PARSEC] [----------    End of output    ----------]
[PARSEC] Done.
