[PARSEC] [========== PARSEC 3.0-beta-20150206 RUN LOGFILE ==========]

[PARSEC] [========== Running benchmark parsec.blackscholes [1] ==========]
[PARSEC] Run with amd64-linux.gcc binaries and input simlarge started on Sun May 3 13:50:27 EDT 2020.
[PARSEC] Benchmarks to run:  parsec.streamcluster
[PARSEC] Deleting old run directory.
[PARSEC] Deleting old run directory.

[PARSEC] [========== Running benchmark parsec.streamcluster [1] ==========]
[PARSEC] Setting up run directory.
[PARSEC] Deleting old run directory.
[PARSEC] Unpacking benchmark input 'simlarge'.
[PARSEC] Setting up run directory.
in_64K.txt
[PARSEC] No archive for input 'simlarge' available, skipping input setup.
[PARSEC] Setting up run directory.
[PARSEC] Running 'time /home/rohan/uforea/parsec-3.0/pkgs/kernels/streamcluster/inst/amd64-linux.gcc/bin/streamcluster 10 20 128 16384 16384 1000 none output.txt 1':
[PARSEC] [---------- Beginning of output ----------]
[PARSEC] Running 'time /home/rohan/uforea/parsec-3.0/pkgs/apps/blackscholes/inst/amd64-linux.gcc/bin/blackscholes 1 in_64K.txt prices.txt':
[PARSEC] Unpacking benchmark input 'simlarge'.
[PARSEC] [---------- Beginning of output ----------]
PARSEC Benchmark Suite Version 3.0-beta-20150206
PARSEC Benchmark Suite Version 3.0-beta-20150206
bigben_2662x5500.v
read 16384 points
[PARSEC] Running 'time /home/rohan/uforea/parsec-3.0/pkgs/apps/vips/inst/amd64-linux.gcc/bin/vips im_benchmark bigben_2662x5500.v output.v':
[PARSEC] [---------- Beginning of output ----------]
Num of Options: 65536
Num of Runs: 100
Size of data: 2621440

real	0m0.703s
user	0m0.698s
sys	0m0.005s
[PARSEC] [----------    End of output    ----------]
[PARSEC] Done.

real	0m4.243s
user	0m4.355s
sys	0m0.120s
[PARSEC] [----------    End of output    ----------]
[PARSEC] Done.

real	0m7.155s
user	0m7.149s
sys	0m0.004s
[PARSEC] [----------    End of output    ----------]
[PARSEC] Done.
