[PARSEC] [========== PARSEC 3.0-beta-20150206 RUN LOGFILE ==========]


[PARSEC] Run with amd64-linux.gcc binaries and input native started on Sun Jun 6 22:41:20 EDT 2021.
[PARSEC] Run with amd64-linux.gcc binaries and input native started on Sun Jun 6 22:41:20 EDT 2021.
[PARSEC] Benchmarks to run:  parsec.fluidanimate
[PARSEC] Benchmarks to run:  parsec.freqmine


[PARSEC] [========== Running benchmark parsec.freqmine [1] ==========]
[PARSEC] [========== Running benchmark parsec.fluidanimate [1] ==========]
[PARSEC] Deleting old run directory.
[PARSEC] Deleting old run directory.
[PARSEC] Setting up run directory.
[PARSEC] Setting up run directory.
[PARSEC] Unpacking benchmark input 'native'.
[PARSEC] Unpacking benchmark input 'native'.
webdocs_250k.dat
in_500K.fluid
[PARSEC] Running 'time /home/rohan/uforea/parsec-3.0/pkgs/apps/fluidanimate/inst/amd64-linux.gcc/bin/fluidanimate 1 500 in_500K.fluid out.fluid':
[PARSEC] [---------- Beginning of output ----------]
PARSEC Benchmark Suite Version 3.0-beta-20150206
Loading file "in_500K.fluid"...
Number of cells: 229900
Grids steps over x, y, z: 0.00236364 0.00236842 0.00236364
[PARSEC] Running 'time /home/rohan/uforea/parsec-3.0/pkgs/apps/freqmine/inst/amd64-linux.gcc/bin/freqmine webdocs_250k.dat 11000':
[PARSEC] [---------- Beginning of output ----------]
PARSEC Benchmark Suite Version 3.0-beta-20150206
Number of particles: 501642
