[PARSEC] [========== PARSEC 3.0-beta-20150206 RUN LOGFILE ==========]

[PARSEC] Run with amd64-linux.gcc binaries and input simlarge started on Sun May 3 02:22:46 EDT 2020.
[PARSEC] Benchmarks to run:  parsec.vips

[PARSEC] [========== Running benchmark parsec.vips [1] ==========]
[PARSEC] Deleting old run directory.
[PARSEC] Setting up run directory.
[PARSEC] Unpacking benchmark input 'simlarge'.
bigben_2662x5500.v
Just saw element: 100000
[PARSEC] Running 'time /home/rohan/uforea/parsec-3.0/pkgs/apps/vips/inst/amd64-linux.gcc/bin/vips im_benchmark bigben_2662x5500.v output.v':
[PARSEC] [---------- Beginning of output ----------]
Num of Options: 65536
Num of Runs: 100
Size of data: 2621440

real	0m0.737s
user	0m0.733s
sys	0m0.004s
[PARSEC] [----------    End of output    ----------]
[PARSEC] Done.
Just saw element: 200000
Just saw element: 300000
Just saw element: 400000
netlist created. 400000 elements.

real	0m4.162s
user	0m4.246s
sys	0m0.132s
[PARSEC] [----------    End of output    ----------]
[PARSEC] Done.
Final routing is: 6.90232e+08

real	0m5.454s
user	0m5.384s
sys	0m0.068s
[PARSEC] [----------    End of output    ----------]
[PARSEC] Done.
