[PARSEC] [========== PARSEC 3.0-beta-20150206 RUN LOGFILE ==========]

[PARSEC] Running 'time /home/rohan/uforea/parsec-3.0/pkgs/kernels/streamcluster/inst/amd64-linux.gcc/bin/streamcluster 10 20 128 16384 16384 1000 none output.txt 1':
[PARSEC] [---------- Beginning of output ----------]
[PARSEC] Run with amd64-linux.gcc binaries and input simlarge started on Wed May 27 20:54:06 EDT 2020.
[PARSEC] Benchmarks to run:  parsec.vips
PARSEC Benchmark Suite Version 3.0-beta-20150206

[PARSEC] [========== Running benchmark parsec.vips [1] ==========]
[PARSEC] Deleting old run directory.
read 16384 points
[PARSEC] Setting up run directory.
[PARSEC] Unpacking benchmark input 'simlarge'.
bigben_2662x5500.v
[PARSEC] Running 'time /home/rohan/uforea/parsec-3.0/pkgs/apps/vips/inst/amd64-linux.gcc/bin/vips im_benchmark bigben_2662x5500.v output.v':
[PARSEC] [---------- Beginning of output ----------]

real	0m4.283s
user	0m4.337s
sys	0m0.135s
[PARSEC] [----------    End of output    ----------]
[PARSEC] Done.

real	0m6.897s
user	0m6.883s
sys	0m0.012s
[PARSEC] [----------    End of output    ----------]
[PARSEC] Done.
