[PARSEC] [========== PARSEC 3.0-beta-20150206 RUN LOGFILE ==========]

[PARSEC] Run with amd64-linux.gcc binaries and input simlarge started on Mon May 4 01:51:57 EDT 2020.
[PARSEC] Benchmarks to run:  parsec.vips
Number of cells: 135424
Grids steps over x, y, z: 0.00282609 0.0028125 0.00282609

[PARSEC] [========== Running benchmark parsec.vips [1] ==========]
Number of particles: 305809
[PARSEC] Deleting old run directory.
[PARSEC] Setting up run directory.
[PARSEC] Unpacking benchmark input 'simlarge'.
bigben_2662x5500.v
[PARSEC] Running 'time /home/rohan/uforea/parsec-3.0/pkgs/apps/vips/inst/amd64-linux.gcc/bin/vips im_benchmark bigben_2662x5500.v output.v':
[PARSEC] [---------- Beginning of output ----------]
Number of particles: 305809
Saving file "out.fluid"...
fluidanimate: pthreads.cpp:396: void SaveFile(const char*): Assertion `file' failed.
Saving file "out.fluid"...
/home/rohan/uforea/parsec-3.0/bin/parsecmgmt: line 1222: 16622 Aborted                 (core dumped) /home/rohan/uforea/parsec-3.0/pkgs/apps/fluidanimate/inst/amd64-linux.gcc/bin/fluidanimate 1 5 in_300K.fluid out.fluid

real	0m1.847s
user	0m1.514s
sys	0m0.196s
[PARSEC] [----------    End of output    ----------]
[PARSEC] Done.

real	0m1.655s
user	0m1.506s
sys	0m0.148s
[PARSEC] [----------    End of output    ----------]
[PARSEC] Done.

real	0m4.519s
user	0m4.572s
sys	0m0.106s
[PARSEC] [----------    End of output    ----------]
[PARSEC] Done.
