[PARSEC] [========== PARSEC 3.0-beta-20150206 RUN LOGFILE ==========]

[PARSEC] Run with amd64-linux.gcc binaries and input simlarge started on Sun May 3 23:25:37 EDT 2020.
[PARSEC] Benchmarks to run:  parsec.vips

[PARSEC] [========== Running benchmark parsec.vips [1] ==========]
[PARSEC] Deleting old run directory.
[PARSEC] Setting up run directory.
[PARSEC] Unpacking benchmark input 'simlarge'.
bigben_2662x5500.v
[PARSEC] Running 'time /home/rohan/uforea/parsec-3.0/pkgs/apps/vips/inst/amd64-linux.gcc/bin/vips im_benchmark bigben_2662x5500.v output.v':
[PARSEC] [---------- Beginning of output ----------]
Num of Options: 65536
Num of Runs: 100
Size of data: 2621440

real	0m0.679s
user	0m0.675s
sys	0m0.004s
[PARSEC] [----------    End of output    ----------]
[PARSEC] Done.

real	0m4.365s
user	0m4.327s
sys	0m0.149s
[PARSEC] [----------    End of output    ----------]
[PARSEC] Done.

real	0m4.241s
user	0m4.313s
sys	0m0.086s
[PARSEC] [----------    End of output    ----------]
[PARSEC] Done.
