[PARSEC] [========== PARSEC 3.0-beta-20150206 RUN LOGFILE ==========]

[PARSEC] [========== Running benchmark parsec.streamcluster [1] ==========]
[PARSEC] Run with amd64-linux.gcc binaries and input simlarge started on Mon May 4 21:19:10 EDT 2020.
[PARSEC] Deleting old run directory.
[PARSEC] Benchmarks to run:  parsec.streamcluster

[PARSEC] Setting up run directory.
[PARSEC] [========== Running benchmark parsec.streamcluster [1] ==========]
[PARSEC] No archive for input 'simlarge' available, skipping input setup.
[PARSEC] Deleting old run directory.
[PARSEC] Running 'time /home/rohan/uforea/parsec-3.0/pkgs/kernels/streamcluster/inst/amd64-linux.gcc/bin/streamcluster 10 20 128 16384 16384 1000 none output.txt 1':
[PARSEC] [---------- Beginning of output ----------]
[PARSEC] Setting up run directory.
PARSEC Benchmark Suite Version 3.0-beta-20150206
[PARSEC] No archive for input 'simlarge' available, skipping input setup.
[PARSEC] Running 'time /home/rohan/uforea/parsec-3.0/pkgs/kernels/streamcluster/inst/amd64-linux.gcc/bin/streamcluster 10 20 128 16384 16384 1000 none output.txt 1':
[PARSEC] [---------- Beginning of output ----------]
PARSEC Benchmark Suite Version 3.0-beta-20150206
read 16384 points
read 16384 points

real	0m7.782s
user	0m7.775s
sys	0m0.004s
[PARSEC] [----------    End of output    ----------]
[PARSEC] Done.
error opening output.txt

real	0m7.823s
user	0m7.811s
sys	0m0.008s
[PARSEC] [----------    End of output    ----------]
[PARSEC] Done.
