[PARSEC] [========== PARSEC 3.0-beta-20150206 RUN LOGFILE ==========]

[PARSEC] Run with amd64-linux.gcc binaries and input simlarge started on Mon Jun 1 19:43:13 EDT 2020.
[PARSEC] Run with amd64-linux.gcc binaries and input simlarge started on Mon Jun 1 19:43:13 EDT 2020.
[PARSEC] Benchmarks to run:  parsec.fluidanimate
[PARSEC] Benchmarks to run:  parsec.fluidanimate


[PARSEC] [========== Running benchmark parsec.fluidanimate [1] ==========]
[PARSEC] [========== Running benchmark parsec.fluidanimate [1] ==========]
[PARSEC] Deleting old run directory.
[PARSEC] Deleting old run directory.
[PARSEC] Setting up run directory.
[PARSEC] Setting up run directory.
[PARSEC] Unpacking benchmark input 'simlarge'.
[PARSEC] Unpacking benchmark input 'simlarge'.
in_300K.fluid
in_300K.fluid
[PARSEC] Running 'time /home/rohan/uforea/parsec-3.0/pkgs/apps/fluidanimate/inst/amd64-linux.gcc/bin/fluidanimate 1 5 in_300K.fluid out.fluid':
[PARSEC] Running 'time /home/rohan/uforea/parsec-3.0/pkgs/apps/fluidanimate/inst/amd64-linux.gcc/bin/fluidanimate 1 5 in_300K.fluid out.fluid':
[PARSEC] [---------- Beginning of output ----------]
[PARSEC] [---------- Beginning of output ----------]
PARSEC Benchmark Suite Version 3.0-beta-20150206
Loading file "in_300K.fluid"...
Error opening file. Aborting.

real	0m0.005s
user	0m0.001s
sys	0m0.000s
PARSEC Benchmark Suite Version 3.0-beta-20150206
Loading file "in_300K.fluid"...
Error opening file. Aborting.

real	0m0.005s
user	0m0.001s
sys	0m0.000s
[PARSEC] [----------    End of output    ----------]
[PARSEC] [----------    End of output    ----------]
[PARSEC] Done.
[PARSEC] Done.
