[PARSEC] [========== PARSEC 3.0-beta-20150206 RUN LOGFILE ==========]

[PARSEC] Run with amd64-linux.gcc binaries and input simlarge started on Sat May 30 15:48:03 EDT 2020.
[PARSEC] Run with amd64-linux.gcc binaries and input simlarge started on Sat May 30 15:48:03 EDT 2020.
[PARSEC] Benchmarks to run:  parsec.fluidanimate
[PARSEC] Benchmarks to run:  parsec.freqmine
[PARSEC] Run with amd64-linux.gcc binaries and input simlarge started on Sat May 30 15:48:03 EDT 2020.


[PARSEC] Benchmarks to run:  parsec.canneal
[PARSEC] [========== Running benchmark parsec.fluidanimate [1] ==========]
[PARSEC] [========== Running benchmark parsec.freqmine [1] ==========]

[PARSEC] [========== Running benchmark parsec.canneal [1] ==========]
[PARSEC] Deleting old run directory.
[PARSEC] Deleting old run directory.
[PARSEC] Deleting old run directory.
[PARSEC] Setting up run directory.
[PARSEC] Setting up run directory.
[PARSEC] Setting up run directory.
[PARSEC] Unpacking benchmark input 'simlarge'.
[PARSEC] Unpacking benchmark input 'simlarge'.
[PARSEC] Unpacking benchmark input 'simlarge'.
in_300K.fluid
kosarak_990k.dat
[PARSEC] Running 'time /home/rohan/uforea/parsec-3.0/pkgs/apps/fluidanimate/inst/amd64-linux.gcc/bin/fluidanimate 1 5 in_300K.fluid out.fluid':
400000.nets
[PARSEC] [---------- Beginning of output ----------]
[PARSEC] Running 'time /home/rohan/uforea/parsec-3.0/pkgs/kernels/canneal/inst/amd64-linux.gcc/bin/canneal 1 15000 2000 400000.nets 128':
[PARSEC] [---------- Beginning of output ----------]
[PARSEC] Running 'time /home/rohan/uforea/parsec-3.0/pkgs/apps/freqmine/inst/amd64-linux.gcc/bin/freqmine kosarak_990k.dat 790':
PARSEC Benchmark Suite Version 3.0-beta-20150206
Loading file "in_300K.fluid"...
[PARSEC] [---------- Beginning of output ----------]
PARSEC Benchmark Suite Version 3.0-beta-20150206
Threadcount: 1
15000 swaps per temperature step
start temperature: 2000
netlist filename: 400000.nets
number of temperature steps: 128
Number of cells: 135424
PARSEC Benchmark Suite Version 3.0-beta-20150206
locs created
Grids steps over x, y, z: 0.00282609 0.0028125 0.00282609
locs assigned
Number of particles: 305809
Just saw element: 100000
Saving file "out.fluid"...

real	0m2.971s
user	0m1.265s
sys	0m0.111s
[PARSEC] [----------    End of output    ----------]
Just saw element: 200000
[PARSEC] Done.
Just saw element: 300000
Just saw element: 400000
netlist created. 400000 elements.
Final routing is: 6.90232e+08

real	0m7.329s
user	0m5.040s
sys	0m0.070s
[PARSEC] [----------    End of output    ----------]
[PARSEC] Done.
transaction number is 990002
1548
13483
46649
131381
415489
1239344
2985564
5696308
8709873
10789491
10902648
9011183
6094236
3374161
1530954
564958
165173
36535
5727
578
33
1
the data preparation cost 0.655087 seconds, the FPgrowth cost 7.174818 seconds

real	0m7.847s
user	0m5.294s
sys	0m0.068s
[PARSEC] [----------    End of output    ----------]
[PARSEC] Done.
