[PARSEC] [========== PARSEC 3.0-beta-20150206 RUN LOGFILE ==========]

[PARSEC] Run with amd64-linux.gcc binaries and input simlarge started on Fri May 29 15:19:56 EDT 2020.
[PARSEC] Benchmarks to run:  parsec.vips

[PARSEC] [========== Running benchmark parsec.vips [1] ==========]
[PARSEC] Deleting old run directory.
[PARSEC] Setting up run directory.
[PARSEC] Unpacking benchmark input 'simlarge'.
bigben_2662x5500.v
[PARSEC] Running 'time /home/rohan/uforea/parsec-3.0/pkgs/apps/vips/inst/amd64-linux.gcc/bin/vips im_benchmark bigben_2662x5500.v output.v':
[PARSEC] [---------- Beginning of output ----------]
Num of Options: 65536
Num of Runs: 100
Size of data: 2621440

real	0m1.404s
user	0m0.536s
sys	0m0.010s
[PARSEC] [----------    End of output    ----------]
[PARSEC] Done.

real	0m9.064s
user	0m3.781s
sys	0m0.031s
[PARSEC] [----------    End of output    ----------]
[PARSEC] Done.

real	0m12.431s
user	0m6.278s
sys	0m0.000s
[PARSEC] [----------    End of output    ----------]
[PARSEC] Done.
