[PARSEC] [========== PARSEC 3.0-beta-20150206 RUN LOGFILE ==========]

[PARSEC] Deleting old run directory.
[PARSEC] Run with amd64-linux.gcc binaries and input simlarge started on Sat May 30 19:56:11 EDT 2020.
[PARSEC] Setting up run directory.
[PARSEC] Setting up run directory.
[PARSEC] Benchmarks to run:  parsec.vips

[PARSEC] Unpacking benchmark input 'simlarge'.
[PARSEC] Unpacking benchmark input 'simlarge'.
[PARSEC] [========== Running benchmark parsec.vips [1] ==========]
400000.nets
400000.nets
[PARSEC] Deleting old run directory.
[PARSEC] Running 'time /home/rohan/uforea/parsec-3.0/pkgs/kernels/canneal/inst/amd64-linux.gcc/bin/canneal 1 15000 2000 400000.nets 128':
[PARSEC] Running 'time /home/rohan/uforea/parsec-3.0/pkgs/kernels/canneal/inst/amd64-linux.gcc/bin/canneal 1 15000 2000 400000.nets 128':
[PARSEC] [---------- Beginning of output ----------]
[PARSEC] [---------- Beginning of output ----------]
PARSEC Benchmark Suite Version 3.0-beta-20150206
Threadcount: 1
15000 swaps per temperature step
start temperature: 2000
netlist filename: 400000.nets
number of temperature steps: 128
PARSEC Benchmark Suite Version 3.0-beta-20150206
[PARSEC] Setting up run directory.
Threadcount: 1
15000 swaps per temperature step
start temperature: 2000
netlist filename: 400000.nets
number of temperature steps: 128
[PARSEC] Unpacking benchmark input 'simlarge'.
locs created
locs created
bigben_2662x5500.v
locs assigned
locs assigned
[PARSEC] Running 'time /home/rohan/uforea/parsec-3.0/pkgs/apps/vips/inst/amd64-linux.gcc/bin/vips im_benchmark bigben_2662x5500.v output.v':
[PARSEC] [---------- Beginning of output ----------]
Just saw element: 100000
Just saw element: 100000
Just saw element: 200000
Just saw element: 200000
Just saw element: 300000
Just saw element: 300000
Just saw element: 400000
Just saw element: 400000
netlist created. 400000 elements.
netlist created. 400000 elements.

real	0m11.961s
user	0m3.959s
sys	0m0.050s
[PARSEC] [----------    End of output    ----------]
[PARSEC] Done.
Final routing is: 6.90232e+08
Final routing is: 6.90232e+08

real	0m15.263s
user	0m5.455s
sys	0m0.054s

real	0m15.269s
user	0m5.411s
sys	0m0.099s
[PARSEC] [----------    End of output    ----------]
[PARSEC] [----------    End of output    ----------]
[PARSEC] Done.
[PARSEC] Done.
