[PARSEC] [========== PARSEC 3.0-beta-20150206 RUN LOGFILE ==========]

[PARSEC] Run with amd64-linux.gcc binaries and input simlarge started on Wed May 27 19:18:54 EDT 2020.
[PARSEC] Benchmarks to run:  parsec.vips

[PARSEC] [========== Running benchmark parsec.vips [1] ==========]
[PARSEC] Running 'time /home/rohan/uforea/parsec-3.0/pkgs/apps/fluidanimate/inst/amd64-linux.gcc/bin/fluidanimate 1 5 in_300K.fluid out.fluid':
[PARSEC] [---------- Beginning of output ----------]
[PARSEC] Deleting old run directory.
PARSEC Benchmark Suite Version 3.0-beta-20150206
Loading file "in_300K.fluid"...
[PARSEC] Setting up run directory.
[PARSEC] Unpacking benchmark input 'simlarge'.
Number of cells: 135424
Grids steps over x, y, z: 0.00282609 0.0028125 0.00282609
bigben_2662x5500.v
[PARSEC] Running 'time /home/rohan/uforea/parsec-3.0/pkgs/apps/vips/inst/amd64-linux.gcc/bin/vips im_benchmark bigben_2662x5500.v output.v':
[PARSEC] [---------- Beginning of output ----------]
Number of particles: 305809
Saving file "out.fluid"...

real	0m1.629s
user	0m1.480s
sys	0m0.148s
[PARSEC] [----------    End of output    ----------]
[PARSEC] Done.

real	0m4.242s
user	0m4.311s
sys	0m0.126s
[PARSEC] [----------    End of output    ----------]
[PARSEC] Done.
