[PARSEC] [========== PARSEC 3.0-beta-20150206 RUN LOGFILE ==========]

[PARSEC] Run with amd64-linux.gcc binaries and input simlarge started on Mon Jun 1 07:59:19 EDT 2020.
[PARSEC] Benchmarks to run:  parsec.blackscholes
[PARSEC] Benchmarks to run:  parsec.vips
[PARSEC] Run with amd64-linux.gcc binaries and input simlarge started on Mon Jun 1 07:59:19 EDT 2020.


[PARSEC] Benchmarks to run:  parsec.canneal
[PARSEC] [========== Running benchmark parsec.blackscholes [1] ==========]
[PARSEC] [========== Running benchmark parsec.vips [1] ==========]

[PARSEC] [========== Running benchmark parsec.canneal [1] ==========]
[PARSEC] Deleting old run directory.
[PARSEC] Deleting old run directory.
[PARSEC] Deleting old run directory.
[PARSEC] Setting up run directory.
[PARSEC] Setting up run directory.
[PARSEC] Unpacking benchmark input 'simlarge'.
[PARSEC] Setting up run directory.
[PARSEC] Unpacking benchmark input 'simlarge'.
in_64K.txt
[PARSEC] Unpacking benchmark input 'simlarge'.
[PARSEC] Running 'time /home/rohan/uforea/parsec-3.0/pkgs/apps/blackscholes/inst/amd64-linux.gcc/bin/blackscholes 1 in_64K.txt prices.txt':
400000.nets
[PARSEC] [---------- Beginning of output ----------]
bigben_2662x5500.v
[PARSEC] Running 'time /home/rohan/uforea/parsec-3.0/pkgs/kernels/canneal/inst/amd64-linux.gcc/bin/canneal 1 15000 2000 400000.nets 128':
PARSEC Benchmark Suite Version 3.0-beta-20150206
[PARSEC] [---------- Beginning of output ----------]
PARSEC Benchmark Suite Version 3.0-beta-20150206
Threadcount: 1
15000 swaps per temperature step
start temperature: 2000
netlist filename: 400000.nets
number of temperature steps: 128
locs created
locs assigned
[PARSEC] Running 'time /home/rohan/uforea/parsec-3.0/pkgs/apps/vips/inst/amd64-linux.gcc/bin/vips im_benchmark bigben_2662x5500.v output.v':
[PARSEC] [---------- Beginning of output ----------]
Num of Options: 65536
Num of Runs: 100
Size of data: 2621440

real	0m1.535s
user	0m0.526s
sys	0m0.000s
[PARSEC] [----------    End of output    ----------]
[PARSEC] Done.
Just saw element: 100000
Just saw element: 200000
Just saw element: 300000
Just saw element: 400000
netlist created. 400000 elements.

real	0m9.020s
user	0m3.657s
sys	0m0.082s
[PARSEC] [----------    End of output    ----------]
[PARSEC] Done.
Final routing is: 6.90232e+08

real	0m10.716s
user	0m4.987s
sys	0m0.065s
[PARSEC] [----------    End of output    ----------]
[PARSEC] Done.
