[PARSEC] [========== PARSEC 3.0-beta-20150206 RUN LOGFILE ==========]

[PARSEC] Setting up run directory.
[PARSEC] Run with amd64-linux.gcc binaries and input simlarge started on Sat May 30 14:45:35 EDT 2020.
[PARSEC] Run with amd64-linux.gcc binaries and input simlarge started on Sat May 30 14:45:35 EDT 2020.
[PARSEC] Benchmarks to run:  parsec.canneal
[PARSEC] Benchmarks to run:  parsec.canneal
[PARSEC] Unpacking benchmark input 'simlarge'.


[PARSEC] [========== Running benchmark parsec.canneal [1] ==========]
[PARSEC] [========== Running benchmark parsec.canneal [1] ==========]
400000.nets
[PARSEC] Running 'time /home/rohan/uforea/parsec-3.0/pkgs/kernels/canneal/inst/amd64-linux.gcc/bin/canneal 1 15000 2000 400000.nets 128':
[PARSEC] Deleting old run directory.
[PARSEC] Deleting old run directory.
[PARSEC] [---------- Beginning of output ----------]
[PARSEC] Setting up run directory.
[PARSEC] Setting up run directory.
PARSEC Benchmark Suite Version 3.0-beta-20150206
Threadcount: 1
15000 swaps per temperature step
start temperature: 2000
netlist filename: 400000.nets
number of temperature steps: 128
locs created
[PARSEC] Unpacking benchmark input 'simlarge'.
[PARSEC] Unpacking benchmark input 'simlarge'.
400000.nets
400000.nets
[PARSEC] Running 'time /home/rohan/uforea/parsec-3.0/pkgs/kernels/canneal/inst/amd64-linux.gcc/bin/canneal 1 15000 2000 400000.nets 128':
[PARSEC] Running 'time /home/rohan/uforea/parsec-3.0/pkgs/kernels/canneal/inst/amd64-linux.gcc/bin/canneal 1 15000 2000 400000.nets 128':
[PARSEC] [---------- Beginning of output ----------]
[PARSEC] [---------- Beginning of output ----------]
PARSEC Benchmark Suite Version 3.0-beta-20150206
Threadcount: 1
15000 swaps per temperature step
start temperature: 2000
netlist filename: 400000.nets
number of temperature steps: 128
PARSEC Benchmark Suite Version 3.0-beta-20150206
Threadcount: 1
15000 swaps per temperature step
start temperature: 2000
netlist filename: 400000.nets
number of temperature steps: 128
locs created
locs assigned
locs created
locs assigned
Just saw element: 100000
Just saw element: 100000
locs assigned
terminate called after throwing an instance of 'std::out_of_range'
  what():  vector::_M_range_check: __n (which is 0) >= this->size() (which is 0)
/home/rohan/uforea/parsec-3.0/bin/parsecmgmt: line 1222: 17368 Aborted                 (core dumped) /home/rohan/uforea/parsec-3.0/pkgs/kernels/canneal/inst/amd64-linux.gcc/bin/canneal 1 15000 2000 400000.nets 128

real	0m2.796s
user	0m0.368s
sys	0m0.536s
[PARSEC] [----------    End of output    ----------]
[PARSEC] Done.
Just saw element: 200000
Just saw element: 200000
Just saw element: 300000
Just saw element: 300000
Just saw element: 400000
netlist created. 400000 elements.
Just saw element: 400000
netlist created. 400000 elements.
Final routing is: 6.90232e+08
Final routing is: 6.90232e+08

real	0m14.017s
user	0m5.557s
sys	0m0.058s

real	0m14.028s
user	0m5.570s
sys	0m0.054s
[PARSEC] [----------    End of output    ----------]
[PARSEC] [----------    End of output    ----------]
[PARSEC] Done.
[PARSEC] Done.
