[PARSEC] [========== PARSEC 3.0-beta-20150206 RUN LOGFILE ==========]
 binaries and input simlarge started on Sun May 3 21:44:33 EDT 2020.

[PARSEC] Benchmarks to run:  parsec.blackscholes
[PARSEC] Run with amd64-linux.gcc binaries and input simlarge started on Sun May 3 21:44:33 EDT 2020.
[PARSEC] Setting up run directory.
[PARSEC] Benchmarks to run:  parsec.vips


[PARSEC] [========== Running benchmark parsec.blackscholes [1] ==========]
[PARSEC] No archive for input 'simlarge' available, skipping input setup.
[PARSEC] [========== Running benchmark parsec.vips [1] ==========]
[PARSEC] Running 'time /home/rohan/uforea/parsec-3.0/pkgs/kernels/streamcluster/inst/amd64-linux.gcc/bin/streamcluster 10 20 128 16384 16384 1000 none output.txt 1':
[PARSEC] Deleting old run directory.
[PARSEC] [---------- Beginning of output ----------]
[PARSEC] Deleting old run directory.
[PARSEC] Setting up run directory.
PARSEC Benchmark Suite Version 3.0-beta-20150206
[PARSEC] Unpacking benchmark input 'simlarge'.
in_64K.txt
[PARSEC] Running 'time /home/rohan/uforea/parsec-3.0/pkgs/apps/blackscholes/inst/amd64-linux.gcc/bin/blackscholes 1 in_64K.txt prices.txt':
[PARSEC] [---------- Beginning of output ----------]
PARSEC Benchmark Suite Version 3.0-beta-20150206
[PARSEC] Setting up run directory.
[PARSEC] Unpacking benchmark input 'simlarge'.
read 16384 points
bigben_2662x5500.v
[PARSEC] Running 'time /home/rohan/uforea/parsec-3.0/pkgs/apps/vips/inst/amd64-linux.gcc/bin/vips im_benchmark bigben_2662x5500.v output.v':
[PARSEC] [---------- Beginning of output ----------]
Num of Options: 65536
Num of Runs: 100
Size of data: 2621440

real	0m0.743s
user	0m0.731s
sys	0m0.012s
[PARSEC] [----------    End of output    ----------]
[PARSEC] Done.

real	0m4.176s
user	0m4.215s
sys	0m0.138s
[PARSEC] [----------    End of output    ----------]
[PARSEC] Done.

real	0m7.019s
user	0m7.015s
sys	0m0.000s
[PARSEC] [----------    End of output    ----------]
[PARSEC] Done.
