[PARSEC] [========== PARSEC 3.0-beta-20150206 RUN LOGFILE ==========]

Number of particles: 305809
[PARSEC] Run with amd64-linux.gcc binaries and input simlarge started on Sun May 31 08:51:13 EDT 2020.
[PARSEC] Benchmarks to run:  parsec.streamcluster

[PARSEC] [========== Running benchmark parsec.streamcluster [1] ==========]
[PARSEC] Deleting old run directory.
[PARSEC] Setting up run directory.
[PARSEC] No archive for input 'simlarge' available, skipping input setup.
[PARSEC] Running 'time /home/rohan/uforea/parsec-3.0/pkgs/kernels/streamcluster/inst/amd64-linux.gcc/bin/streamcluster 10 20 128 16384 16384 1000 none output.txt 1':
[PARSEC] [---------- Beginning of output ----------]
PARSEC Benchmark Suite Version 3.0-beta-20150206
read 16384 points
Saving file "out.fluid"...

real	0m2.868s
user	0m1.267s
sys	0m0.118s
[PARSEC] [----------    End of output    ----------]
[PARSEC] Done.

real	0m10.756s
user	0m6.092s
sys	0m0.000s
[PARSEC] [----------    End of output    ----------]
[PARSEC] Done.
