[PARSEC] [========== PARSEC 3.0-beta-20150206 RUN LOGFILE ==========]

bigben_2662x5500.v
[PARSEC] Run with amd64-linux.gcc binaries and input simlarge started on Mon Feb 17 19:06:54 EST 2020.
[PARSEC] Benchmarks to run:  parsec.blackscholes

[PARSEC] [========== Running benchmark parsec.blackscholes [1] ==========]
[PARSEC] Deleting old run directory.
[PARSEC] Setting up run directory.
[PARSEC] Unpacking benchmark input 'simlarge'.
in_64K.txt
[PARSEC] Running 'time /home/rohan/uforea/parsec-3.0/pkgs/apps/blackscholes/inst/amd64-linux.gcc/bin/blackscholes 1 in_64K.txt prices.txt':
[PARSEC] Running 'time /home/rohan/uforea/parsec-3.0/pkgs/apps/vips/inst/amd64-linux.gcc/bin/vips im_benchmark bigben_2662x5500.v output.v':
[PARSEC] [---------- Beginning of output ----------]
[PARSEC] [---------- Beginning of output ----------]
PARSEC Benchmark Suite Version 3.0-beta-20150206
Number of particles: 305809
Num of Options: 65536
Num of Runs: 100
Size of data: 2621440

real	0m0.988s
user	0m0.974s
sys	0m0.008s
[PARSEC] [----------    End of output    ----------]
[PARSEC] Done.
Saving file "out.fluid"...

real	0m3.573s
user	0m3.212s
sys	0m0.352s
[PARSEC] [----------    End of output    ----------]
[PARSEC] Done.

real	0m7.731s
user	0m7.561s
sys	0m0.224s
[PARSEC] [----------    End of output    ----------]
[PARSEC] Done.
