[PARSEC] [========== PARSEC 3.0-beta-20150206 RUN LOGFILE ==========]

[PARSEC] Run with amd64-linux.gcc binaries and input simlarge started on Thu May 28 04:50:12 EDT 2020.
[PARSEC] Benchmarks to run:  parsec.streamcluster

[PARSEC] [========== Running benchmark parsec.streamcluster [1] ==========]
[PARSEC] Deleting old run directory.
[PARSEC] Setting up run directory.
[PARSEC] No archive for input 'simlarge' available, skipping input setup.
[PARSEC] Running 'time /home/rohan/uforea/parsec-3.0/pkgs/kernels/streamcluster/inst/amd64-linux.gcc/bin/streamcluster 10 20 128 16384 16384 1000 none output.txt 1':
[PARSEC] [---------- Beginning of output ----------]
Number of particles: 305809
PARSEC Benchmark Suite Version 3.0-beta-20150206
Number of particles: 305809
read 16384 points
Saving file "out.fluid"...
Saving file "out.fluid"...

real	0m3.968s
user	0m1.262s
sys	0m0.099s

real	0m3.969s
user	0m1.226s
sys	0m0.133s
[PARSEC] [----------    End of output    ----------]
[PARSEC] [----------    End of output    ----------]
[PARSEC] Done.
[PARSEC] Done.

real	0m12.580s
user	0m6.188s
sys	0m0.000s
[PARSEC] [----------    End of output    ----------]
[PARSEC] Done.
