[PARSEC] [========== PARSEC 3.0-beta-20150206 RUN LOGFILE ==========]


[PARSEC] Run with amd64-linux.gcc binaries and input simlarge started on Fri May 29 20:04:55 EDT 2020.
[PARSEC] [========== Running benchmark parsec.canneal [1] ==========]
[PARSEC] Benchmarks to run:  parsec.freqmine

[PARSEC] Deleting old run directory.
[PARSEC] [========== Running benchmark parsec.freqmine [1] ==========]
[PARSEC] Setting up run directory.
[PARSEC] Deleting old run directory.
[PARSEC] Unpacking benchmark input 'simlarge'.
[PARSEC] Setting up run directory.
400000.nets
[PARSEC] Unpacking benchmark input 'simlarge'.
[PARSEC] Running 'time /home/rohan/uforea/parsec-3.0/pkgs/kernels/canneal/inst/amd64-linux.gcc/bin/canneal 1 15000 2000 400000.nets 128':
kosarak_990k.dat
[PARSEC] [---------- Beginning of output ----------]
PARSEC Benchmark Suite Version 3.0-beta-20150206
Threadcount: 1
15000 swaps per temperature step
start temperature: 2000
netlist filename: 400000.nets
number of temperature steps: 128
[PARSEC] Running 'time /home/rohan/uforea/parsec-3.0/pkgs/apps/freqmine/inst/amd64-linux.gcc/bin/freqmine kosarak_990k.dat 790':
locs created
[PARSEC] [---------- Beginning of output ----------]
locs assigned
PARSEC Benchmark Suite Version 3.0-beta-20150206
Just saw element: 100000
Just saw element: 200000
transaction number is 990002
1548
13483
46649
131381
415489
1239344
2985564
5696308
8709873
10789491
10902648
9011183
6094236
3374161
1530954
564958
165173
36535
5727
578
33
1
the data preparation cost 1.051066 seconds, the FPgrowth cost 5.143009 seconds

real	0m6.220s
user	0m5.312s
sys	0m0.048s
[PARSEC] [----------    End of output    ----------]
[PARSEC] Done.
Just saw element: 300000
Just saw element: 400000
netlist created. 400000 elements.
Final routing is: 6.90232e+08

real	0m19.745s
user	0m5.158s
sys	0m0.058s
[PARSEC] [----------    End of output    ----------]
[PARSEC] Done.
