[PARSEC] [========== PARSEC 3.0-beta-20150206 RUN LOGFILE ==========]

[PARSEC] Run with amd64-linux.gcc binaries and input simlarge started on Tue Jun 2 13:34:36 EDT 2020.
[PARSEC] [========== Running benchmark parsec.blackscholes [1] ==========]
[PARSEC] Benchmarks to run:  parsec.vips
[PARSEC] Run with amd64-linux.gcc binaries and input simlarge started on Tue Jun 2 13:34:36 EDT 2020.

[PARSEC] Benchmarks to run:  parsec.streamcluster
[PARSEC] Deleting old run directory.
[PARSEC] [========== Running benchmark parsec.vips [1] ==========]

[PARSEC] [========== Running benchmark parsec.streamcluster [1] ==========]
[PARSEC] Setting up run directory.
[PARSEC] Deleting old run directory.
[PARSEC] Deleting old run directory.
[PARSEC] Unpacking benchmark input 'simlarge'.
[PARSEC] Setting up run directory.
in_64K.txt
[PARSEC] Setting up run directory.
[PARSEC] Running 'time /home/rohan/uforea/parsec-3.0/pkgs/apps/blackscholes/inst/amd64-linux.gcc/bin/blackscholes 1 in_64K.txt prices.txt':
[PARSEC] No archive for input 'simlarge' available, skipping input setup.
[PARSEC] [---------- Beginning of output ----------]
[PARSEC] Running 'time /home/rohan/uforea/parsec-3.0/pkgs/kernels/streamcluster/inst/amd64-linux.gcc/bin/streamcluster 10 20 128 16384 16384 1000 none output.txt 1':
[PARSEC] Unpacking benchmark input 'simlarge'.
[PARSEC] [---------- Beginning of output ----------]
PARSEC Benchmark Suite Version 3.0-beta-20150206
bigben_2662x5500.v
PARSEC Benchmark Suite Version 3.0-beta-20150206
read 16384 points
[PARSEC] Running 'time /home/rohan/uforea/parsec-3.0/pkgs/apps/vips/inst/amd64-linux.gcc/bin/vips im_benchmark bigben_2662x5500.v output.v':
[PARSEC] [---------- Beginning of output ----------]
Num of Options: 65536
Num of Runs: 100
Size of data: 2621440

real	0m1.509s
user	0m0.524s
sys	0m0.000s
[PARSEC] [----------    End of output    ----------]
[PARSEC] Done.

real	0m9.180s
user	0m3.716s
sys	0m0.072s
[PARSEC] [----------    End of output    ----------]
[PARSEC] Done.

real	0m12.175s
user	0m6.134s
sys	0m0.003s
[PARSEC] [----------    End of output    ----------]
[PARSEC] Done.
