[PARSEC] [========== PARSEC 3.0-beta-20150206 RUN LOGFILE ==========]

[PARSEC] Unpacking benchmark input 'simlarge'.
[PARSEC] Run with amd64-linux.gcc binaries and input simlarge started on Mon Jun 1 05:20:09 EDT 2020.
[PARSEC] Benchmarks to run:  parsec.vips
bigben_2662x5500.v

[PARSEC] [========== Running benchmark parsec.vips [1] ==========]
[PARSEC] Deleting old run directory.
[PARSEC] Running 'time /home/rohan/uforea/parsec-3.0/pkgs/apps/vips/inst/amd64-linux.gcc/bin/vips im_benchmark bigben_2662x5500.v output.v':
[PARSEC] [---------- Beginning of output ----------]
[PARSEC] Setting up run directory.
format_for_file: file "bigben_2662x5500.v" not found

real	0m0.004s
user	0m0.001s
sys	0m0.000s
[PARSEC] Unpacking benchmark input 'simlarge'.
[PARSEC] [----------    End of output    ----------]
[PARSEC] Done.
bigben_2662x5500.v
[PARSEC] Running 'time /home/rohan/uforea/parsec-3.0/pkgs/apps/vips/inst/amd64-linux.gcc/bin/vips im_benchmark bigben_2662x5500.v output.v':
[PARSEC] [---------- Beginning of output ----------]

real	0m8.951s
user	0m3.684s
sys	0m0.088s
[PARSEC] [----------    End of output    ----------]
[PARSEC] Done.
