[PARSEC] [========== PARSEC 3.0-beta-20150206 RUN LOGFILE ==========]

[PARSEC] Run with amd64-linux.gcc binaries and input simlarge started on Fri May 29 13:58:19 EDT 2020.
[PARSEC] Benchmarks to run:  parsec.vips

[PARSEC] [========== Running benchmark parsec.vips [1] ==========]
[PARSEC] Deleting old run directory.
[PARSEC] Setting up run directory.
[PARSEC] Unpacking benchmark input 'simlarge'.
bigben_2662x5500.v
[PARSEC] Running 'time /home/rohan/uforea/parsec-3.0/pkgs/apps/vips/inst/amd64-linux.gcc/bin/vips im_benchmark bigben_2662x5500.v output.v':
[PARSEC] [---------- Beginning of output ----------]
Saving file "out.fluid"...

real	0m2.732s
user	0m1.249s
sys	0m0.112s
[PARSEC] [----------    End of output    ----------]
[PARSEC] Done.

real	0m9.158s
user	0m3.697s
sys	0m0.087s
[PARSEC] [----------    End of output    ----------]
[PARSEC] Done.
