[PARSEC] [========== PARSEC 3.0-beta-20150206 RUN LOGFILE ==========]

[PARSEC] Unpacking benchmark input 'simlarge'.
[PARSEC] Run with amd64-linux.gcc binaries and input simlarge started on Sun May 31 19:11:56 EDT 2020.
[PARSEC] Run with amd64-linux.gcc binaries and input simlarge started on Sun May 31 19:11:56 EDT 2020.
[PARSEC] Benchmarks to run:  parsec.blackscholes
[PARSEC] Benchmarks to run:  parsec.streamcluster
in_300K.fluid


[PARSEC] [========== Running benchmark parsec.blackscholes [1] ==========]
[PARSEC] [========== Running benchmark parsec.streamcluster [1] ==========]
[PARSEC] Running 'time /home/rohan/uforea/parsec-3.0/pkgs/apps/fluidanimate/inst/amd64-linux.gcc/bin/fluidanimate 1 5 in_300K.fluid out.fluid':
[PARSEC] [---------- Beginning of output ----------]
[PARSEC] Deleting old run directory.
[PARSEC] Deleting old run directory.
PARSEC Benchmark Suite Version 3.0-beta-20150206
Loading file "in_300K.fluid"...
[PARSEC] Setting up run directory.
[PARSEC] Setting up run directory.
[PARSEC] Unpacking benchmark input 'simlarge'.
[PARSEC] No archive for input 'simlarge' available, skipping input setup.
[PARSEC] Running 'time /home/rohan/uforea/parsec-3.0/pkgs/kernels/streamcluster/inst/amd64-linux.gcc/bin/streamcluster 10 20 128 16384 16384 1000 none output.txt 1':
Number of cells: 135424
Grids steps over x, y, z: 0.00282609 0.0028125 0.00282609
in_64K.txt
[PARSEC] Running 'time /home/rohan/uforea/parsec-3.0/pkgs/apps/blackscholes/inst/amd64-linux.gcc/bin/blackscholes 1 in_64K.txt prices.txt':
[PARSEC] [---------- Beginning of output ----------]
[PARSEC] [---------- Beginning of output ----------]
PARSEC Benchmark Suite Version 3.0-beta-20150206
PARSEC Benchmark Suite Version 3.0-beta-20150206
read 16384 points
Number of particles: 305809
Num of Options: 65536
Num of Runs: 100
Size of data: 2621440

real	0m1.588s
user	0m0.533s
sys	0m0.004s
[PARSEC] [----------    End of output    ----------]
[PARSEC] Done.
Saving file "out.fluid"...

real	0m3.389s
user	0m1.295s
sys	0m0.103s
[PARSEC] [----------    End of output    ----------]
[PARSEC] Done.

real	0m11.432s
user	0m6.187s
sys	0m0.007s
[PARSEC] [----------    End of output    ----------]
[PARSEC] Done.
