[PARSEC] [========== PARSEC 3.0-beta-20150206 RUN LOGFILE ==========]

[PARSEC] Running 'time /home/rohan/uforea/parsec-3.0/pkgs/apps/blackscholes/inst/amd64-linux.gcc/bin/blackscholes 1 in_64K.txt prices.txt':
[PARSEC] Run with amd64-linux.gcc binaries and input simlarge started on Sun May 31 03:25:09 EDT 2020.
[PARSEC] [---------- Beginning of output ----------]
[PARSEC] Benchmarks to run:  parsec.vips

PARSEC Benchmark Suite Version 3.0-beta-20150206
[PARSEC] [========== Running benchmark parsec.vips [1] ==========]
[PARSEC] Deleting old run directory.
[PARSEC] Setting up run directory.
[PARSEC] Unpacking benchmark input 'simlarge'.
bigben_2662x5500.v
[PARSEC] Running 'time /home/rohan/uforea/parsec-3.0/pkgs/apps/vips/inst/amd64-linux.gcc/bin/vips im_benchmark bigben_2662x5500.v output.v':
[PARSEC] [---------- Beginning of output ----------]
Num of Options: 65536
Num of Runs: 100
Size of data: 2621440

real	0m0.935s
user	0m0.532s
sys	0m0.003s
[PARSEC] [----------    End of output    ----------]
[PARSEC] Done.

real	0m5.127s
user	0m3.737s
sys	0m0.050s
[PARSEC] [----------    End of output    ----------]
[PARSEC] Done.
