[PARSEC] [========== PARSEC 3.0-beta-20150206 RUN LOGFILE ==========]


[PARSEC] Run with amd64-linux.gcc binaries and input native started on Tue Jun 8 17:58:21 EDT 2021.
[PARSEC] Run with amd64-linux.gcc binaries and input native started on Tue Jun 8 17:58:21 EDT 2021.
[PARSEC] Benchmarks to run:  parsec.fluidanimate
[PARSEC] Benchmarks to run:  parsec.streamcluster


[PARSEC] [========== Running benchmark parsec.streamcluster [1] ==========]
[PARSEC] [========== Running benchmark parsec.fluidanimate [1] ==========]
[PARSEC] Deleting old run directory.
[PARSEC] Setting up run directory.
[PARSEC] No archive for input 'native' available, skipping input setup.
[PARSEC] Running 'time /home/rohan/uforea/parsec-3.0/pkgs/kernels/streamcluster/inst/amd64-linux.gcc/bin/streamcluster 10 20 128 1000000 200000 5000 none output.txt 1':
[PARSEC] [---------- Beginning of output ----------]
[PARSEC] Deleting old run directory.
[PARSEC] Setting up run directory.
[PARSEC] Unpacking benchmark input 'native'.
PARSEC Benchmark Suite Version 3.0-beta-20150206
in_500K.fluid
[PARSEC] Running 'time /home/rohan/uforea/parsec-3.0/pkgs/apps/fluidanimate/inst/amd64-linux.gcc/bin/fluidanimate 1 500 in_500K.fluid out.fluid':
[PARSEC] [---------- Beginning of output ----------]
read 200000 points
PARSEC Benchmark Suite Version 3.0-beta-20150206
Loading file "in_500K.fluid"...
Number of cells: 229900
Grids steps over x, y, z: 0.00236364 0.00236842 0.00236364
Number of particles: 501642
