[PARSEC] [========== PARSEC 3.0-beta-20150206 RUN LOGFILE ==========]
or input 'simlarge' available, skipping input setup.

[PARSEC] Running 'time /home/rohan/uforea/parsec-3.0/pkgs/kernels/streamcluster/inst/amd64-linux.gcc/bin/streamcluster 10 20 128 16384 16384 1000 none output.txt 1':
[PARSEC] Run with amd64-linux.gcc binaries and input simlarge started on Sat May 2 23:27:44 EDT 2020.

[PARSEC] [---------- Beginning of output ----------]
[PARSEC] Benchmarks to run:  parsec.fluidanimate
[PARSEC] [========== Running benchmark parsec.fluidanimate [1] ==========]

PARSEC Benchmark Suite Version 3.0-beta-20150206
[PARSEC] Deleting old run directory.
[PARSEC] [========== Running benchmark parsec.fluidanimate [1] ==========]
[PARSEC] Deleting old run directory.
[PARSEC] Setting up run directory.
[PARSEC] Setting up run directory.
[PARSEC] Unpacking benchmark input 'simlarge'.
[PARSEC] Unpacking benchmark input 'simlarge'.
in_300K.fluid
in_300K.fluid
read 16384 points
[PARSEC] Running 'time /home/rohan/uforea/parsec-3.0/pkgs/apps/fluidanimate/inst/amd64-linux.gcc/bin/fluidanimate 1 5 in_300K.fluid out.fluid':
[PARSEC] Running 'time /home/rohan/uforea/parsec-3.0/pkgs/apps/fluidanimate/inst/amd64-linux.gcc/bin/fluidanimate 1 5 in_300K.fluid out.fluid':
[PARSEC] [---------- Beginning of output ----------]
[PARSEC] [---------- Beginning of output ----------]
PARSEC Benchmark Suite Version 3.0-beta-20150206
Loading file "in_300K.fluid"...
PARSEC Benchmark Suite Version 3.0-beta-20150206
Loading file "in_300K.fluid"...
Number of cells: 135424
Grids steps over x, y, z: 0.00282609 0.0028125 0.00282609
Number of cells: 135424
Grids steps over x, y, z: 0.00282609 0.0028125 0.00282609
Number of particles: 305809
Number of particles: 305809
Saving file "out.fluid"...
Saving file "out.fluid"...

real	0m1.618s
user	0m1.453s
sys	0m0.164s
[PARSEC] [----------    End of output    ----------]
[PARSEC] Done.

real	0m1.630s
user	0m1.464s
sys	0m0.164s
[PARSEC] [----------    End of output    ----------]
[PARSEC] Done.

real	0m7.397s
user	0m7.394s
sys	0m0.000s
[PARSEC] [----------    End of output    ----------]
[PARSEC] Done.
