[PARSEC] [========== PARSEC 3.0-beta-20150206 RUN LOGFILE ==========]

[PARSEC] Deleting old run directory.
[PARSEC] Run with amd64-linux.gcc binaries and input simlarge started on Fri May 29 22:32:13 EDT 2020.
[PARSEC] Benchmarks to run:  parsec.streamcluster
[PARSEC] Setting up run directory.

[PARSEC] [========== Running benchmark parsec.streamcluster [1] ==========]
[PARSEC] No archive for input 'simlarge' available, skipping input setup.
[PARSEC] Running 'time /home/rohan/uforea/parsec-3.0/pkgs/kernels/streamcluster/inst/amd64-linux.gcc/bin/streamcluster 10 20 128 16384 16384 1000 none output.txt 1':
[PARSEC] Deleting old run directory.
[PARSEC] [---------- Beginning of output ----------]
[PARSEC] Setting up run directory.
PARSEC Benchmark Suite Version 3.0-beta-20150206
[PARSEC] No archive for input 'simlarge' available, skipping input setup.
[PARSEC] Running 'time /home/rohan/uforea/parsec-3.0/pkgs/kernels/streamcluster/inst/amd64-linux.gcc/bin/streamcluster 10 20 128 16384 16384 1000 none output.txt 1':
read 16384 points
[PARSEC] [---------- Beginning of output ----------]
PARSEC Benchmark Suite Version 3.0-beta-20150206
read 16384 points
error opening output.txt

real	0m49.197s
user	0m8.151s
sys	0m0.000s
[PARSEC] [----------    End of output    ----------]
[PARSEC] Done.
error opening output.txt

real	0m49.391s
user	0m8.186s
sys	0m0.003s
[PARSEC] [----------    End of output    ----------]
[PARSEC] Done.
