[PARSEC] [========== PARSEC 3.0-beta-20150206 RUN LOGFILE ==========]

[PARSEC] Deleting old run directory.
[PARSEC] Run with amd64-linux.gcc binaries and input simlarge started on Fri May 29 17:10:53 EDT 2020.
[PARSEC] Benchmarks to run:  parsec.vips

[PARSEC] [========== Running benchmark parsec.vips [1] ==========]
[PARSEC] Setting up run directory.
[PARSEC] Unpacking benchmark input 'simlarge'.
[PARSEC] Deleting old run directory.
bigben_2662x5500.v
[PARSEC] Setting up run directory.
[PARSEC] Running 'time /home/rohan/uforea/parsec-3.0/pkgs/apps/vips/inst/amd64-linux.gcc/bin/vips im_benchmark bigben_2662x5500.v output.v':
[PARSEC] [---------- Beginning of output ----------]
[PARSEC] Unpacking benchmark input 'simlarge'.
format_for_file: file "bigben_2662x5500.v" not found
bigben_2662x5500.v

real	0m0.019s
user	0m0.001s
sys	0m0.000s
[PARSEC] [----------    End of output    ----------]
[PARSEC] Done.
[PARSEC] Running 'time /home/rohan/uforea/parsec-3.0/pkgs/apps/vips/inst/amd64-linux.gcc/bin/vips im_benchmark bigben_2662x5500.v output.v':
[PARSEC] [---------- Beginning of output ----------]

real	0m14.536s
user	0m3.677s
sys	0m0.119s
[PARSEC] [----------    End of output    ----------]
[PARSEC] Done.
