[PARSEC] [========== PARSEC 3.0-beta-20150206 RUN LOGFILE ==========]


[PARSEC] [========== Running benchmark parsec.streamcluster [1] ==========]
[PARSEC] Run with amd64-linux.gcc binaries and input simlarge started on Wed May 27 20:24:42 EDT 2020.
[PARSEC] [========== Running benchmark parsec.streamcluster [1] ==========]
[PARSEC] Benchmarks to run:  parsec.blackscholes
[PARSEC] Deleting old run directory.

[PARSEC] Deleting old run directory.
[PARSEC] [========== Running benchmark parsec.blackscholes [1] ==========]
[PARSEC] Setting up run directory.
[PARSEC] Setting up run directory.
[PARSEC] Deleting old run directory.
[PARSEC] No archive for input 'simlarge' available, skipping input setup.
[PARSEC] No archive for input 'simlarge' available, skipping input setup.
[PARSEC] Running 'time /home/rohan/uforea/parsec-3.0/pkgs/kernels/streamcluster/inst/amd64-linux.gcc/bin/streamcluster 10 20 128 16384 16384 1000 none output.txt 1':
[PARSEC] Running 'time /home/rohan/uforea/parsec-3.0/pkgs/kernels/streamcluster/inst/amd64-linux.gcc/bin/streamcluster 10 20 128 16384 16384 1000 none output.txt 1':
[PARSEC] Setting up run directory.
[PARSEC] [---------- Beginning of output ----------]
[PARSEC] [---------- Beginning of output ----------]
[PARSEC] Unpacking benchmark input 'simlarge'.
PARSEC Benchmark Suite Version 3.0-beta-20150206
PARSEC Benchmark Suite Version 3.0-beta-20150206
in_64K.txt
[PARSEC] Running 'time /home/rohan/uforea/parsec-3.0/pkgs/apps/blackscholes/inst/amd64-linux.gcc/bin/blackscholes 1 in_64K.txt prices.txt':
[PARSEC] [---------- Beginning of output ----------]
PARSEC Benchmark Suite Version 3.0-beta-20150206
read 16384 points
read 16384 points
Num of Options: 65536
Num of Runs: 100
Size of data: 2621440

real	0m0.640s
user	0m0.635s
sys	0m0.004s
[PARSEC] [----------    End of output    ----------]
[PARSEC] Done.

real	0m8.033s
user	0m8.029s
sys	0m0.000s
[PARSEC] [----------    End of output    ----------]
[PARSEC] Done.

real	0m8.180s
user	0m8.172s
sys	0m0.004s
[PARSEC] [----------    End of output    ----------]
[PARSEC] Done.
