[PARSEC] [========== PARSEC 3.0-beta-20150206 RUN LOGFILE ==========]

[PARSEC] Run with amd64-linux.gcc binaries and input simlarge started on Sun May 31 10:25:34 EDT 2020.
[PARSEC] Benchmarks to run:  parsec.vips

[PARSEC] Running 'time /home/rohan/uforea/parsec-3.0/pkgs/apps/vips/inst/amd64-linux.gcc/bin/vips im_benchmark bigben_2662x5500.v output.v':
[PARSEC] [========== Running benchmark parsec.vips [1] ==========]
[PARSEC] [---------- Beginning of output ----------]
[PARSEC] Deleting old run directory.
[PARSEC] Setting up run directory.
[PARSEC] Unpacking benchmark input 'simlarge'.
im_setupout: unable to write to "output.v"

real	0m0.041s
user	0m0.019s
sys	0m0.009s
[PARSEC] [----------    End of output    ----------]
bigben_2662x5500.v
[PARSEC] Done.
[PARSEC] Running 'time /home/rohan/uforea/parsec-3.0/pkgs/apps/vips/inst/amd64-linux.gcc/bin/vips im_benchmark bigben_2662x5500.v output.v':
[PARSEC] [---------- Beginning of output ----------]

real	0m9.277s
user	0m3.648s
sys	0m0.092s
[PARSEC] [----------    End of output    ----------]
[PARSEC] Done.
