[PARSEC] [========== PARSEC 3.0-beta-20150206 RUN LOGFILE ==========]
[PARSEC] Unpacking benchmark input 'simlarge'.

400000.nets
[PARSEC] Run with amd64-linux.gcc binaries and input simlarge started on Mon May 4 00:28:00 EDT 2020.
[PARSEC] Benchmarks to run:  parsec.vips
kosarak_990k.dat

[PARSEC] [========== Running benchmark parsec.vips [1] ==========]
[PARSEC] Deleting old run directory.
[PARSEC] Setting up run directory.
[PARSEC] Unpacking benchmark input 'simlarge'.
[PARSEC] Running 'time /home/rohan/uforea/parsec-3.0/pkgs/kernels/canneal/inst/amd64-linux.gcc/bin/canneal 1 15000 2000 400000.nets 128':
[PARSEC] [---------- Beginning of output ----------]
bigben_2662x5500.v
PARSEC Benchmark Suite Version 3.0-beta-20150206
Threadcount: 1
15000 swaps per temperature step
start temperature: 2000
netlist filename: 400000.nets
number of temperature steps: 128
[PARSEC] Running 'time /home/rohan/uforea/parsec-3.0/pkgs/apps/freqmine/inst/amd64-linux.gcc/bin/freqmine kosarak_990k.dat 790':
[PARSEC] [---------- Beginning of output ----------]
locs created
PARSEC Benchmark Suite Version 3.0-beta-20150206
locs assigned
[PARSEC] Running 'time /home/rohan/uforea/parsec-3.0/pkgs/apps/vips/inst/amd64-linux.gcc/bin/vips im_benchmark bigben_2662x5500.v output.v':
[PARSEC] [---------- Beginning of output ----------]
Just saw element: 100000
Just saw element: 200000
Just saw element: 300000
Just saw element: 400000
netlist created. 400000 elements.

real	0m4.320s
user	0m4.368s
sys	0m0.106s
[PARSEC] [----------    End of output    ----------]
[PARSEC] Done.
Final routing is: 6.90232e+08

real	0m5.342s
user	0m5.268s
sys	0m0.072s
[PARSEC] [----------    End of output    ----------]
[PARSEC] Done.
transaction number is 990002
1548
13483
46649
131381
415489
1239344
2985564
5696308
8709873
10789491
10902648
9011183
6094236
3374161
1530954
564958
165173
36535
5727
578
33
1
the data preparation cost 0.262887 seconds, the FPgrowth cost 5.851048 seconds

real	0m6.118s
user	0m6.051s
sys	0m0.065s
[PARSEC] [----------    End of output    ----------]
[PARSEC] Done.
