[PARSEC] [========== PARSEC 3.0-beta-20150206 RUN LOGFILE ==========]

[PARSEC] Run with amd64-linux.gcc binaries and input simlarge started on Sun May 3 16:23:49 EDT 2020.
[PARSEC] Benchmarks to run:  parsec.blackscholes

[PARSEC] [========== Running benchmark parsec.blackscholes [1] ==========]
[PARSEC] Deleting old run directory.
locs created
[PARSEC] Setting up run directory.
Number of cells: 135424
Grids steps over x, y, z: 0.00282609 0.0028125 0.00282609
[PARSEC] Unpacking benchmark input 'simlarge'.
in_64K.txt
locs assigned
[PARSEC] Running 'time /home/rohan/uforea/parsec-3.0/pkgs/apps/blackscholes/inst/amd64-linux.gcc/bin/blackscholes 1 in_64K.txt prices.txt':
[PARSEC] [---------- Beginning of output ----------]
PARSEC Benchmark Suite Version 3.0-beta-20150206
Number of particles: 305809
Just saw element: 100000
Num of Options: 65536
Num of Runs: 100
Size of data: 2621440

real	0m0.723s
user	0m0.722s
sys	0m0.000s
[PARSEC] [----------    End of output    ----------]
[PARSEC] Done.
Just saw element: 200000
Saving file "out.fluid"...

real	0m1.646s
user	0m1.501s
sys	0m0.144s
[PARSEC] [----------    End of output    ----------]
[PARSEC] Done.
Just saw element: 300000
Just saw element: 400000
netlist created. 400000 elements.
Final routing is: 6.90232e+08

real	0m5.611s
user	0m5.504s
sys	0m0.104s
[PARSEC] [----------    End of output    ----------]
[PARSEC] Done.
