[PARSEC] [========== PARSEC 3.0-beta-20150206 RUN LOGFILE ==========]

[PARSEC] Run with amd64-linux.gcc binaries and input simlarge started on Tue Jun 2 11:45:50 EDT 2020.
[PARSEC] Benchmarks to run:  parsec.streamcluster

[PARSEC] [========== Running benchmark parsec.streamcluster [1] ==========]
[PARSEC] Deleting old run directory.
Number of particles: 305809
Number of particles: 305809
[PARSEC] Setting up run directory.
[PARSEC] No archive for input 'simlarge' available, skipping input setup.
[PARSEC] Running 'time /home/rohan/uforea/parsec-3.0/pkgs/kernels/streamcluster/inst/amd64-linux.gcc/bin/streamcluster 10 20 128 16384 16384 1000 none output.txt 1':
[PARSEC] [---------- Beginning of output ----------]
PARSEC Benchmark Suite Version 3.0-beta-20150206
read 16384 points
Saving file "out.fluid"...
Saving file "out.fluid"...

real	0m3.983s
user	0m1.241s
sys	0m0.123s
[PARSEC] [----------    End of output    ----------]

real	0m3.994s
user	0m1.254s
sys	0m0.106s
[PARSEC] Done.
[PARSEC] [----------    End of output    ----------]
[PARSEC] Done.

real	0m12.858s
user	0m6.509s
sys	0m0.004s
[PARSEC] [----------    End of output    ----------]
[PARSEC] Done.
