[PARSEC] [========== PARSEC 3.0-beta-20150206 RUN LOGFILE ==========]

[PARSEC] Deleting old run directory.
[PARSEC] [========== Running benchmark parsec.fluidanimate [1] ==========]
[PARSEC] Run with amd64-linux.gcc binaries and input simlarge started on Mon May 4 00:03:17 EDT 2020.
[PARSEC] Benchmarks to run:  parsec.streamcluster
[PARSEC] Setting up run directory.
[PARSEC] Deleting old run directory.

[PARSEC] [========== Running benchmark parsec.streamcluster [1] ==========]
[PARSEC] Unpacking benchmark input 'simlarge'.
in_64K.txt
[PARSEC] Deleting old run directory.
[PARSEC] Setting up run directory.
[PARSEC] Setting up run directory.
[PARSEC] Unpacking benchmark input 'simlarge'.
[PARSEC] Running 'time /home/rohan/uforea/parsec-3.0/pkgs/apps/blackscholes/inst/amd64-linux.gcc/bin/blackscholes 1 in_64K.txt prices.txt':
[PARSEC] No archive for input 'simlarge' available, skipping input setup.
[PARSEC] [---------- Beginning of output ----------]
[PARSEC] Running 'time /home/rohan/uforea/parsec-3.0/pkgs/kernels/streamcluster/inst/amd64-linux.gcc/bin/streamcluster 10 20 128 16384 16384 1000 none output.txt 1':
PARSEC Benchmark Suite Version 3.0-beta-20150206
in_300K.fluid
[PARSEC] [---------- Beginning of output ----------]
PARSEC Benchmark Suite Version 3.0-beta-20150206
[PARSEC] Running 'time /home/rohan/uforea/parsec-3.0/pkgs/apps/fluidanimate/inst/amd64-linux.gcc/bin/fluidanimate 1 5 in_300K.fluid out.fluid':
[PARSEC] [---------- Beginning of output ----------]
PARSEC Benchmark Suite Version 3.0-beta-20150206
Loading file "in_300K.fluid"...
read 16384 points
Number of cells: 135424
Grids steps over x, y, z: 0.00282609 0.0028125 0.00282609
Number of particles: 305809
Num of Options: 65536
Num of Runs: 100
Size of data: 2621440

real	0m0.742s
user	0m0.742s
sys	0m0.000s
[PARSEC] [----------    End of output    ----------]
[PARSEC] Done.
Saving file "out.fluid"...

real	0m1.674s
user	0m1.529s
sys	0m0.144s
[PARSEC] [----------    End of output    ----------]
[PARSEC] Done.

real	0m7.105s
user	0m7.098s
sys	0m0.004s
[PARSEC] [----------    End of output    ----------]
[PARSEC] Done.
