[PARSEC] [========== PARSEC 3.0-beta-20150206 RUN LOGFILE ==========]

[PARSEC] Run with amd64-linux.gcc binaries and input simlarge started on Fri May 29 02:35:56 EDT 2020.
[PARSEC] Benchmarks to run:  parsec.streamcluster

[PARSEC] [========== Running benchmark parsec.streamcluster [1] ==========]
[PARSEC] Deleting old run directory.
[PARSEC] Setting up run directory.
[PARSEC] No archive for input 'simlarge' available, skipping input setup.
[PARSEC] Running 'time /home/rohan/uforea/parsec-3.0/pkgs/kernels/streamcluster/inst/amd64-linux.gcc/bin/streamcluster 10 20 128 16384 16384 1000 none output.txt 1':
Number of particles: 305809
[PARSEC] [---------- Beginning of output ----------]
Number of particles: 305809
PARSEC Benchmark Suite Version 3.0-beta-20150206
read 16384 points
Saving file "out.fluid"...
Saving file "out.fluid"...

real	0m4.035s
user	0m1.278s
sys	0m0.111s
[PARSEC] [----------    End of output    ----------]

real	0m4.027s
user	0m1.273s
sys	0m0.110s
[PARSEC] Done.
[PARSEC] [----------    End of output    ----------]
[PARSEC] Done.

real	0m12.763s
user	0m6.252s
sys	0m0.000s
[PARSEC] [----------    End of output    ----------]
[PARSEC] Done.
