[PARSEC] [========== PARSEC 3.0-beta-20150206 RUN LOGFILE ==========]

[PARSEC] Setting up run directory.
[PARSEC] Run with amd64-linux.gcc binaries and input simlarge started on Mon Jun 1 15:57:06 EDT 2020.
[PARSEC] Benchmarks to run:  parsec.fluidanimate
[PARSEC] No archive for input 'simlarge' available, skipping input setup.

[PARSEC] Running 'time /home/rohan/uforea/parsec-3.0/pkgs/kernels/streamcluster/inst/amd64-linux.gcc/bin/streamcluster 10 20 128 16384 16384 1000 none output.txt 1':
[PARSEC] [========== Running benchmark parsec.fluidanimate [1] ==========]
[PARSEC] [---------- Beginning of output ----------]
[PARSEC] Deleting old run directory.
PARSEC Benchmark Suite Version 3.0-beta-20150206
read 16384 points
[PARSEC] Setting up run directory.
[PARSEC] Unpacking benchmark input 'simlarge'.
in_300K.fluid
[PARSEC] Running 'time /home/rohan/uforea/parsec-3.0/pkgs/apps/fluidanimate/inst/amd64-linux.gcc/bin/fluidanimate 1 5 in_300K.fluid out.fluid':
[PARSEC] [---------- Beginning of output ----------]
PARSEC Benchmark Suite Version 3.0-beta-20150206
Loading file "in_300K.fluid"...
Number of cells: 135424
Grids steps over x, y, z: 0.00282609 0.0028125 0.00282609
Number of particles: 305809
Saving file "out.fluid"...

real	0m2.762s
user	0m1.282s
sys	0m0.092s
[PARSEC] [----------    End of output    ----------]
[PARSEC] Done.

real	0m7.158s
user	0m5.735s
sys	0m0.012s
[PARSEC] [----------    End of output    ----------]
[PARSEC] Done.
