[PARSEC] [========== PARSEC 3.0-beta-20150206 RUN LOGFILE ==========]

[PARSEC] Run with amd64-linux.gcc binaries and input simlarge started on Thu May 28 16:54:47 EDT 2020.
kosarak_990k.dat
[PARSEC] Benchmarks to run:  parsec.freqmine

[PARSEC] [========== Running benchmark parsec.freqmine [1] ==========]
[PARSEC] Running 'time /home/rohan/uforea/parsec-3.0/pkgs/apps/freqmine/inst/amd64-linux.gcc/bin/freqmine kosarak_990k.dat 790':
[PARSEC] [---------- Beginning of output ----------]
[PARSEC] Deleting old run directory.
PARSEC Benchmark Suite Version 3.0-beta-20150206
kosarak_990k.dat could not be opened!

real	0m0.009s
user	0m0.001s
sys	0m0.000s
[PARSEC] [----------    End of output    ----------]
[PARSEC] Setting up run directory.
[PARSEC] Done.
[PARSEC] Unpacking benchmark input 'simlarge'.
kosarak_990k.dat
[PARSEC] Running 'time /home/rohan/uforea/parsec-3.0/pkgs/apps/freqmine/inst/amd64-linux.gcc/bin/freqmine kosarak_990k.dat 790':
[PARSEC] [---------- Beginning of output ----------]
PARSEC Benchmark Suite Version 3.0-beta-20150206
transaction number is 990002
1548
13483
46649
131381
415489
1239344
2985564
5696308
8709873
10789491
10902648
9011183
6094236
3374161
1530954
564958
165173
36535
5727
578
33
1
the data preparation cost 0.258475 seconds, the FPgrowth cost 7.392130 seconds

real	0m7.654s
user	0m5.414s
sys	0m0.091s
[PARSEC] [----------    End of output    ----------]
[PARSEC] Done.
