[PARSEC] [========== PARSEC 3.0-beta-20150206 RUN LOGFILE ==========]

[PARSEC] Run with amd64-linux.gcc binaries and input simlarge started on Mon Jun 1 09:02:27 EDT 2020.
[PARSEC] Deleting old run directory.
[PARSEC] Benchmarks to run:  parsec.freqmine

[PARSEC] Setting up run directory.
[PARSEC] [========== Running benchmark parsec.freqmine [1] ==========]
[PARSEC] Unpacking benchmark input 'simlarge'.
[PARSEC] Deleting old run directory.
in_64K.txt
[PARSEC] Running 'time /home/rohan/uforea/parsec-3.0/pkgs/apps/blackscholes/inst/amd64-linux.gcc/bin/blackscholes 1 in_64K.txt prices.txt':
[PARSEC] Setting up run directory.
[PARSEC] [---------- Beginning of output ----------]
[PARSEC] Unpacking benchmark input 'simlarge'.
PARSEC Benchmark Suite Version 3.0-beta-20150206
kosarak_990k.dat
[PARSEC] Running 'time /home/rohan/uforea/parsec-3.0/pkgs/apps/freqmine/inst/amd64-linux.gcc/bin/freqmine kosarak_990k.dat 790':
[PARSEC] [---------- Beginning of output ----------]
PARSEC Benchmark Suite Version 3.0-beta-20150206
Num of Options: 65536
Num of Runs: 100
Size of data: 2621440

real	0m1.109s
user	0m0.534s
sys	0m0.000s
[PARSEC] [----------    End of output    ----------]
[PARSEC] Done.
transaction number is 990002
1548
13483
46649
131381
415489
1239344
2985564
5696308
8709873
10789491
10902648
9011183
6094236
3374161
1530954
564958
165173
36535
5727
578
33
1
the data preparation cost 0.644005 seconds, the FPgrowth cost 5.217802 seconds

real	0m5.875s
user	0m5.358s
sys	0m0.080s
[PARSEC] [----------    End of output    ----------]
[PARSEC] Done.
