[PARSEC] [========== PARSEC 3.0-beta-20150206 RUN LOGFILE ==========]

[PARSEC] Run with amd64-linux.gcc binaries and input simlarge started on Mon Feb 17 19:09:18 EST 2020.
[PARSEC] Benchmarks to run:  parsec.blackscholes

[PARSEC] [========== Running benchmark parsec.blackscholes [1] ==========]
[PARSEC] Deleting old run directory.
[PARSEC] Setting up run directory.
[PARSEC] Unpacking benchmark input 'simlarge'.
in_64K.txt
[PARSEC] Running 'time /home/rohan/uforea/parsec-3.0/pkgs/apps/blackscholes/inst/amd64-linux.gcc/bin/blackscholes 1 in_64K.txt prices.txt':
[PARSEC] [---------- Beginning of output ----------]
PARSEC Benchmark Suite Version 3.0-beta-20150206
Num of Options: 65536
Num of Runs: 100
Size of data: 2621440
ERROR: Unable to open file prices.txt.

real	0m0.905s
user	0m0.900s
sys	0m0.004s
[PARSEC] [----------    End of output    ----------]
[PARSEC] Done.
Num of Options: 65536
Num of Runs: 100
Size of data: 2621440
ERROR: Unable to open file prices.txt.

real	0m0.913s
user	0m0.903s
sys	0m0.008s
[PARSEC] [----------    End of output    ----------]
[PARSEC] Done.
transaction number is 990002
1548
13483
46649
131381
415489
1239344
2985564
5696308
8709873
10789491
10902648
9011183
6094236
3374161
1530954
564958
165173
36535
5727
578
33
1
the data preparation cost 0.375447 seconds, the FPgrowth cost 59.881865 seconds

real	1m0.263s
user	0m9.447s
sys	0m0.188s
[PARSEC] [----------    End of output    ----------]
[PARSEC] Done.
