[PARSEC] [========== PARSEC 3.0-beta-20150206 RUN LOGFILE ==========]

[PARSEC] Run with amd64-linux.gcc binaries and input simlarge started on Sun May 31 13:37:55 EDT 2020.
in_300K.fluid
[PARSEC] Benchmarks to run:  parsec.streamcluster
[PARSEC] Running 'time /home/rohan/uforea/parsec-3.0/pkgs/apps/fluidanimate/inst/amd64-linux.gcc/bin/fluidanimate 1 5 in_300K.fluid out.fluid':

[PARSEC] [---------- Beginning of output ----------]
[PARSEC] [========== Running benchmark parsec.streamcluster [1] ==========]
PARSEC Benchmark Suite Version 3.0-beta-20150206
Loading file "in_300K.fluid"...
[PARSEC] Deleting old run directory.
Number of cells: 135424
Grids steps over x, y, z: 0.00282609 0.0028125 0.00282609
[PARSEC] Setting up run directory.
[PARSEC] No archive for input 'simlarge' available, skipping input setup.
[PARSEC] Running 'time /home/rohan/uforea/parsec-3.0/pkgs/kernels/streamcluster/inst/amd64-linux.gcc/bin/streamcluster 10 20 128 16384 16384 1000 none output.txt 1':
[PARSEC] [---------- Beginning of output ----------]
PARSEC Benchmark Suite Version 3.0-beta-20150206
read 16384 points
Number of particles: 305809
Saving file "out.fluid"...

real	0m2.685s
user	0m1.279s
sys	0m0.107s
[PARSEC] [----------    End of output    ----------]
[PARSEC] Done.

real	0m15.618s
user	0m6.502s
sys	0m0.003s
[PARSEC] [----------    End of output    ----------]
[PARSEC] Done.
