[PARSEC] [========== PARSEC 3.0-beta-20150206 RUN LOGFILE ==========]

[PARSEC] Setting up run directory.
[PARSEC] Run with amd64-linux.gcc binaries and input simlarge started on Mon Jun 1 12:49:28 EDT 2020.
[PARSEC] Benchmarks to run:  parsec.blackscholes
[PARSEC] Unpacking benchmark input 'simlarge'.

[PARSEC] [========== Running benchmark parsec.blackscholes [1] ==========]
in_300K.fluid
[PARSEC] Deleting old run directory.
[PARSEC] Running 'time /home/rohan/uforea/parsec-3.0/pkgs/apps/fluidanimate/inst/amd64-linux.gcc/bin/fluidanimate 1 5 in_300K.fluid out.fluid':
[PARSEC] [---------- Beginning of output ----------]
[PARSEC] Setting up run directory.
PARSEC Benchmark Suite Version 3.0-beta-20150206
Loading file "in_300K.fluid"...
[PARSEC] Unpacking benchmark input 'simlarge'.
in_64K.txt
Number of cells: 135424
[PARSEC] Running 'time /home/rohan/uforea/parsec-3.0/pkgs/apps/blackscholes/inst/amd64-linux.gcc/bin/blackscholes 1 in_64K.txt prices.txt':
Grids steps over x, y, z: 0.00282609 0.0028125 0.00282609
[PARSEC] [---------- Beginning of output ----------]
PARSEC Benchmark Suite Version 3.0-beta-20150206
Number of particles: 305809
Num of Options: 65536
Num of Runs: 100
Size of data: 2621440

real	0m1.564s
user	0m0.521s
sys	0m0.003s
[PARSEC] [----------    End of output    ----------]
[PARSEC] Done.
Saving file "out.fluid"...

real	0m3.376s
user	0m1.254s
sys	0m0.104s
[PARSEC] [----------    End of output    ----------]
[PARSEC] Done.
