[PARSEC] [========== PARSEC 3.0-beta-20150206 RUN LOGFILE ==========]

PARSEC Benchmark Suite Version 3.0-beta-20150206
read 16384 points
[PARSEC] Run with amd64-linux.gcc binaries and input simlarge started on Tue Jun 2 01:31:44 EDT 2020.
[PARSEC] Benchmarks to run:  parsec.blackscholes
read 16384 points

[PARSEC] [========== Running benchmark parsec.blackscholes [1] ==========]
[PARSEC] Deleting old run directory.
[PARSEC] Setting up run directory.
[PARSEC] Unpacking benchmark input 'simlarge'.
in_64K.txt
[PARSEC] Running 'time /home/rohan/uforea/parsec-3.0/pkgs/apps/blackscholes/inst/amd64-linux.gcc/bin/blackscholes 1 in_64K.txt prices.txt':
[PARSEC] [---------- Beginning of output ----------]
PARSEC Benchmark Suite Version 3.0-beta-20150206
Num of Options: 65536
Num of Runs: 100
Size of data: 2621440

real	0m1.560s
user	0m0.523s
sys	0m0.000s
[PARSEC] [----------    End of output    ----------]
[PARSEC] Done.

real	0m16.577s
user	0m7.244s
sys	0m0.000s
[PARSEC] [----------    End of output    ----------]
[PARSEC] Done.

real	0m16.666s
user	0m7.308s
sys	0m0.004s
[PARSEC] [----------    End of output    ----------]
[PARSEC] Done.
