[PARSEC] [========== PARSEC 3.0-beta-20150206 RUN LOGFILE ==========]

[PARSEC] Running 'time /home/rohan/uforea/parsec-3.0/pkgs/apps/vips/inst/amd64-linux.gcc/bin/vips im_benchmark bigben_2662x5500.v output.v':
[PARSEC] Run with amd64-linux.gcc binaries and input simlarge started on Sun May 3 22:08:17 EDT 2020.
[PARSEC] Benchmarks to run:  parsec.vips
[PARSEC] [---------- Beginning of output ----------]

[PARSEC] [========== Running benchmark parsec.vips [1] ==========]
[PARSEC] Deleting old run directory.
[PARSEC] Setting up run directory.
[PARSEC] Unpacking benchmark input 'simlarge'.
bigben_2662x5500.v
im_setupout: unable to write to "output.v"

real	0m0.047s
user	0m0.036s
sys	0m0.012s
[PARSEC] [----------    End of output    ----------]
[PARSEC] Done.
[PARSEC] Running 'time /home/rohan/uforea/parsec-3.0/pkgs/apps/vips/inst/amd64-linux.gcc/bin/vips im_benchmark bigben_2662x5500.v output.v':
[PARSEC] [---------- Beginning of output ----------]

real	0m4.387s
user	0m4.398s
sys	0m0.155s
[PARSEC] [----------    End of output    ----------]
[PARSEC] Done.
