[PARSEC] [========== PARSEC 3.0-beta-20150206 RUN LOGFILE ==========]

[PARSEC] Run with amd64-linux.gcc binaries and input simlarge started on Mon Feb 17 18:49:35 EST 2020.
[PARSEC] Benchmarks to run:  parsec.vips

[PARSEC] [========== Running benchmark parsec.vips [1] ==========]
[PARSEC] Deleting old run directory.
[PARSEC] Setting up run directory.
[PARSEC] Unpacking benchmark input 'simlarge'.
bigben_2662x5500.v
[PARSEC] Running 'time /home/rohan/uforea/parsec-3.0/pkgs/apps/vips/inst/amd64-linux.gcc/bin/vips im_benchmark bigben_2662x5500.v output.v':
[PARSEC] [---------- Beginning of output ----------]
Num of Options: 65536
Num of Runs: 100
Size of data: 2621440

real	0m0.989s
user	0m0.974s
sys	0m0.005s
[PARSEC] [----------    End of output    ----------]
[PARSEC] Done.

real	0m8.428s
user	0m8.206s
sys	0m0.312s
[PARSEC] [----------    End of output    ----------]
[PARSEC] Done.

real	0m8.580s
user	0m8.323s
sys	0m0.319s
[PARSEC] [----------    End of output    ----------]
[PARSEC] Done.
