[PARSEC] [========== PARSEC 3.0-beta-20150206 RUN LOGFILE ==========]

[PARSEC] [========== Running benchmark parsec.fluidanimate [1] ==========]
[PARSEC] Run with amd64-linux.gcc binaries and input simlarge started on Sun May 3 23:51:42 EDT 2020.
[PARSEC] Benchmarks to run:  parsec.vips

[PARSEC] Deleting old run directory.
[PARSEC] [========== Running benchmark parsec.vips [1] ==========]
[PARSEC] Deleting old run directory.
[PARSEC] Setting up run directory.
read 16384 points
[PARSEC] Unpacking benchmark input 'simlarge'.
in_300K.fluid
[PARSEC] Setting up run directory.
[PARSEC] Unpacking benchmark input 'simlarge'.
[PARSEC] Running 'time /home/rohan/uforea/parsec-3.0/pkgs/apps/fluidanimate/inst/amd64-linux.gcc/bin/fluidanimate 1 5 in_300K.fluid out.fluid':
bigben_2662x5500.v
[PARSEC] [---------- Beginning of output ----------]
PARSEC Benchmark Suite Version 3.0-beta-20150206
Loading file "in_300K.fluid"...
Number of cells: 135424
Grids steps over x, y, z: 0.00282609 0.0028125 0.00282609
[PARSEC] Running 'time /home/rohan/uforea/parsec-3.0/pkgs/apps/vips/inst/amd64-linux.gcc/bin/vips im_benchmark bigben_2662x5500.v output.v':
[PARSEC] [---------- Beginning of output ----------]
Number of particles: 305809
Saving file "out.fluid"...

real	0m1.532s
user	0m1.395s
sys	0m0.136s
[PARSEC] [----------    End of output    ----------]
[PARSEC] Done.

real	0m4.165s
user	0m4.180s
sys	0m0.125s
[PARSEC] [----------    End of output    ----------]
[PARSEC] Done.

real	0m6.858s
user	0m6.848s
sys	0m0.008s
[PARSEC] [----------    End of output    ----------]
[PARSEC] Done.
