[PARSEC] [========== PARSEC 3.0-beta-20150206 RUN LOGFILE ==========]

[PARSEC] Run with amd64-linux.gcc binaries and input simlarge started on Fri May 29 18:08:03 EDT 2020.
[PARSEC] Run with amd64-linux.gcc binaries and input simlarge started on Fri May 29 18:08:03 EDT 2020.
[PARSEC] Run with amd64-linux.gcc binaries and input simlarge started on Fri May 29 18:08:03 EDT 2020.
[PARSEC] Benchmarks to run:  parsec.fluidanimate
[PARSEC] Benchmarks to run:  parsec.fluidanimate
[PARSEC] Benchmarks to run:  parsec.blackscholes



[PARSEC] [========== Running benchmark parsec.fluidanimate [1] ==========]
[PARSEC] [========== Running benchmark parsec.blackscholes [1] ==========]
[PARSEC] [========== Running benchmark parsec.fluidanimate [1] ==========]
[PARSEC] Deleting old run directory.
[PARSEC] Deleting old run directory.
[PARSEC] Deleting old run directory.
[PARSEC] Setting up run directory.
[PARSEC] Setting up run directory.
[PARSEC] Setting up run directory.
[PARSEC] Unpacking benchmark input 'simlarge'.
[PARSEC] Unpacking benchmark input 'simlarge'.
[PARSEC] Unpacking benchmark input 'simlarge'.
in_300K.fluid
in_64K.txt
in_300K.fluid
[PARSEC] Running 'time /home/rohan/uforea/parsec-3.0/pkgs/apps/blackscholes/inst/amd64-linux.gcc/bin/blackscholes 1 in_64K.txt prices.txt':
[PARSEC] [---------- Beginning of output ----------]
[PARSEC] Running 'time /home/rohan/uforea/parsec-3.0/pkgs/apps/fluidanimate/inst/amd64-linux.gcc/bin/fluidanimate 1 5 in_300K.fluid out.fluid':
[PARSEC] Running 'time /home/rohan/uforea/parsec-3.0/pkgs/apps/fluidanimate/inst/amd64-linux.gcc/bin/fluidanimate 1 5 in_300K.fluid out.fluid':
PARSEC Benchmark Suite Version 3.0-beta-20150206
[PARSEC] [---------- Beginning of output ----------]
[PARSEC] [---------- Beginning of output ----------]
PARSEC Benchmark Suite Version 3.0-beta-20150206
PARSEC Benchmark Suite Version 3.0-beta-20150206
Loading file "in_300K.fluid"...
Loading file "in_300K.fluid"...
Number of cells: 135424
Number of cells: 135424
Grids steps over x, y, z: 0.00282609 0.0028125 0.00282609
Grids steps over x, y, z: 0.00282609 0.0028125 0.00282609
Number of particles: 305809
Number of particles: 305809
Num of Options: 65536
Num of Runs: 100
Size of data: 2621440

real	0m3.101s
user	0m0.527s
sys	0m0.000s
[PARSEC] [----------    End of output    ----------]
[PARSEC] Done.
Saving file "out.fluid"...
Saving file "out.fluid"...

real	0m7.046s
user	0m1.274s
sys	0m0.094s
[PARSEC] [----------    End of output    ----------]

real	0m7.054s
user	0m1.245s
sys	0m0.125s
[PARSEC] Done.
[PARSEC] [----------    End of output    ----------]
[PARSEC] Done.
