[PARSEC] [========== PARSEC 3.0-beta-20150206 RUN LOGFILE ==========]

[PARSEC] Run with amd64-linux.gcc binaries and input simlarge started on Wed May 27 15:27:36 EDT 2020.
[PARSEC] Setting up run directory.
[PARSEC] Benchmarks to run:  parsec.canneal

[PARSEC] Unpacking benchmark input 'simlarge'.
[PARSEC] [========== Running benchmark parsec.canneal [1] ==========]
400000.nets
[PARSEC] Deleting old run directory.
[PARSEC] Setting up run directory.
[PARSEC] Unpacking benchmark input 'simlarge'.
400000.nets
[PARSEC] Running 'time /home/rohan/uforea/parsec-3.0/pkgs/kernels/canneal/inst/amd64-linux.gcc/bin/canneal 1 15000 2000 400000.nets 128':
[PARSEC] [---------- Beginning of output ----------]
PARSEC Benchmark Suite Version 3.0-beta-20150206
Threadcount: 1
15000 swaps per temperature step
start temperature: 2000
netlist filename: 400000.nets
number of temperature steps: 128
locs created
[PARSEC] Running 'time /home/rohan/uforea/parsec-3.0/pkgs/kernels/canneal/inst/amd64-linux.gcc/bin/canneal 1 15000 2000 400000.nets 128':
[PARSEC] [---------- Beginning of output ----------]
PARSEC Benchmark Suite Version 3.0-beta-20150206
Threadcount: 1
15000 swaps per temperature step
start temperature: 2000
netlist filename: 400000.nets
number of temperature steps: 128
locs created
locs assigned
Just saw element: 100000
Just saw element: 100000
Just saw element: 200000
Just saw element: 200000
Just saw element: 300000
Just saw element: 300000
Just saw element: 400000
netlist created. 400000 elements.
Just saw element: 400000
netlist created. 400000 elements.
Final routing is: 6.90232e+08
Final routing is: 6.90232e+08

real	0m6.311s
user	0m6.213s
sys	0m0.096s
[PARSEC] [----------    End of output    ----------]
[PARSEC] Done.

real	0m6.039s
user	0m5.944s
sys	0m0.092s
[PARSEC] [----------    End of output    ----------]
[PARSEC] Done.
locs assigned
terminate called after throwing an instance of 'std::out_of_range'
  what():  vector::_M_range_check: __n (which is 0) >= this->size() (which is 0)
/home/rohan/uforea/parsec-3.0/bin/parsecmgmt: line 1222: 27078 Aborted                 (core dumped) /home/rohan/uforea/parsec-3.0/pkgs/kernels/canneal/inst/amd64-linux.gcc/bin/canneal 1 15000 2000 400000.nets 128

real	0m9.776s
user	0m3.806s
sys	0m5.809s
[PARSEC] [----------    End of output    ----------]
[PARSEC] Done.
