[PARSEC] [========== PARSEC 3.0-beta-20150206 RUN LOGFILE ==========]

[PARSEC] Deleting old run directory.
[PARSEC] Run with amd64-linux.gcc binaries and input simlarge started on Tue Jun 2 14:53:41 EDT 2020.
[PARSEC] Benchmarks to run:  parsec.streamcluster

[PARSEC] Setting up run directory.
[PARSEC] [========== Running benchmark parsec.streamcluster [1] ==========]
[PARSEC] No archive for input 'simlarge' available, skipping input setup.
[PARSEC] Deleting old run directory.
[PARSEC] Running 'time /home/rohan/uforea/parsec-3.0/pkgs/kernels/streamcluster/inst/amd64-linux.gcc/bin/streamcluster 10 20 128 16384 16384 1000 none output.txt 1':
[PARSEC] [---------- Beginning of output ----------]
[PARSEC] Setting up run directory.
PARSEC Benchmark Suite Version 3.0-beta-20150206
[PARSEC] No archive for input 'simlarge' available, skipping input setup.
[PARSEC] Running 'time /home/rohan/uforea/parsec-3.0/pkgs/kernels/streamcluster/inst/amd64-linux.gcc/bin/streamcluster 10 20 128 16384 16384 1000 none output.txt 1':
read 16384 points
[PARSEC] [---------- Beginning of output ----------]
PARSEC Benchmark Suite Version 3.0-beta-20150206
read 16384 points

real	0m34.096s
user	0m7.348s
sys	0m0.007s
error opening output.txt
[PARSEC] [----------    End of output    ----------]

real	0m34.243s
user	0m7.390s
sys	0m0.000s
[PARSEC] Done.
[PARSEC] [----------    End of output    ----------]
[PARSEC] Done.
