[PARSEC] [========== PARSEC 3.0-beta-20150206 RUN LOGFILE ==========]

PARSEC Benchmark Suite Version 3.0-beta-20150206
[PARSEC] Run with amd64-linux.gcc binaries and input simlarge started on Sat May 2 23:58:03 EDT 2020.
[PARSEC] Unpacking benchmark input 'simlarge'.
[PARSEC] Benchmarks to run:  parsec.fluidanimate

bigben_2662x5500.v
[PARSEC] [========== Running benchmark parsec.fluidanimate [1] ==========]
[PARSEC] Deleting old run directory.
[PARSEC] Setting up run directory.
read 16384 points
[PARSEC] Unpacking benchmark input 'simlarge'.
in_300K.fluid
[PARSEC] Running 'time /home/rohan/uforea/parsec-3.0/pkgs/apps/fluidanimate/inst/amd64-linux.gcc/bin/fluidanimate 1 5 in_300K.fluid out.fluid':
[PARSEC] [---------- Beginning of output ----------]
PARSEC Benchmark Suite Version 3.0-beta-20150206
Loading file "in_300K.fluid"...
[PARSEC] Running 'time /home/rohan/uforea/parsec-3.0/pkgs/apps/vips/inst/amd64-linux.gcc/bin/vips im_benchmark bigben_2662x5500.v output.v':
[PARSEC] [---------- Beginning of output ----------]
Number of cells: 135424
Grids steps over x, y, z: 0.00282609 0.0028125 0.00282609
Number of particles: 305809
Saving file "out.fluid"...

real	0m1.639s
user	0m1.477s
sys	0m0.160s
[PARSEC] [----------    End of output    ----------]
[PARSEC] Done.

real	0m4.107s
user	0m4.197s
sys	0m0.123s
[PARSEC] [----------    End of output    ----------]
[PARSEC] Done.

real	0m7.512s
user	0m7.510s
sys	0m0.000s
[PARSEC] [----------    End of output    ----------]
[PARSEC] Done.
