[PARSEC] [========== PARSEC 3.0-beta-20150206 RUN LOGFILE ==========]

[PARSEC] Run with amd64-linux.gcc binaries and input simlarge started on Mon Jun 1 09:28:05 EDT 2020.
[PARSEC] Benchmarks to run:  parsec.canneal

[PARSEC] [========== Running benchmark parsec.canneal [1] ==========]
[PARSEC] Deleting old run directory.
[PARSEC] Setting up run directory.
[PARSEC] Unpacking benchmark input 'simlarge'.
400000.nets
[PARSEC] Running 'time /home/rohan/uforea/parsec-3.0/pkgs/kernels/canneal/inst/amd64-linux.gcc/bin/canneal 1 15000 2000 400000.nets 128':
[PARSEC] [---------- Beginning of output ----------]
PARSEC Benchmark Suite Version 3.0-beta-20150206
Threadcount: 1
15000 swaps per temperature step
start temperature: 2000
netlist filename: 400000.nets
number of temperature steps: 128
locs created
locs assigned
Num of Options: 65536
Num of Runs: 100
Size of data: 2621440

real	0m0.919s
user	0m0.540s
sys	0m0.000s
[PARSEC] [----------    End of output    ----------]
[PARSEC] Done.
Just saw element: 100000
Just saw element: 200000
Just saw element: 300000
Just saw element: 400000
netlist created. 400000 elements.
transaction number is 990002
1548
13483
46649
131381
415489
1239344
2985564
5696308
8709873
10789491
10902648
9011183
6094236
3374161
1530954
564958
165173
36535
5727
578
33
1
the data preparation cost 0.493653 seconds, the FPgrowth cost 5.176171 seconds

real	0m5.675s
user	0m5.333s
sys	0m0.063s
[PARSEC] [----------    End of output    ----------]
[PARSEC] Done.
Final routing is: 6.90232e+08

real	0m6.609s
user	0m4.977s
sys	0m0.058s
[PARSEC] [----------    End of output    ----------]
[PARSEC] Done.
