[PARSEC] [========== PARSEC 3.0-beta-20150206 RUN LOGFILE ==========]

[PARSEC] Run with amd64-linux.gcc binaries and input simlarge started on Tue May 26 23:15:52 EDT 2020.
[PARSEC] Benchmarks to run:  parsec.streamcluster

[PARSEC] [========== Running benchmark parsec.streamcluster [1] ==========]
[PARSEC] Deleting old run directory.
[PARSEC] Setting up run directory.
[PARSEC] No archive for input 'simlarge' available, skipping input setup.
[PARSEC] Running 'time /home/rohan/uforea/parsec-3.0/pkgs/kernels/streamcluster/inst/amd64-linux.gcc/bin/streamcluster 10 20 128 16384 16384 1000 none output.txt 1':
[PARSEC] [---------- Beginning of output ----------]
PARSEC Benchmark Suite Version 3.0-beta-20150206
read 16384 points
[PARSEC] Running 'time /home/rohan/uforea/parsec-3.0/pkgs/apps/vips/inst/amd64-linux.gcc/bin/vips im_benchmark bigben_2662x5500.v output.v':
[PARSEC] [---------- Beginning of output ----------]

real	0m4.089s
user	0m4.182s
sys	0m0.152s
[PARSEC] [----------    End of output    ----------]
[PARSEC] Done.

real	0m8.048s
user	0m8.032s
sys	0m0.012s
[PARSEC] [----------    End of output    ----------]
[PARSEC] Done.
error opening output.txt

real	0m8.175s
user	0m8.156s
sys	0m0.016s
[PARSEC] [----------    End of output    ----------]
[PARSEC] Done.
