[PARSEC] [========== PARSEC 3.0-beta-20150206 RUN LOGFILE ==========]

[PARSEC] Unpacking benchmark input 'simlarge'.
[PARSEC] Run with amd64-linux.gcc binaries and input simlarge started on Sun May 3 21:48:58 EDT 2020.
[PARSEC] Benchmarks to run:  parsec.streamcluster
[PARSEC] Unpacking benchmark input 'simlarge'.
400000.nets

in_300K.fluid
[PARSEC] [========== Running benchmark parsec.streamcluster [1] ==========]
[PARSEC] Deleting old run directory.
[PARSEC] Setting up run directory.
[PARSEC] No archive for input 'simlarge' available, skipping input setup.
[PARSEC] Running 'time /home/rohan/uforea/parsec-3.0/pkgs/kernels/streamcluster/inst/amd64-linux.gcc/bin/streamcluster 10 20 128 16384 16384 1000 none output.txt 1':
[PARSEC] [---------- Beginning of output ----------]
[PARSEC] Running 'time /home/rohan/uforea/parsec-3.0/pkgs/apps/fluidanimate/inst/amd64-linux.gcc/bin/fluidanimate 1 5 in_300K.fluid out.fluid':
[PARSEC] Running 'time /home/rohan/uforea/parsec-3.0/pkgs/kernels/canneal/inst/amd64-linux.gcc/bin/canneal 1 15000 2000 400000.nets 128':
[PARSEC] [---------- Beginning of output ----------]
PARSEC Benchmark Suite Version 3.0-beta-20150206
[PARSEC] [---------- Beginning of output ----------]
PARSEC Benchmark Suite Version 3.0-beta-20150206
Loading file "in_300K.fluid"...
PARSEC Benchmark Suite Version 3.0-beta-20150206
Threadcount: 1
15000 swaps per temperature step
start temperature: 2000
netlist filename: 400000.nets
number of temperature steps: 128
locs created
read 16384 points
Number of cells: 135424
Grids steps over x, y, z: 0.00282609 0.0028125 0.00282609
locs assigned
Number of particles: 305809
Just saw element: 100000
Saving file "out.fluid"...
Just saw element: 200000

real	0m1.663s
user	0m1.548s
sys	0m0.112s
[PARSEC] [----------    End of output    ----------]
[PARSEC] Done.
Just saw element: 300000
Just saw element: 400000
netlist created. 400000 elements.
Final routing is: 6.90232e+08

real	0m6.411s
user	0m6.360s
sys	0m0.048s
[PARSEC] [----------    End of output    ----------]
[PARSEC] Done.

real	0m8.224s
user	0m8.196s
sys	0m0.024s
[PARSEC] [----------    End of output    ----------]
[PARSEC] Done.
