[PARSEC] [========== PARSEC 3.0-beta-20150206 RUN LOGFILE ==========]

read 16384 points
[PARSEC] Run with amd64-linux.gcc binaries and input simlarge started on Mon May 4 22:06:40 EDT 2020.
[PARSEC] Benchmarks to run:  parsec.streamcluster

[PARSEC] [========== Running benchmark parsec.streamcluster [1] ==========]
[PARSEC] Deleting old run directory.
[PARSEC] Setting up run directory.
[PARSEC] No archive for input 'simlarge' available, skipping input setup.
[PARSEC] Running 'time /home/rohan/uforea/parsec-3.0/pkgs/kernels/streamcluster/inst/amd64-linux.gcc/bin/streamcluster 10 20 128 16384 16384 1000 none output.txt 1':
[PARSEC] [---------- Beginning of output ----------]
PARSEC Benchmark Suite Version 3.0-beta-20150206
read 16384 points
error opening output.txt

real	0m8.672s
user	0m8.647s
sys	0m0.020s
[PARSEC] [----------    End of output    ----------]
[PARSEC] Done.

real	0m8.695s
user	0m8.683s
sys	0m0.008s
[PARSEC] [----------    End of output    ----------]
[PARSEC] Done.
error opening output.txt

real	0m8.792s
user	0m8.780s
sys	0m0.008s
[PARSEC] [----------    End of output    ----------]
[PARSEC] Done.
