[PARSEC] [========== PARSEC 3.0-beta-20150206 RUN LOGFILE ==========]

PARSEC Benchmark Suite Version 3.0-beta-20150206
Loading file "in_300K.fluid"...
[PARSEC] Run with amd64-linux.gcc binaries and input simlarge started on Thu May 28 06:40:50 EDT 2020.
[PARSEC] Benchmarks to run:  parsec.blackscholes
Number of cells: 135424
Grids steps over x, y, z: 0.00282609 0.0028125 0.00282609

[PARSEC] [========== Running benchmark parsec.blackscholes [1] ==========]
[PARSEC] Deleting old run directory.
[PARSEC] Setting up run directory.
[PARSEC] Unpacking benchmark input 'simlarge'.
in_64K.txt
[PARSEC] Running 'time /home/rohan/uforea/parsec-3.0/pkgs/apps/blackscholes/inst/amd64-linux.gcc/bin/blackscholes 1 in_64K.txt prices.txt':
[PARSEC] [---------- Beginning of output ----------]
PARSEC Benchmark Suite Version 3.0-beta-20150206
Number of particles: 305809
Num of Options: 65536
Num of Runs: 100
Size of data: 2621440

real	0m1.552s
user	0m0.516s
sys	0m0.007s
[PARSEC] [----------    End of output    ----------]
[PARSEC] Done.
Saving file "out.fluid"...

real	0m3.356s
user	0m1.260s
sys	0m0.093s
[PARSEC] [----------    End of output    ----------]
[PARSEC] Done.
