[PARSEC] [========== PARSEC 3.0-beta-20150206 RUN LOGFILE ==========]



[PARSEC] [========== Running benchmark parsec.streamcluster [1] ==========]
[PARSEC] [========== Running benchmark parsec.freqmine [1] ==========]
[PARSEC] Run with amd64-linux.gcc binaries and input simlarge started on Tue Jun 2 09:06:21 EDT 2020.
[PARSEC] Deleting old run directory.
[PARSEC] Benchmarks to run:  parsec.vips
[PARSEC] Deleting old run directory.

[PARSEC] Setting up run directory.
[PARSEC] [========== Running benchmark parsec.vips [1] ==========]
[PARSEC] Setting up run directory.
[PARSEC] No archive for input 'simlarge' available, skipping input setup.
[PARSEC] Deleting old run directory.
[PARSEC] Running 'time /home/rohan/uforea/parsec-3.0/pkgs/kernels/streamcluster/inst/amd64-linux.gcc/bin/streamcluster 10 20 128 16384 16384 1000 none output.txt 1':
[PARSEC] Unpacking benchmark input 'simlarge'.
[PARSEC] [---------- Beginning of output ----------]
[PARSEC] Setting up run directory.
kosarak_990k.dat
PARSEC Benchmark Suite Version 3.0-beta-20150206
[PARSEC] Unpacking benchmark input 'simlarge'.
read 16384 points
bigben_2662x5500.v
[PARSEC] Running 'time /home/rohan/uforea/parsec-3.0/pkgs/apps/freqmine/inst/amd64-linux.gcc/bin/freqmine kosarak_990k.dat 790':
[PARSEC] [---------- Beginning of output ----------]
PARSEC Benchmark Suite Version 3.0-beta-20150206
[PARSEC] Running 'time /home/rohan/uforea/parsec-3.0/pkgs/apps/vips/inst/amd64-linux.gcc/bin/vips im_benchmark bigben_2662x5500.v output.v':
[PARSEC] [---------- Beginning of output ----------]
transaction number is 990002
1548
13483
46649
131381
415489
1239344
2985564
5696308
8709873
10789491
10902648
9011183
6094236
3374161
1530954
564958
165173
36535
5727
578
33
1
the data preparation cost 0.837517 seconds, the FPgrowth cost 5.152605 seconds

real	0m6.014s
user	0m5.278s
sys	0m0.091s
[PARSEC] [----------    End of output    ----------]
[PARSEC] Done.

real	0m10.644s
user	0m3.751s
sys	0m0.061s
[PARSEC] [----------    End of output    ----------]
[PARSEC] Done.

real	0m14.246s
user	0m6.370s
sys	0m0.007s
[PARSEC] [----------    End of output    ----------]
[PARSEC] Done.
