[PARSEC] [========== PARSEC 3.0-beta-20150206 RUN LOGFILE ==========]

[PARSEC] [========== Running benchmark parsec.streamcluster [1] ==========]
Number of particles: 305809
[PARSEC] Run with amd64-linux.gcc binaries and input simlarge started on Sat May 30 15:23:09 EDT 2020.
[PARSEC] Benchmarks to run:  parsec.blackscholes
[PARSEC] Deleting old run directory.

[PARSEC] [========== Running benchmark parsec.blackscholes [1] ==========]
[PARSEC] Setting up run directory.
[PARSEC] Deleting old run directory.
[PARSEC] No archive for input 'simlarge' available, skipping input setup.
[PARSEC] Running 'time /home/rohan/uforea/parsec-3.0/pkgs/kernels/streamcluster/inst/amd64-linux.gcc/bin/streamcluster 10 20 128 16384 16384 1000 none output.txt 1':
[PARSEC] Setting up run directory.
[PARSEC] [---------- Beginning of output ----------]
[PARSEC] Unpacking benchmark input 'simlarge'.
PARSEC Benchmark Suite Version 3.0-beta-20150206
in_64K.txt
read 16384 points
[PARSEC] Running 'time /home/rohan/uforea/parsec-3.0/pkgs/apps/blackscholes/inst/amd64-linux.gcc/bin/blackscholes 1 in_64K.txt prices.txt':
[PARSEC] [---------- Beginning of output ----------]
PARSEC Benchmark Suite Version 3.0-beta-20150206
Num of Options: 65536
Num of Runs: 100
Size of data: 2621440

real	0m1.576s
user	0m0.525s
sys	0m0.004s
[PARSEC] [----------    End of output    ----------]
[PARSEC] Done.
Saving file "out.fluid"...

real	0m3.760s
user	0m1.350s
sys	0m0.112s
[PARSEC] [----------    End of output    ----------]
[PARSEC] Done.

real	0m11.758s
user	0m6.465s
sys	0m0.003s
[PARSEC] [----------    End of output    ----------]
[PARSEC] Done.
