[PARSEC] [========== PARSEC 3.0-beta-20150206 RUN LOGFILE ==========]

[PARSEC] Run with amd64-linux.gcc binaries and input simlarge started on Thu May 28 16:46:33 EDT 2020.
[PARSEC] Benchmarks to run:  parsec.blackscholes
[PARSEC] Deleting old run directory.
[PARSEC] Run with amd64-linux.gcc binaries and input simlarge started on Thu May 28 16:46:33 EDT 2020.

[PARSEC] Benchmarks to run:  parsec.blackscholes
[PARSEC] [========== Running benchmark parsec.blackscholes [1] ==========]
[PARSEC] Setting up run directory.

[PARSEC] [========== Running benchmark parsec.blackscholes [1] ==========]
[PARSEC] Setting up run directory.
[PARSEC] Unpacking benchmark input 'simlarge'.
[PARSEC] Deleting old run directory.
[PARSEC] Unpacking benchmark input 'simlarge'.
in_64K.txt
[PARSEC] Running 'time /home/rohan/uforea/parsec-3.0/pkgs/apps/blackscholes/inst/amd64-linux.gcc/bin/blackscholes 1 in_64K.txt prices.txt':
[PARSEC] Setting up run directory.
[PARSEC] [---------- Beginning of output ----------]
in_64K.txt
[PARSEC] Running 'time /home/rohan/uforea/parsec-3.0/pkgs/apps/blackscholes/inst/amd64-linux.gcc/bin/blackscholes 1 in_64K.txt prices.txt':
[PARSEC] Unpacking benchmark input 'simlarge'.
[PARSEC] [---------- Beginning of output ----------]
PARSEC Benchmark Suite Version 3.0-beta-20150206
ERROR: Unable to open file in_64K.txt.

real	0m0.003s
user	0m0.001s
sys	0m0.000s
[PARSEC] [----------    End of output    ----------]
in_64K.txt
[PARSEC] Done.
PARSEC Benchmark Suite Version 3.0-beta-20150206
ERROR: Unable to open file in_64K.txt.

real	0m0.006s
user	0m0.001s
sys	0m0.000s
[PARSEC] Running 'time /home/rohan/uforea/parsec-3.0/pkgs/apps/blackscholes/inst/amd64-linux.gcc/bin/blackscholes 1 in_64K.txt prices.txt':
[PARSEC] [----------    End of output    ----------]
[PARSEC] [---------- Beginning of output ----------]
[PARSEC] Done.
PARSEC Benchmark Suite Version 3.0-beta-20150206
Num of Options: 65536
Num of Runs: 100
Size of data: 2621440

real	0m0.630s
user	0m0.531s
sys	0m0.000s
[PARSEC] [----------    End of output    ----------]
[PARSEC] Done.
