[PARSEC] [========== PARSEC 3.0-beta-20150206 RUN LOGFILE ==========]

[PARSEC] Run with amd64-linux.gcc binaries and input simlarge started on Mon Jun 1 22:26:36 EDT 2020.
[PARSEC] Benchmarks to run:  parsec.vips
[PARSEC] Running 'time /home/rohan/uforea/parsec-3.0/pkgs/apps/vips/inst/amd64-linux.gcc/bin/vips im_benchmark bigben_2662x5500.v output.v':

[PARSEC] [---------- Beginning of output ----------]
[PARSEC] [========== Running benchmark parsec.vips [1] ==========]
[PARSEC] Deleting old run directory.
[PARSEC] Setting up run directory.
im_setupout: unable to write to "output.v"

real	0m0.039s
user	0m0.017s
sys	0m0.010s
[PARSEC] [----------    End of output    ----------]
[PARSEC] Unpacking benchmark input 'simlarge'.
[PARSEC] Done.
bigben_2662x5500.v
[PARSEC] Running 'time /home/rohan/uforea/parsec-3.0/pkgs/apps/vips/inst/amd64-linux.gcc/bin/vips im_benchmark bigben_2662x5500.v output.v':
[PARSEC] [---------- Beginning of output ----------]

real	0m9.152s
user	0m3.695s
sys	0m0.085s
[PARSEC] [----------    End of output    ----------]
[PARSEC] Done.
