[PARSEC] [========== PARSEC 3.0-beta-20150206 RUN LOGFILE ==========]

[PARSEC] Run with amd64-linux.gcc binaries and input simlarge started on Mon Jun 1 16:14:24 EDT 2020.
[PARSEC] Benchmarks to run:  parsec.vips
[PARSEC] Benchmarks to run:  parsec.streamcluster
[PARSEC] Run with amd64-linux.gcc binaries and input simlarge started on Mon Jun 1 16:14:24 EDT 2020.


[PARSEC] Benchmarks to run:  parsec.vips
[PARSEC] [========== Running benchmark parsec.vips [1] ==========]
[PARSEC] [========== Running benchmark parsec.streamcluster [1] ==========]

[PARSEC] [========== Running benchmark parsec.vips [1] ==========]
[PARSEC] Deleting old run directory.
[PARSEC] Deleting old run directory.
[PARSEC] Deleting old run directory.
[PARSEC] Setting up run directory.
[PARSEC] Setting up run directory.
[PARSEC] No archive for input 'simlarge' available, skipping input setup.
[PARSEC] Setting up run directory.
[PARSEC] Running 'time /home/rohan/uforea/parsec-3.0/pkgs/kernels/streamcluster/inst/amd64-linux.gcc/bin/streamcluster 10 20 128 16384 16384 1000 none output.txt 1':
[PARSEC] Unpacking benchmark input 'simlarge'.
[PARSEC] [---------- Beginning of output ----------]
[PARSEC] Unpacking benchmark input 'simlarge'.
bigben_2662x5500.v
PARSEC Benchmark Suite Version 3.0-beta-20150206
bigben_2662x5500.v
read 16384 points
[PARSEC] Running 'time /home/rohan/uforea/parsec-3.0/pkgs/apps/vips/inst/amd64-linux.gcc/bin/vips im_benchmark bigben_2662x5500.v output.v':
[PARSEC] Running 'time /home/rohan/uforea/parsec-3.0/pkgs/apps/vips/inst/amd64-linux.gcc/bin/vips im_benchmark bigben_2662x5500.v output.v':
[PARSEC] [---------- Beginning of output ----------]
[PARSEC] [---------- Beginning of output ----------]

real	0m11.375s
user	0m3.702s
sys	0m0.108s
[PARSEC] [----------    End of output    ----------]
[PARSEC] Done.

real	0m11.715s
user	0m3.738s
sys	0m0.057s
[PARSEC] [----------    End of output    ----------]
[PARSEC] Done.

real	0m14.486s
user	0m6.265s
sys	0m0.003s
[PARSEC] [----------    End of output    ----------]
[PARSEC] Done.
