[PARSEC] [========== PARSEC 3.0-beta-20150206 RUN LOGFILE ==========]

[PARSEC] Run with amd64-linux.gcc binaries and input simlarge started on Wed May 27 16:52:01 EDT 2020.
[PARSEC] Deleting old run directory.
[PARSEC] Benchmarks to run:  parsec.vips
[PARSEC] Deleting old run directory.

[PARSEC] [========== Running benchmark parsec.vips [1] ==========]
[PARSEC] Setting up run directory.
[PARSEC] Setting up run directory.
[PARSEC] Unpacking benchmark input 'simlarge'.
[PARSEC] Unpacking benchmark input 'simlarge'.
[PARSEC] Deleting old run directory.
400000.nets
in_64K.txt
[PARSEC] Running 'time /home/rohan/uforea/parsec-3.0/pkgs/apps/blackscholes/inst/amd64-linux.gcc/bin/blackscholes 1 in_64K.txt prices.txt':
[PARSEC] [---------- Beginning of output ----------]
PARSEC Benchmark Suite Version 3.0-beta-20150206
[PARSEC] Setting up run directory.
[PARSEC] Running 'time /home/rohan/uforea/parsec-3.0/pkgs/kernels/canneal/inst/amd64-linux.gcc/bin/canneal 1 15000 2000 400000.nets 128':
[PARSEC] [---------- Beginning of output ----------]
PARSEC Benchmark Suite Version 3.0-beta-20150206
Threadcount: 1
15000 swaps per temperature step
start temperature: 2000
netlist filename: 400000.nets
number of temperature steps: 128
[PARSEC] Unpacking benchmark input 'simlarge'.
bigben_2662x5500.v
locs created
locs assigned
[PARSEC] Running 'time /home/rohan/uforea/parsec-3.0/pkgs/apps/vips/inst/amd64-linux.gcc/bin/vips im_benchmark bigben_2662x5500.v output.v':
[PARSEC] [---------- Beginning of output ----------]
Num of Options: 65536
Num of Runs: 100
Size of data: 2621440

real	0m0.717s
user	0m0.705s
sys	0m0.012s
[PARSEC] [----------    End of output    ----------]
Just saw element: 100000
[PARSEC] Done.
Just saw element: 200000
Just saw element: 300000
Just saw element: 400000
netlist created. 400000 elements.

real	0m4.199s
user	0m4.221s
sys	0m0.149s
[PARSEC] [----------    End of output    ----------]
[PARSEC] Done.
Final routing is: 6.90232e+08

real	0m5.454s
user	0m5.363s
sys	0m0.088s
[PARSEC] [----------    End of output    ----------]
[PARSEC] Done.
