[PARSEC] [========== PARSEC 3.0-beta-20150206 RUN LOGFILE ==========]


[PARSEC] Run with amd64-linux.gcc binaries and input simlarge started on Sun May 31 14:30:13 EDT 2020.
[PARSEC] [========== Running benchmark parsec.fluidanimate [1] ==========]
[PARSEC] Benchmarks to run:  parsec.fluidanimate

[PARSEC] Deleting old run directory.
[PARSEC] [========== Running benchmark parsec.fluidanimate [1] ==========]
[PARSEC] Setting up run directory.
[PARSEC] Setting up run directory.
[PARSEC] Unpacking benchmark input 'simlarge'.
[PARSEC] Unpacking benchmark input 'simlarge'.
in_300K.fluid
in_300K.fluid
[PARSEC] Running 'time /home/rohan/uforea/parsec-3.0/pkgs/apps/fluidanimate/inst/amd64-linux.gcc/bin/fluidanimate 1 5 in_300K.fluid out.fluid':
[PARSEC] Running 'time /home/rohan/uforea/parsec-3.0/pkgs/apps/fluidanimate/inst/amd64-linux.gcc/bin/fluidanimate 1 5 in_300K.fluid out.fluid':
[PARSEC] [---------- Beginning of output ----------]
[PARSEC] [---------- Beginning of output ----------]
PARSEC Benchmark Suite Version 3.0-beta-20150206
Loading file "in_300K.fluid"...
PARSEC Benchmark Suite Version 3.0-beta-20150206
Loading file "in_300K.fluid"...
Number of cells: 135424
Number of cells: 135424
Grids steps over x, y, z: 0.00282609 0.0028125 0.00282609
Grids steps over x, y, z: 0.00282609 0.0028125 0.00282609
Number of particles: 305809
Number of particles: 305809
Saving file "out.fluid"...
Saving file "out.fluid"...

real	0m2.775s
user	0m1.287s
sys	0m0.104s
[PARSEC] [----------    End of output    ----------]

real	0m2.792s
user	0m1.311s
sys	0m0.084s
[PARSEC] Done.
[PARSEC] [----------    End of output    ----------]
[PARSEC] Done.
transaction number is 990002
1548
13483
46649
131381
415489
1239344
2985564
5696308
8709873
10789491
10902648
9011183
6094236
3374161
1530954
564958
165173
36535
5727
578
33
1
the data preparation cost 0.265041 seconds, the FPgrowth cost 5.273523 seconds

real	0m5.542s
user	0m5.412s
sys	0m0.079s
[PARSEC] [----------    End of output    ----------]
[PARSEC] Done.
