[PARSEC] [========== PARSEC 3.0-beta-20150206 RUN LOGFILE ==========]

[PARSEC] No archive for input 'simlarge' available, skipping input setup.
[PARSEC] Running 'time /home/rohan/uforea/parsec-3.0/pkgs/kernels/streamcluster/inst/amd64-linux.gcc/bin/streamcluster 10 20 128 16384 16384 1000 none output.txt 1':
[PARSEC] Running 'time /home/rohan/uforea/parsec-3.0/pkgs/kernels/streamcluster/inst/amd64-linux.gcc/bin/streamcluster 10 20 128 16384 16384 1000 none output.txt 1':
[PARSEC] Run with amd64-linux.gcc binaries and input simlarge started on Thu May 28 01:40:07 EDT 2020.
[PARSEC] [---------- Beginning of output ----------]
[PARSEC] [---------- Beginning of output ----------]
[PARSEC] Benchmarks to run:  parsec.streamcluster

PARSEC Benchmark Suite Version 3.0-beta-20150206
PARSEC Benchmark Suite Version 3.0-beta-20150206
[PARSEC] [========== Running benchmark parsec.streamcluster [1] ==========]
read 16384 points
read 16384 points
[PARSEC] Deleting old run directory.
[PARSEC] Setting up run directory.
[PARSEC] No archive for input 'simlarge' available, skipping input setup.
[PARSEC] Running 'time /home/rohan/uforea/parsec-3.0/pkgs/kernels/streamcluster/inst/amd64-linux.gcc/bin/streamcluster 10 20 128 16384 16384 1000 none output.txt 1':
[PARSEC] [---------- Beginning of output ----------]
PARSEC Benchmark Suite Version 3.0-beta-20150206
read 16384 points
error opening output.txt

real	0m22.887s
user	0m7.640s
sys	0m0.004s
[PARSEC] [----------    End of output    ----------]
[PARSEC] Done.
error opening output.txt

real	0m22.959s
user	0m7.683s
sys	0m0.000s
[PARSEC] [----------    End of output    ----------]
[PARSEC] Done.

real	0m22.822s
user	0m7.616s
sys	0m0.008s
[PARSEC] [----------    End of output    ----------]
[PARSEC] Done.
