[PARSEC] [========== PARSEC 3.0-beta-20150206 RUN LOGFILE ==========]
====]

[PARSEC] Run with amd64-linux.gcc binaries and input simlarge started on Sun May 3 19:22:34 EDT 2020.
[PARSEC] Benchmarks to run:  parsec.vips
[PARSEC] Deleting old run directory.

[PARSEC] [========== Running benchmark parsec.vips [1] ==========]
[PARSEC] Setting up run directory.
[PARSEC] No archive for input 'simlarge' available, skipping input setup.
[PARSEC] Setting up run directory.
[PARSEC] Deleting old run directory.
[PARSEC] Running 'time /home/rohan/uforea/parsec-3.0/pkgs/kernels/streamcluster/inst/amd64-linux.gcc/bin/streamcluster 10 20 128 16384 16384 1000 none output.txt 1':
[PARSEC] [---------- Beginning of output ----------]
[PARSEC] Unpacking benchmark input 'simlarge'.
[PARSEC] Setting up run directory.
PARSEC Benchmark Suite Version 3.0-beta-20150206
bigben_2662x5500.v
[PARSEC] Unpacking benchmark input 'simlarge'.
bigben_2662x5500.v
read 16384 points
[PARSEC] Running 'time /home/rohan/uforea/parsec-3.0/pkgs/apps/vips/inst/amd64-linux.gcc/bin/vips im_benchmark bigben_2662x5500.v output.v':
[PARSEC] [---------- Beginning of output ----------]
[PARSEC] Running 'time /home/rohan/uforea/parsec-3.0/pkgs/apps/vips/inst/amd64-linux.gcc/bin/vips im_benchmark bigben_2662x5500.v output.v':
[PARSEC] [---------- Beginning of output ----------]

real	0m4.193s
user	0m4.194s
sys	0m0.121s
[PARSEC] [----------    End of output    ----------]
[PARSEC] Done.

real	0m4.492s
user	0m4.270s
sys	0m0.111s
[PARSEC] [----------    End of output    ----------]
[PARSEC] Done.

real	0m6.813s
user	0m6.794s
sys	0m0.016s
[PARSEC] [----------    End of output    ----------]
[PARSEC] Done.
