[PARSEC] [========== PARSEC 3.0-beta-20150206 RUN LOGFILE ==========]

[PARSEC] Run with amd64-linux.gcc binaries and input simlarge started on Mon Feb 17 19:02:29 EST 2020.
[PARSEC] Benchmarks to run:  parsec.fluidanimate

[PARSEC] [========== Running benchmark parsec.fluidanimate [1] ==========]
locs assigned
[PARSEC] Deleting old run directory.
[PARSEC] Setting up run directory.
[PARSEC] Unpacking benchmark input 'simlarge'.
in_300K.fluid
[PARSEC] Running 'time /home/rohan/uforea/parsec-3.0/pkgs/apps/fluidanimate/inst/amd64-linux.gcc/bin/fluidanimate 1 5 in_300K.fluid out.fluid':
[PARSEC] [---------- Beginning of output ----------]
PARSEC Benchmark Suite Version 3.0-beta-20150206
Loading file "in_300K.fluid"...
Number of cells: 135424
Grids steps over x, y, z: 0.00282609 0.0028125 0.00282609
Number of particles: 305809
Just saw element: 100000
Just saw element: 100000
Saving file "out.fluid"...
fluidanimate: pthreads.cpp:396: void SaveFile(const char*): Assertion `file' failed.
Just saw element: 200000
Just saw element: 200000
/home/rohan/uforea/parsec-3.0/bin/parsecmgmt: line 1222: 31417 Aborted                 (core dumped) /home/rohan/uforea/parsec-3.0/pkgs/apps/fluidanimate/inst/amd64-linux.gcc/bin/fluidanimate 1 5 in_300K.fluid out.fluid

real	0m2.598s
user	0m2.214s
sys	0m0.185s
[PARSEC] [----------    End of output    ----------]
[PARSEC] Done.
Just saw element: 300000
Just saw element: 300000
Just saw element: 400000
netlist created. 400000 elements.
Just saw element: 400000
netlist created. 400000 elements.
Final routing is: 6.90232e+08
Final routing is: 6.90232e+08

real	0m10.827s
user	0m10.575s
sys	0m0.208s
[PARSEC] [----------    End of output    ----------]
[PARSEC] Done.

real	0m11.790s
user	0m11.545s
sys	0m0.203s
[PARSEC] [----------    End of output    ----------]
[PARSEC] Done.
