[PARSEC] [========== PARSEC 3.0-beta-20150206 RUN LOGFILE ==========]

[PARSEC] Run with amd64-linux.gcc binaries and input simlarge started on Sat May 30 17:26:24 EDT 2020.
[PARSEC] Unpacking benchmark input 'simlarge'.
[PARSEC] Benchmarks to run:  parsec.blackscholes

in_64K.txt
[PARSEC] [========== Running benchmark parsec.blackscholes [1] ==========]
[PARSEC] Running 'time /home/rohan/uforea/parsec-3.0/pkgs/apps/blackscholes/inst/amd64-linux.gcc/bin/blackscholes 1 in_64K.txt prices.txt':
[PARSEC] [---------- Beginning of output ----------]
[PARSEC] Deleting old run directory.
PARSEC Benchmark Suite Version 3.0-beta-20150206
ERROR: Unable to open file in_64K.txt.

real	0m0.009s
user	0m0.001s
sys	0m0.000s
[PARSEC] [----------    End of output    ----------]
[PARSEC] Setting up run directory.
[PARSEC] Done.
[PARSEC] Unpacking benchmark input 'simlarge'.
in_64K.txt
[PARSEC] Running 'time /home/rohan/uforea/parsec-3.0/pkgs/apps/blackscholes/inst/amd64-linux.gcc/bin/blackscholes 1 in_64K.txt prices.txt':
[PARSEC] [---------- Beginning of output ----------]
PARSEC Benchmark Suite Version 3.0-beta-20150206
Num of Options: 65536
Num of Runs: 100
Size of data: 2621440

real	0m1.139s
user	0m0.535s
sys	0m0.004s
[PARSEC] [----------    End of output    ----------]
[PARSEC] Done.

real	0m9.153s
user	0m5.986s
sys	0m0.003s
[PARSEC] [----------    End of output    ----------]
[PARSEC] Done.
