[PARSEC] [========== PARSEC 3.0-beta-20150206 RUN LOGFILE ==========]
.

[PARSEC] Run with amd64-linux.gcc binaries and input native started on Fri Jun 4 16:42:21 EDT 2021.
[PARSEC] Running 'time /home/rohan/uforea/parsec-3.0/pkgs/kernels/streamcluster/inst/amd64-linux.gcc/bin/streamcluster 10 20 128 1000000 200000 5000 none output.txt 1':
[PARSEC] Benchmarks to run:  parsec.vips
[PARSEC] Run with amd64-linux.gcc binaries and input native started on Fri Jun 4 16:42:21 EDT 2021.
[PARSEC] Unpacking benchmark input 'native'.
[PARSEC] [---------- Beginning of output ----------]
[PARSEC] Benchmarks to run:  parsec.freqmine


PARSEC Benchmark Suite Version 3.0-beta-20150206
[PARSEC] [========== Running benchmark parsec.vips [1] ==========]
in_500K.fluid
[PARSEC] [========== Running benchmark parsec.freqmine [1] ==========]
[PARSEC] Deleting old run directory.
[PARSEC] Deleting old run directory.
[PARSEC] Running 'time /home/rohan/uforea/parsec-3.0/pkgs/apps/fluidanimate/inst/amd64-linux.gcc/bin/fluidanimate 1 500 in_500K.fluid out.fluid':
[PARSEC] [---------- Beginning of output ----------]
PARSEC Benchmark Suite Version 3.0-beta-20150206
Loading file "in_500K.fluid"...
[PARSEC] Setting up run directory.
[PARSEC] Unpacking benchmark input 'native'.
webdocs_250k.dat
Number of cells: 229900
Grids steps over x, y, z: 0.00236364 0.00236842 0.00236364
[PARSEC] Setting up run directory.
[PARSEC] Unpacking benchmark input 'native'.
in_10M.txt
read 200000 points
[PARSEC] Running 'time /home/rohan/uforea/parsec-3.0/pkgs/apps/freqmine/inst/amd64-linux.gcc/bin/freqmine webdocs_250k.dat 11000':
[PARSEC] [---------- Beginning of output ----------]
PARSEC Benchmark Suite Version 3.0-beta-20150206
[PARSEC] Setting up run directory.
[PARSEC] Unpacking benchmark input 'native'.
orion_18000x18000.v
Number of particles: 501642
[PARSEC] Running 'time /home/rohan/uforea/parsec-3.0/pkgs/apps/blackscholes/inst/amd64-linux.gcc/bin/blackscholes 1 in_10M.txt prices.txt':
[PARSEC] [---------- Beginning of output ----------]
PARSEC Benchmark Suite Version 3.0-beta-20150206
[PARSEC] Running 'time /home/rohan/uforea/parsec-3.0/pkgs/apps/vips/inst/amd64-linux.gcc/bin/vips im_benchmark orion_18000x18000.v output.v':
[PARSEC] [---------- Beginning of output ----------]
Num of Options: 10000000
Num of Runs: 100
Size of data: 400000000
ERROR: Unable to open file prices.txt.

real	1m39.782s
user	1m39.351s
sys	0m0.404s
[PARSEC] [----------    End of output    ----------]
[PARSEC] Done.

real	1m53.898s
user	1m54.838s
sys	0m1.773s
[PARSEC] [----------    End of output    ----------]
[PARSEC] Done.
read 200000 points
