[PARSEC] [========== PARSEC 3.0-beta-20150206 RUN LOGFILE ==========]

[PARSEC] Run with amd64-linux.gcc binaries and input simlarge started on Sun May 3 16:07:29 EDT 2020.
[PARSEC] Benchmarks to run:  parsec.streamcluster

[PARSEC] [========== Running benchmark parsec.streamcluster [1] ==========]
Num of Options: 65536
Num of Runs: 100
Size of data: 2621440

real	0m0.709s
user	0m0.705s
sys	0m0.004s
[PARSEC] Deleting old run directory.
[PARSEC] [----------    End of output    ----------]
[PARSEC] Done.
[PARSEC] Setting up run directory.
[PARSEC] No archive for input 'simlarge' available, skipping input setup.
[PARSEC] Running 'time /home/rohan/uforea/parsec-3.0/pkgs/kernels/streamcluster/inst/amd64-linux.gcc/bin/streamcluster 10 20 128 16384 16384 1000 none output.txt 1':
[PARSEC] [---------- Beginning of output ----------]
PARSEC Benchmark Suite Version 3.0-beta-20150206
Number of particles: 305809
read 16384 points
Saving file "out.fluid"...

real	0m1.596s
user	0m1.441s
sys	0m0.152s
[PARSEC] [----------    End of output    ----------]
[PARSEC] Done.

real	0m7.109s
user	0m7.090s
sys	0m0.016s
[PARSEC] [----------    End of output    ----------]
[PARSEC] Done.
