[PARSEC] [========== PARSEC 3.0-beta-20150206 RUN LOGFILE ==========]
[PARSEC] Benchmarks to run:  parsec.streamcluster

[PARSEC] Run with amd64-linux.gcc binaries and input simlarge started on Sat May 2 22:26:54 EDT 2020.
[PARSEC] Deleting old run directory.

[PARSEC] Benchmarks to run:  parsec.canneal
[PARSEC] [========== Running benchmark parsec.streamcluster [1] ==========]

[PARSEC] Deleting old run directory.
[PARSEC] [========== Running benchmark parsec.canneal [1] ==========]
[PARSEC] Setting up run directory.
[PARSEC] Setting up run directory.
[PARSEC] Setting up run directory.
[PARSEC] Unpacking benchmark input 'simlarge'.
[PARSEC] No archive for input 'simlarge' available, skipping input setup.
[PARSEC] Unpacking benchmark input 'simlarge'.
[PARSEC] Running 'time /home/rohan/uforea/parsec-3.0/pkgs/kernels/streamcluster/inst/amd64-linux.gcc/bin/streamcluster 10 20 128 16384 16384 1000 none output.txt 1':
[PARSEC] [---------- Beginning of output ----------]
400000.nets
400000.nets
PARSEC Benchmark Suite Version 3.0-beta-20150206
[PARSEC] Running 'time /home/rohan/uforea/parsec-3.0/pkgs/kernels/canneal/inst/amd64-linux.gcc/bin/canneal 1 15000 2000 400000.nets 128':
[PARSEC] Running 'time /home/rohan/uforea/parsec-3.0/pkgs/kernels/canneal/inst/amd64-linux.gcc/bin/canneal 1 15000 2000 400000.nets 128':
[PARSEC] [---------- Beginning of output ----------]
read 16384 points
[PARSEC] [---------- Beginning of output ----------]
PARSEC Benchmark Suite Version 3.0-beta-20150206
Threadcount: 1
15000 swaps per temperature step
start temperature: 2000
netlist filename: 400000.nets
number of temperature steps: 128
PARSEC Benchmark Suite Version 3.0-beta-20150206
Threadcount: 1
15000 swaps per temperature step
start temperature: 2000
netlist filename: 400000.nets
number of temperature steps: 128
locs created
locs created
locs assigned
locs assigned
Just saw element: 100000
Just saw element: 100000
Just saw element: 200000
Just saw element: 200000
Just saw element: 300000
Just saw element: 300000
Just saw element: 400000
netlist created. 400000 elements.
Just saw element: 400000
netlist created. 400000 elements.
Final routing is: 6.90232e+08
Final routing is: 6.90232e+08

real	0m6.054s
user	0m5.991s
sys	0m0.061s
[PARSEC] [----------    End of output    ----------]
[PARSEC] Done.

real	0m6.092s
user	0m6.020s
sys	0m0.068s
[PARSEC] [----------    End of output    ----------]
[PARSEC] Done.

real	0m6.853s
user	0m6.850s
sys	0m0.000s
[PARSEC] [----------    End of output    ----------]
[PARSEC] Done.
