[PARSEC] [========== PARSEC 3.0-beta-20150206 RUN LOGFILE ==========]

[PARSEC] Setting up run directory.
[PARSEC] Setting up run directory.
[PARSEC] Run with amd64-linux.gcc binaries and input simlarge started on Sat May 30 17:47:48 EDT 2020.
[PARSEC] Unpacking benchmark input 'simlarge'.
[PARSEC] Benchmarks to run:  parsec.streamcluster
[PARSEC] Unpacking benchmark input 'simlarge'.

400000.nets
[PARSEC] [========== Running benchmark parsec.streamcluster [1] ==========]
kosarak_990k.dat
[PARSEC] Deleting old run directory.
[PARSEC] Running 'time /home/rohan/uforea/parsec-3.0/pkgs/kernels/canneal/inst/amd64-linux.gcc/bin/canneal 1 15000 2000 400000.nets 128':
[PARSEC] [---------- Beginning of output ----------]
[PARSEC] Setting up run directory.
PARSEC Benchmark Suite Version 3.0-beta-20150206
Threadcount: 1
15000 swaps per temperature step
start temperature: 2000
netlist filename: 400000.nets
number of temperature steps: 128
[PARSEC] No archive for input 'simlarge' available, skipping input setup.
[PARSEC] Running 'time /home/rohan/uforea/parsec-3.0/pkgs/apps/freqmine/inst/amd64-linux.gcc/bin/freqmine kosarak_990k.dat 790':
[PARSEC] [---------- Beginning of output ----------]
[PARSEC] Running 'time /home/rohan/uforea/parsec-3.0/pkgs/kernels/streamcluster/inst/amd64-linux.gcc/bin/streamcluster 10 20 128 16384 16384 1000 none output.txt 1':
[PARSEC] [---------- Beginning of output ----------]
locs created
PARSEC Benchmark Suite Version 3.0-beta-20150206
PARSEC Benchmark Suite Version 3.0-beta-20150206
locs assigned
read 16384 points
Just saw element: 100000
Just saw element: 200000
transaction number is 990002
1548
13483
46649
131381
415489
1239344
2985564
5696308
8709873
10789491
10902648
9011183
6094236
3374161
1530954
564958
165173
36535
5727
578
33
1
the data preparation cost 0.851024 seconds, the FPgrowth cost 5.540381 seconds

real	0m6.401s
user	0m5.654s
sys	0m0.103s
[PARSEC] [----------    End of output    ----------]
[PARSEC] Done.
Just saw element: 300000
Just saw element: 400000
netlist created. 400000 elements.
Final routing is: 6.90232e+08

real	0m15.963s
user	0m5.811s
sys	0m0.154s
[PARSEC] [----------    End of output    ----------]
[PARSEC] Done.

real	0m16.812s
user	0m6.724s
sys	0m0.035s
[PARSEC] [----------    End of output    ----------]
[PARSEC] Done.
