[PARSEC] [========== PARSEC 3.0-beta-20150206 RUN LOGFILE ==========]

[PARSEC] Run with amd64-linux.gcc binaries and input simlarge started on Sat May 30 17:52:24 EDT 2020.
[PARSEC] Run with amd64-linux.gcc binaries and input simlarge started on Sat May 30 17:52:24 EDT 2020.
[PARSEC] Run with amd64-linux.gcc binaries and input simlarge started on Sat May 30 17:52:24 EDT 2020.
[PARSEC] Benchmarks to run:  parsec.freqmine
[PARSEC] Benchmarks to run:  parsec.streamcluster
[PARSEC] Benchmarks to run:  parsec.freqmine



[PARSEC] [========== Running benchmark parsec.freqmine [1] ==========]
[PARSEC] [========== Running benchmark parsec.streamcluster [1] ==========]
[PARSEC] [========== Running benchmark parsec.freqmine [1] ==========]
[PARSEC] Deleting old run directory.
[PARSEC] Deleting old run directory.
[PARSEC] Deleting old run directory.
[PARSEC] Setting up run directory.
[PARSEC] Setting up run directory.
[PARSEC] Setting up run directory.
[PARSEC] No archive for input 'simlarge' available, skipping input setup.
[PARSEC] Unpacking benchmark input 'simlarge'.
[PARSEC] Unpacking benchmark input 'simlarge'.
[PARSEC] Running 'time /home/rohan/uforea/parsec-3.0/pkgs/kernels/streamcluster/inst/amd64-linux.gcc/bin/streamcluster 10 20 128 16384 16384 1000 none output.txt 1':
[PARSEC] [---------- Beginning of output ----------]
kosarak_990k.dat
kosarak_990k.dat
PARSEC Benchmark Suite Version 3.0-beta-20150206
read 16384 points
[PARSEC] Running 'time /home/rohan/uforea/parsec-3.0/pkgs/apps/freqmine/inst/amd64-linux.gcc/bin/freqmine kosarak_990k.dat 790':
[PARSEC] Running 'time /home/rohan/uforea/parsec-3.0/pkgs/apps/freqmine/inst/amd64-linux.gcc/bin/freqmine kosarak_990k.dat 790':
[PARSEC] [---------- Beginning of output ----------]
[PARSEC] [---------- Beginning of output ----------]
PARSEC Benchmark Suite Version 3.0-beta-20150206
PARSEC Benchmark Suite Version 3.0-beta-20150206

real	0m7.989s
user	0m6.262s
sys	0m0.000s
[PARSEC] [----------    End of output    ----------]
[PARSEC] Done.
transaction number is 990002
1548
13483
46649
131381
415489
1239344
2985564
5696308
8709873
10789491
10902648
9011183
6094236
3374161
1530954
564958
165173
36535
5727
578
33
1
the data preparation cost 0.845648 seconds, the FPgrowth cost 11.367986 seconds

real	0m12.226s
user	0m5.749s
sys	0m0.164s
transaction number is 990002
1548
13483
46649
131381
415489
1239344
2985564
5696308
8709873
10789491
10902648
9011183
6094236
3374161
1530954
564958
165173
36535
5727
578
33
1
the data preparation cost 0.859197 seconds, the FPgrowth cost 11.342721 seconds

real	0m12.225s
user	0m5.770s
sys	0m0.128s
[PARSEC] [----------    End of output    ----------]
[PARSEC] [----------    End of output    ----------]
[PARSEC] Done.
[PARSEC] Done.
