[PARSEC] [========== PARSEC 3.0-beta-20150206 RUN LOGFILE ==========]

[PARSEC] Run with amd64-linux.gcc binaries and input simlarge started on Sat May 30 14:08:08 EDT 2020.
[PARSEC] Run with amd64-linux.gcc binaries and input simlarge started on Sat May 30 14:08:08 EDT 2020.
[PARSEC] Benchmarks to run:  parsec.fluidanimate
[PARSEC] Run with amd64-linux.gcc binaries and input simlarge started on Sat May 30 14:08:08 EDT 2020.

[PARSEC] Benchmarks to run:  parsec.freqmine
[PARSEC] Benchmarks to run:  parsec.fluidanimate
[PARSEC] [========== Running benchmark parsec.fluidanimate [1] ==========]


[PARSEC] [========== Running benchmark parsec.freqmine [1] ==========]
[PARSEC] [========== Running benchmark parsec.fluidanimate [1] ==========]
[PARSEC] Deleting old run directory.
[PARSEC] Deleting old run directory.
[PARSEC] Deleting old run directory.
[PARSEC] Setting up run directory.
[PARSEC] Setting up run directory.
[PARSEC] Unpacking benchmark input 'simlarge'.
[PARSEC] Setting up run directory.
[PARSEC] Unpacking benchmark input 'simlarge'.
[PARSEC] Unpacking benchmark input 'simlarge'.
in_300K.fluid
[PARSEC] Running 'time /home/rohan/uforea/parsec-3.0/pkgs/apps/fluidanimate/inst/amd64-linux.gcc/bin/fluidanimate 1 5 in_300K.fluid out.fluid':
in_300K.fluid
kosarak_990k.dat
[PARSEC] [---------- Beginning of output ----------]
[PARSEC] Running 'time /home/rohan/uforea/parsec-3.0/pkgs/apps/fluidanimate/inst/amd64-linux.gcc/bin/fluidanimate 1 5 in_300K.fluid out.fluid':
PARSEC Benchmark Suite Version 3.0-beta-20150206
Loading file "in_300K.fluid"...
[PARSEC] [---------- Beginning of output ----------]
PARSEC Benchmark Suite Version 3.0-beta-20150206
Loading file "in_300K.fluid"...
[PARSEC] Running 'time /home/rohan/uforea/parsec-3.0/pkgs/apps/freqmine/inst/amd64-linux.gcc/bin/freqmine kosarak_990k.dat 790':
Number of cells: 135424
[PARSEC] [---------- Beginning of output ----------]
Grids steps over x, y, z: 0.00282609 0.0028125 0.00282609
Number of cells: 135424
PARSEC Benchmark Suite Version 3.0-beta-20150206
Grids steps over x, y, z: 0.00282609 0.0028125 0.00282609
Number of particles: 305809
Number of particles: 305809
Saving file "out.fluid"...
Saving file "out.fluid"...

real	0m4.204s
user	0m1.321s
sys	0m0.115s
[PARSEC] [----------    End of output    ----------]

real	0m4.178s
user	0m1.356s
sys	0m0.080s
[PARSEC] Done.
[PARSEC] [----------    End of output    ----------]
[PARSEC] Done.
transaction number is 990002
1548
13483
46649
131381
415489
1239344
2985564
5696308
8709873
10789491
10902648
9011183
6094236
3374161
1530954
564958
165173
36535
5727
578
33
1
the data preparation cost 1.003922 seconds, the FPgrowth cost 5.186545 seconds

real	0m6.213s
user	0m5.366s
sys	0m0.080s
[PARSEC] [----------    End of output    ----------]
[PARSEC] Done.
