[PARSEC] [========== PARSEC 3.0-beta-20150206 RUN LOGFILE ==========]

[PARSEC] No archive for input 'simlarge' available, skipping input setup.
[PARSEC] Run with amd64-linux.gcc binaries and input simlarge started on Wed May 27 13:06:07 EDT 2020.
[PARSEC] Run with amd64-linux.gcc binaries and input simlarge started on Wed May 27 13:06:07 EDT 2020.
[PARSEC] Benchmarks to run:  parsec.blackscholes
[PARSEC] Running 'time /home/rohan/uforea/parsec-3.0/pkgs/kernels/streamcluster/inst/amd64-linux.gcc/bin/streamcluster 10 20 128 16384 16384 1000 none output.txt 1':
[PARSEC] Benchmarks to run:  parsec.vips
[PARSEC] [---------- Beginning of output ----------]


[PARSEC] [========== Running benchmark parsec.vips [1] ==========]
PARSEC Benchmark Suite Version 3.0-beta-20150206
[PARSEC] [========== Running benchmark parsec.blackscholes [1] ==========]
[PARSEC] Deleting old run directory.
[PARSEC] Deleting old run directory.
[PARSEC] Setting up run directory.
[PARSEC] Setting up run directory.
[PARSEC] Unpacking benchmark input 'simlarge'.
[PARSEC] Unpacking benchmark input 'simlarge'.
bigben_2662x5500.v
in_64K.txt
read 16384 points
[PARSEC] Running 'time /home/rohan/uforea/parsec-3.0/pkgs/apps/blackscholes/inst/amd64-linux.gcc/bin/blackscholes 1 in_64K.txt prices.txt':
[PARSEC] [---------- Beginning of output ----------]
PARSEC Benchmark Suite Version 3.0-beta-20150206
[PARSEC] Running 'time /home/rohan/uforea/parsec-3.0/pkgs/apps/vips/inst/amd64-linux.gcc/bin/vips im_benchmark bigben_2662x5500.v output.v':
[PARSEC] [---------- Beginning of output ----------]
Num of Options: 65536
Num of Runs: 100
Size of data: 2621440

real	0m0.716s
user	0m0.700s
sys	0m0.016s
[PARSEC] [----------    End of output    ----------]
[PARSEC] Done.

real	0m4.174s
user	0m4.225s
sys	0m0.134s
[PARSEC] [----------    End of output    ----------]
[PARSEC] Done.

real	0m6.945s
user	0m6.939s
sys	0m0.004s
[PARSEC] [----------    End of output    ----------]
[PARSEC] Done.
