[PARSEC] [========== PARSEC 3.0-beta-20150206 RUN LOGFILE ==========]

kosarak_990k.dat
[PARSEC] Run with amd64-linux.gcc binaries and input simlarge started on Tue May 26 22:43:16 EDT 2020.
[PARSEC] Benchmarks to run:  parsec.streamcluster

[PARSEC] [========== Running benchmark parsec.streamcluster [1] ==========]
[PARSEC] Deleting old run directory.
[PARSEC] Setting up run directory.
[PARSEC] No archive for input 'simlarge' available, skipping input setup.
[PARSEC] Running 'time /home/rohan/uforea/parsec-3.0/pkgs/kernels/streamcluster/inst/amd64-linux.gcc/bin/streamcluster 10 20 128 16384 16384 1000 none output.txt 1':
[PARSEC] [---------- Beginning of output ----------]
PARSEC Benchmark Suite Version 3.0-beta-20150206
[PARSEC] Running 'time /home/rohan/uforea/parsec-3.0/pkgs/apps/freqmine/inst/amd64-linux.gcc/bin/freqmine kosarak_990k.dat 790':
[PARSEC] [---------- Beginning of output ----------]
PARSEC Benchmark Suite Version 3.0-beta-20150206
read 16384 points
transaction number is 990002
1548
13483
46649
131381
415489
1239344
2985564
5696308
8709873
10789491
10902648
9011183
6094236
3374161
1530954
564958
165173
36535
5727
578
33
1
the data preparation cost 0.329243 seconds, the FPgrowth cost 5.560432 seconds

real	0m5.893s
user	0m5.814s
sys	0m0.077s
[PARSEC] [----------    End of output    ----------]
[PARSEC] Done.

real	0m7.816s
user	0m7.809s
sys	0m0.004s
[PARSEC] [----------    End of output    ----------]
[PARSEC] Done.
error opening output.txt

real	0m8.040s
user	0m8.032s
sys	0m0.005s
[PARSEC] [----------    End of output    ----------]
[PARSEC] Done.
