[PARSEC] [========== PARSEC 3.0-beta-20150206 RUN LOGFILE ==========]

[PARSEC] Run with amd64-linux.gcc binaries and input simlarge started on Sat May 2 22:54:42 EDT 2020.
[PARSEC] Benchmarks to run:  parsec.vips

[PARSEC] [========== Running benchmark parsec.vips [1] ==========]
[PARSEC] Deleting old run directory.
[PARSEC] Setting up run directory.
[PARSEC] Unpacking benchmark input 'simlarge'.
bigben_2662x5500.v
[PARSEC] Running 'time /home/rohan/uforea/parsec-3.0/pkgs/apps/vips/inst/amd64-linux.gcc/bin/vips im_benchmark bigben_2662x5500.v output.v':
[PARSEC] [---------- Beginning of output ----------]

real	0m4.241s
user	0m4.314s
sys	0m0.201s
[PARSEC] [----------    End of output    ----------]
[PARSEC] Done.

real	0m4.149s
user	0m4.230s
sys	0m0.185s
[PARSEC] [----------    End of output    ----------]
[PARSEC] Done.

real	0m6.898s
user	0m6.883s
sys	0m0.012s
[PARSEC] [----------    End of output    ----------]
[PARSEC] Done.
